2024-09-22 23:01:09,133 [INFO] Activator:176 - 


2024-09-22 23:01:09,141 [INFO] Activator:177 - !SESSION log4j initialized
2024-09-22 23:01:16,930 [INFO] LogOutputStream:77 - [STDOUT_REDIRECT] 
2024-09-22 23:01:20,516 [INFO] ApplicationProperties:184 - Using Application install path: C:\ST\STM32CubeIDE_1.14.1\STM32CubeIDE\plugins\com.st.stm32cube.common.mx_6.10.0.202311202037
2024-09-22 23:01:20,545 [INFO] DbMcusXml:78 - Set database path to: C:\ST\STM32CubeIDE_1.14.1\STM32CubeIDE\plugins\com.st.stm32cube.common.mx_6.10.0.202311202037\\db\/mcu/
2024-09-22 23:01:20,546 [INFO] ApiDb:274 - Set plugin database path to: C:\ST\STM32CubeIDE_1.14.1\STM32CubeIDE\plugins\com.st.stm32cube.common.mx_6.10.0.202311202037\\db\/plugins/boardmanager/
2024-09-22 23:01:20,547 [WARN] ApiDb:259 - Overriding images path with different value:  => C:\ST\STM32CubeIDE_1.14.1\STM32CubeIDE\plugins\com.st.stm32cube.common.mx_6.10.0.202311202037\\db\/plugins/mcufinder/images/
2024-09-22 23:01:20,559 [INFO] ApiDb:250 - Set database path to: C:\Users\ImadF\.stmcufinder\plugins\mcufinder//mcu/
2024-09-22 23:01:20,561 [INFO] DbMcusAds:125 - Set database path to: C:\Users\ImadF\.stmcufinder\plugins\mcufinder//mcu/
2024-09-22 23:01:20,564 [INFO] CrossReferenceDbSqlite:203 - Set database path to: C:\Users\ImadF\.stmcufinder\plugins\mcufinder//mcu/cs/
2024-09-22 23:01:20,763 [INFO] RulesReader:64 - Compatibility file has been processed (297 Rules)
2024-09-22 23:01:20,905 [INFO] DbMcusXml:78 - Set database path to: C:\ST\STM32CubeIDE_1.14.1\STM32CubeIDE\plugins\com.st.stm32cube.common.mx_6.10.0.202311202037\\db\/mcu/
2024-09-22 23:01:20,905 [INFO] ApiDb:274 - Set plugin database path to: C:\ST\STM32CubeIDE_1.14.1\STM32CubeIDE\plugins\com.st.stm32cube.common.mx_6.10.0.202311202037\\db\/plugins/boardmanager/
2024-09-22 23:01:20,905 [INFO] ApiDb:261 - Set plugin images path to: C:\ST\STM32CubeIDE_1.14.1\STM32CubeIDE\plugins\com.st.stm32cube.common.mx_6.10.0.202311202037\\db\/plugins/mcufinder/images/
2024-09-22 23:01:20,906 [WARN] DbFile:41 - Overriding database path with different value: C:\Users\ImadF\.stmcufinder\plugins\mcufinder/ => C:\Users\ImadF\.stmcufinder\plugins\mcufinder
2024-09-22 23:01:20,906 [INFO] ApiDb:250 - Set database path to: C:\Users\ImadF\.stmcufinder\plugins\mcufinder//mcu/
2024-09-22 23:01:20,906 [WARN] DbFile:41 - Overriding database path with different value: C:\Users\ImadF\.stmcufinder\plugins\mcufinder/ => C:\Users\ImadF\.stmcufinder\plugins\mcufinder
2024-09-22 23:01:20,906 [INFO] DbMcusAds:125 - Set database path to: C:\Users\ImadF\.stmcufinder\plugins\mcufinder//mcu/
2024-09-22 23:01:20,906 [WARN] DbFile:41 - Overriding database path with different value: C:\Users\ImadF\.stmcufinder\plugins\mcufinder/ => C:\Users\ImadF\.stmcufinder\plugins\mcufinder
2024-09-22 23:01:20,906 [WARN] DbFile:41 - Overriding database path with different value: C:\Users\ImadF\.stmcufinder\plugins\mcufinder/ => C:\Users\ImadF\.stmcufinder\plugins\mcufinder
2024-09-22 23:01:20,907 [INFO] CrossReferenceDbSqlite:203 - Set database path to: C:\Users\ImadF\.stmcufinder\plugins\mcufinder//mcu/cs/
2024-09-22 23:01:21,041 [INFO] MainPanel:264 - HeapMemory: 268435456
2024-09-22 23:01:21,274 [INFO] DbMcusXml:78 - Set database path to: C:\ST\STM32CubeIDE_1.14.1\STM32CubeIDE\plugins\com.st.stm32cube.common.mx_6.10.0.202311202037\\db\/mcu/
2024-09-22 23:01:21,274 [INFO] ApiDb:274 - Set plugin database path to: C:\ST\STM32CubeIDE_1.14.1\STM32CubeIDE\plugins\com.st.stm32cube.common.mx_6.10.0.202311202037\\db\/plugins/boardmanager/
2024-09-22 23:01:21,275 [INFO] ApiDb:261 - Set plugin images path to: C:\ST\STM32CubeIDE_1.14.1\STM32CubeIDE\plugins\com.st.stm32cube.common.mx_6.10.0.202311202037\\db\/plugins/mcufinder/images/
2024-09-22 23:01:21,275 [WARN] DbFile:41 - Overriding database path with different value: C:\Users\ImadF\.stmcufinder\plugins\mcufinder/ => C:\Users\ImadF\.stmcufinder\plugins\mcufinder
2024-09-22 23:01:21,275 [INFO] ApiDb:250 - Set database path to: C:\Users\ImadF\.stmcufinder\plugins\mcufinder//mcu/
2024-09-22 23:01:21,275 [WARN] DbFile:41 - Overriding database path with different value: C:\Users\ImadF\.stmcufinder\plugins\mcufinder/ => C:\Users\ImadF\.stmcufinder\plugins\mcufinder
2024-09-22 23:01:21,276 [INFO] DbMcusAds:125 - Set database path to: C:\Users\ImadF\.stmcufinder\plugins\mcufinder//mcu/
2024-09-22 23:01:21,276 [WARN] DbFile:41 - Overriding database path with different value: C:\Users\ImadF\.stmcufinder\plugins\mcufinder/ => C:\Users\ImadF\.stmcufinder\plugins\mcufinder
2024-09-22 23:01:21,276 [WARN] DbFile:41 - Overriding database path with different value: C:\Users\ImadF\.stmcufinder\plugins\mcufinder/ => C:\Users\ImadF\.stmcufinder\plugins\mcufinder
2024-09-22 23:01:21,276 [INFO] CrossReferenceDbSqlite:203 - Set database path to: C:\Users\ImadF\.stmcufinder\plugins\mcufinder//mcu/cs/
2024-09-22 23:01:21,317 [INFO] ApplicationProperties:184 - Using Application install path: C:\ST\STM32CubeIDE_1.14.1\STM32CubeIDE\plugins\com.st.stm32cube.common.mx_6.10.0.202311202037
2024-09-22 23:01:21,320 [INFO] PluginManage:196 - Search for loadable plugins [exclusion list=, ]
2024-09-22 23:01:21,323 [INFO] PluginManage:310 - Check plugin analytics
2024-09-22 23:01:21,736 [INFO] AnalyticsPlugin:253 - Accepted Software Licenses: 
2024-09-22 23:01:21,736 [INFO] AnalyticsPlugin:255 - Accepted CMSIS Pack Licenses: 
2024-09-22 23:01:21,737 [INFO] AnalyticsPlugin:257 - Accepted Firmware Licenses: FW.F4.1.28.0
2024-09-22 23:01:21,740 [INFO] PluginManage:359 - Loaded plugin analytics (category:tool,tabindex:-1)
2024-09-22 23:01:21,741 [INFO] PluginManage:310 - Check plugin cadmodel
2024-09-22 23:01:21,767 [INFO] CADModel:105 - Init CAD model plugin
2024-09-22 23:01:21,767 [INFO] PluginManage:359 - Loaded plugin cadmodel (category:power,tabindex:5)
2024-09-22 23:01:21,768 [INFO] PluginManage:310 - Check plugin clock
2024-09-22 23:01:21,806 [INFO] PluginManage:359 - Loaded plugin clock (category:base,tabindex:2)
2024-09-22 23:01:21,807 [INFO] PluginManage:310 - Check plugin ddr
2024-09-22 23:01:21,809 [INFO] PluginManage:359 - Loaded plugin ddr (category:tool,tabindex:6)
2024-09-22 23:01:21,811 [INFO] PluginManage:310 - Check plugin filemanager
2024-09-22 23:01:22,115 [INFO] PluginManage:359 - Loaded plugin filemanager (category:base,tabindex:10)
2024-09-22 23:01:22,115 [INFO] PluginManage:310 - Check plugin ipmanager
2024-09-22 23:01:22,129 [INFO] PluginManage:359 - Loaded plugin ipmanager (category:base,tabindex:5)
2024-09-22 23:01:22,129 [INFO] PluginManage:310 - Check plugin lpbam
2024-09-22 23:01:22,155 [INFO] PluginManage:359 - Loaded plugin lpbam (category:base,tabindex:0)
2024-09-22 23:01:22,156 [INFO] PluginManage:310 - Check plugin memorymap
2024-09-22 23:01:22,200 [INFO] PluginManage:359 - Loaded plugin memorymap (category:base,tabindex:4)
2024-09-22 23:01:22,200 [INFO] PluginManage:310 - Check plugin pinoutandconfiguration
2024-09-22 23:01:22,232 [INFO] PluginManage:359 - Loaded plugin pinoutandconfiguration (category:base,tabindex:1)
2024-09-22 23:01:22,233 [INFO] PluginManage:310 - Check plugin pinoutconfig
2024-09-22 23:01:22,402 [WARN] SupportedApi:132 - Cannot load RTOS API schema: s4s-elt-must-match.1: The content of 'definitions' must match (annotation?, (simpleType | complexType)?, (unique | key | keyref)*)). A problem was found starting at: attribute.
2024-09-22 23:01:22,635 [INFO] PluginManage:359 - Loaded plugin pinoutconfig (category:base,tabindex:0)
2024-09-22 23:01:22,635 [INFO] PluginManage:310 - Check plugin power
2024-09-22 23:01:22,666 [INFO] PluginManage:359 - Loaded plugin power (category:power,tabindex:4)
2024-09-22 23:01:22,666 [INFO] PluginManage:310 - Check plugin projectmanager
2024-09-22 23:01:22,688 [INFO] PluginManage:359 - Loaded plugin projectmanager (category:projectmanager,tabindex:3)
2024-09-22 23:01:22,689 [INFO] PluginManage:310 - Check plugin thirdparty
2024-09-22 23:01:23,456 [INFO] PluginManage:359 - Loaded plugin thirdparty (category:base,tabindex:-1)
2024-09-22 23:01:23,456 [WARN] IntegrityCheckThread:84 - waiting for thirdparty lock release [integrity check]
2024-09-22 23:01:23,456 [INFO] PluginManage:310 - Check plugin tools
2024-09-22 23:01:23,457 [INFO] IntegrityCheckThread:86 - entering critical section [integrity check]
2024-09-22 23:01:23,457 [INFO] ThirdPartyUpdaterWithRetryManager:70 - Updater plugin not ready yet. [1/15]
2024-09-22 23:01:23,547 [INFO] PluginManage:359 - Loaded plugin tools (category:base,tabindex:7)
2024-09-22 23:01:23,547 [INFO] PluginManage:310 - Check plugin tutovideos
2024-09-22 23:01:24,028 [INFO] PluginManage:359 - Loaded plugin tutovideos (category:base,tabindex:-1)
2024-09-22 23:01:24,029 [INFO] PluginManage:310 - Check plugin updater
2024-09-22 23:01:24,048 [INFO] PluginManage:359 - Loaded plugin updater (category:base,tabindex:12)
2024-09-22 23:01:24,048 [INFO] PluginManage:310 - Check plugin userauth
2024-09-22 23:01:24,071 [INFO] UserAuth:114 - Init User Auth plugin
2024-09-22 23:01:24,072 [INFO] PluginManage:359 - Loaded plugin userauth (category:base,tabindex:14)
2024-09-22 23:01:24,073 [INFO] PluginManage:283 - PluginManage : Loaded plugins [17]
2024-09-22 23:01:24,553 [INFO] PinOutPanel:1499 - setPackage(No Configuration,No Configuration)
2024-09-22 23:01:24,690 [INFO] CADModel:165 - CPN selected for project level
2024-09-22 23:01:24,691 [INFO] CADModel:114 - Register for checkConnection events
2024-09-22 23:01:24,823 [INFO] IPUIPlugin:80 - create IPUIPlugin
2024-09-22 23:01:24,824 [INFO] PluginManager:220 - loadIPPluginJar : add adc
2024-09-22 23:01:24,914 [INFO] IPUIPlugin:80 - create IPUIPlugin
2024-09-22 23:01:24,914 [INFO] PluginManager:220 - loadIPPluginJar : add aes
2024-09-22 23:01:25,032 [INFO] IPUIPlugin:80 - create IPUIPlugin
2024-09-22 23:01:25,033 [INFO] PluginManager:220 - loadIPPluginJar : add can
2024-09-22 23:01:25,093 [INFO] IPUIPlugin:80 - create IPUIPlugin
2024-09-22 23:01:25,094 [INFO] PluginManager:220 - loadIPPluginJar : add comp
2024-09-22 23:01:25,204 [INFO] IPUIPlugin:80 - create IPUIPlugin
2024-09-22 23:01:25,204 [INFO] PluginManager:220 - loadIPPluginJar : add cryp
2024-09-22 23:01:25,285 [INFO] IPUIPlugin:80 - create IPUIPlugin
2024-09-22 23:01:25,286 [INFO] PluginManager:220 - loadIPPluginJar : add dfsdm
2024-09-22 23:01:25,320 [INFO] IPUIPlugin:80 - create IPUIPlugin
2024-09-22 23:01:25,321 [INFO] PluginManager:220 - loadIPPluginJar : add dma
2024-09-22 23:01:25,407 [INFO] IPUIPlugin:80 - create IPUIPlugin
2024-09-22 23:01:25,407 [INFO] PluginManager:220 - loadIPPluginJar : add dma3
2024-09-22 23:01:25,443 [INFO] IPUIPlugin:80 - create IPUIPlugin
2024-09-22 23:01:25,443 [INFO] PluginManager:220 - loadIPPluginJar : add fatfs
2024-09-22 23:01:25,527 [INFO] IPUIPlugin:80 - create IPUIPlugin
2024-09-22 23:01:25,528 [INFO] PluginManager:220 - loadIPPluginJar : add fmc
2024-09-22 23:01:25,555 [INFO] IPUIPlugin:80 - create IPUIPlugin
2024-09-22 23:01:25,556 [INFO] PluginManager:220 - loadIPPluginJar : add freertos
2024-09-22 23:01:25,592 [INFO] IPUIPlugin:80 - create IPUIPlugin
2024-09-22 23:01:25,594 [INFO] PluginManager:220 - loadIPPluginJar : add genericplugin
2024-09-22 23:01:25,889 [INFO] IPUIPlugin:80 - create IPUIPlugin
2024-09-22 23:01:25,889 [INFO] PluginManager:220 - loadIPPluginJar : add gfxmmu
2024-09-22 23:01:26,223 [INFO] IPUIPlugin:80 - create IPUIPlugin
2024-09-22 23:01:26,223 [INFO] PluginManager:220 - loadIPPluginJar : add gic
2024-09-22 23:01:26,251 [INFO] IPUIPlugin:80 - create IPUIPlugin
2024-09-22 23:01:26,251 [INFO] PluginManager:220 - loadIPPluginJar : add gpio
2024-09-22 23:01:26,477 [INFO] ThirdPartyUpdaterWithRetryManager:70 - Updater plugin not ready yet. [2/15]
2024-09-22 23:01:26,479 [INFO] IPUIPlugin:80 - create IPUIPlugin
2024-09-22 23:01:26,480 [INFO] PluginManager:220 - loadIPPluginJar : add gtzc
2024-09-22 23:01:26,566 [INFO] IPUIPlugin:80 - create IPUIPlugin
2024-09-22 23:01:26,566 [INFO] PluginManager:220 - loadIPPluginJar : add hash
2024-09-22 23:01:26,700 [INFO] IPUIPlugin:80 - create IPUIPlugin
2024-09-22 23:01:26,700 [INFO] PluginManager:220 - loadIPPluginJar : add i2c
2024-09-22 23:01:26,777 [INFO] IPUIPlugin:80 - create IPUIPlugin
2024-09-22 23:01:26,778 [INFO] PluginManager:220 - loadIPPluginJar : add i2s
2024-09-22 23:01:26,871 [INFO] IPUIPlugin:80 - create IPUIPlugin
2024-09-22 23:01:26,872 [INFO] PluginManager:220 - loadIPPluginJar : add i3c
2024-09-22 23:01:27,090 [INFO] IPUIPlugin:80 - create IPUIPlugin
2024-09-22 23:01:27,090 [INFO] PluginManager:220 - loadIPPluginJar : add ipddr
2024-09-22 23:01:27,269 [INFO] IPUIPlugin:80 - create IPUIPlugin
2024-09-22 23:01:27,269 [INFO] PluginManager:220 - loadIPPluginJar : add linkedlist
2024-09-22 23:01:27,348 [INFO] IPUIPlugin:80 - create IPUIPlugin
2024-09-22 23:01:27,349 [INFO] PluginManager:220 - loadIPPluginJar : add lorawan
2024-09-22 23:01:27,452 [INFO] IPUIPlugin:80 - create IPUIPlugin
2024-09-22 23:01:27,452 [INFO] PluginManager:220 - loadIPPluginJar : add ltdc
2024-09-22 23:01:27,477 [INFO] IPUIPlugin:80 - create IPUIPlugin
2024-09-22 23:01:27,478 [INFO] PluginManager:220 - loadIPPluginJar : add mdma
2024-09-22 23:01:27,500 [INFO] IPUIPlugin:80 - create IPUIPlugin
2024-09-22 23:01:27,500 [INFO] PluginManager:220 - loadIPPluginJar : add nvic
2024-09-22 23:01:27,582 [INFO] IPUIPlugin:80 - create IPUIPlugin
2024-09-22 23:01:27,582 [INFO] PluginManager:220 - loadIPPluginJar : add opamp
2024-09-22 23:01:27,716 [INFO] IPUIPlugin:80 - create IPUIPlugin
2024-09-22 23:01:27,716 [INFO] PluginManager:220 - loadIPPluginJar : add openamp
2024-09-22 23:01:27,816 [INFO] IPUIPlugin:80 - create IPUIPlugin
2024-09-22 23:01:27,816 [INFO] PluginManager:220 - loadIPPluginJar : add pdm2pcm
2024-09-22 23:01:27,845 [INFO] IPUIPlugin:80 - create IPUIPlugin
2024-09-22 23:01:27,848 [INFO] PluginManager:220 - loadIPPluginJar : add plateformsettings
2024-09-22 23:01:27,892 [INFO] IPUIPlugin:80 - create IPUIPlugin
2024-09-22 23:01:27,895 [INFO] PluginManager:220 - loadIPPluginJar : add quadspi
2024-09-22 23:01:27,938 [INFO] IPUIPlugin:80 - create IPUIPlugin
2024-09-22 23:01:27,938 [INFO] PluginManager:220 - loadIPPluginJar : add resmgrutility
2024-09-22 23:01:28,048 [INFO] IPUIPlugin:80 - create IPUIPlugin
2024-09-22 23:01:28,048 [INFO] PluginManager:220 - loadIPPluginJar : add sai
2024-09-22 23:01:28,109 [INFO] IPUIPlugin:80 - create IPUIPlugin
2024-09-22 23:01:28,110 [INFO] PluginManager:220 - loadIPPluginJar : add spi
2024-09-22 23:01:28,253 [INFO] IPUIPlugin:80 - create IPUIPlugin
2024-09-22 23:01:28,253 [INFO] PluginManager:220 - loadIPPluginJar : add stm32_wpan
2024-09-22 23:01:28,305 [INFO] IPUIPlugin:80 - create IPUIPlugin
2024-09-22 23:01:28,305 [INFO] PluginManager:220 - loadIPPluginJar : add tim
2024-09-22 23:01:28,411 [INFO] IPUIPlugin:80 - create IPUIPlugin
2024-09-22 23:01:28,412 [INFO] PluginManager:220 - loadIPPluginJar : add touchsensing
2024-09-22 23:01:28,455 [INFO] IPUIPlugin:80 - create IPUIPlugin
2024-09-22 23:01:28,455 [INFO] PluginManager:220 - loadIPPluginJar : add tracer_emb
2024-09-22 23:01:28,512 [INFO] IPUIPlugin:80 - create IPUIPlugin
2024-09-22 23:01:28,512 [INFO] PluginManager:220 - loadIPPluginJar : add ts
2024-09-22 23:01:28,566 [INFO] IPUIPlugin:80 - create IPUIPlugin
2024-09-22 23:01:28,566 [INFO] PluginManager:220 - loadIPPluginJar : add tsc
2024-09-22 23:01:28,633 [INFO] IPUIPlugin:80 - create IPUIPlugin
2024-09-22 23:01:28,633 [INFO] PluginManager:220 - loadIPPluginJar : add ucpd
2024-09-22 23:01:28,723 [INFO] IPUIPlugin:80 - create IPUIPlugin
2024-09-22 23:01:28,724 [INFO] PluginManager:220 - loadIPPluginJar : add usart
2024-09-22 23:01:28,791 [INFO] IPUIPlugin:80 - create IPUIPlugin
2024-09-22 23:01:28,791 [INFO] PluginManager:220 - loadIPPluginJar : add usbx
2024-09-22 23:01:28,966 [INFO] CADModel:165 - CPN selected for project level
2024-09-22 23:01:28,966 [INFO] CADModel:114 - Register for checkConnection events
2024-09-22 23:01:28,967 [FATAL] Updater:308 - Updater called before beeing initialized
2024-09-22 23:01:28,967 [ERROR] CADModel:125 - Updater not yet initialized, retry later 
2024-09-22 23:01:29,272 [INFO] CADModel:165 - CPN selected for project level
2024-09-22 23:01:29,272 [INFO] CADModel:114 - Register for checkConnection events
2024-09-22 23:01:29,273 [FATAL] Updater:308 - Updater called before beeing initialized
2024-09-22 23:01:29,273 [ERROR] CADModel:125 - Updater not yet initialized, retry later 
2024-09-22 23:01:29,279 [FATAL] Updater:308 - Updater called before beeing initialized
2024-09-22 23:01:29,493 [INFO] ThirdPartyUpdaterWithRetryManager:70 - Updater plugin not ready yet. [3/15]
2024-09-22 23:01:29,515 [FATAL] Updater:308 - Updater called before beeing initialized
2024-09-22 23:01:29,540 [INFO] DbMcusAds:53 - JSON generation date=Thu May 16 05:22:00 EDT 2024 (1715851320667)
2024-09-22 23:01:29,540 [FATAL] Updater:308 - Updater called before beeing initialized
2024-09-22 23:01:29,700 [WARN] DetailPanel:346 - Failed to get advertising image, set to default
2024-09-22 23:01:29,883 [FATAL] Updater:308 - Updater called before beeing initialized
2024-09-22 23:01:29,887 [FATAL] Updater:308 - Updater called before beeing initialized
2024-09-22 23:01:29,888 [FATAL] Updater:308 - Updater called before beeing initialized
2024-09-22 23:01:29,888 [WARN] DetailPanel:346 - Failed to get advertising image, set to default
2024-09-22 23:01:29,889 [FATAL] Updater:308 - Updater called before beeing initialized
2024-09-22 23:01:30,016 [ERROR] Updater:1120 - MainUpdater not yet initialized. External WinMGr cannot be set.
2024-09-22 23:01:30,037 [INFO] Updater:1056 - Updater Version found : 6.10.0
2024-09-22 23:01:30,142 [INFO] ApplicationProperties:184 - Using Application install path: C:\ST\STM32CubeIDE_1.14.1\STM32CubeIDE\plugins\com.st.stm32cube.common.mx_6.10.0.202311202037
2024-09-22 23:01:31,835 [ERROR] LogOutputStream:75 - [STDERR_REDIRECT] Sep 22, 2024 11:01:31 PM java.util.prefs.WindowsPreferences <init>
2024-09-22 23:01:31,837 [ERROR] LogOutputStream:75 - [STDERR_REDIRECT] WARNING: Could not open/create prefs root node Software\JavaSoft\Prefs at root 0xffffffff80000002. Windows RegCreateKeyEx(...) returned error code 5.
2024-09-22 23:01:31,837 [ERROR] LogOutputStream:75 - [STDERR_REDIRECT] 
2024-09-22 23:01:32,505 [FATAL] Updater:308 - Updater called before beeing initialized
2024-09-22 23:01:32,506 [ERROR] IntegrityCheckThread:130 - Cannot retrieve database content from updater: error 21
2024-09-22 23:01:32,506 [INFO] ThirdParty:978 - Integrity check success = false
2024-09-22 23:01:32,507 [INFO] IntegrityCheckThread:100 - exiting critical section [integrity check]
2024-09-22 23:01:32,507 [INFO] IntegrityCheckThread:103 - End integrity checks thread
2024-09-22 23:01:32,508 [INFO] MainUpdater:2873 - connection check result : 10
2024-09-22 23:01:32,508 [INFO] MainUpdater:3567 - Updater definition file requires update
2024-09-22 23:01:32,510 [INFO] MainUpdater:290 - Updater Check For Update Now.
2024-09-22 23:01:32,512 [INFO] MicroXplorer:498 - Change Database Version : DB.6.0.100
2024-09-22 23:01:32,541 [INFO] McuFinderGlobals:63 - Set McuFinder mode to 2 (CubeIDE integrated)
2024-09-22 23:01:32,637 [INFO] ServerAccessManage:473 - Download File updaters.zip
2024-09-22 23:01:32,805 [INFO] FileExtend:240 - Unzip File : updaters.zip
2024-09-22 23:01:32,824 [INFO] FileExtend:255 - Standard Zip Deflate
2024-09-22 23:01:33,343 [INFO] UserAuth:404 - Internet connection configuration mode: 1
2024-09-22 23:01:33,400 [INFO] JxBrowserEngine:152 - Initiate JxBrowser Engine with user profile folder
2024-09-22 23:01:33,771 [INFO] ServerAccessManage:473 - Download File PacksControlFlags.xml
2024-09-22 23:01:34,055 [INFO] ServerAccessManage:473 - Download File cubemx.pidx
2024-09-22 23:01:36,684 [INFO] ServerAccessManage:473 - Download File STMicroelectronics.X-CUBE-TOUCHGFX.pdsc
2024-09-22 23:01:40,030 [WARN] PackLoader:240 - Cannot read IP mode file for STMicroelectronics.X-CUBE-TOUCHGFX.4.24.1
2024-09-22 23:01:40,031 [INFO] PopulateThirdPartyThread:66 - Ending populate Thread
2024-09-22 23:01:40,041 [INFO] ThirdParty:1030 - CMSIS Pack Vendor :STMicroelectronics X-CUBE-TOUCHGFX 4.24.1
2024-09-22 23:01:40,041 [INFO] LoadServerUpdatesThread:375 - End of LoadServerUpdate Thread
2024-09-22 23:01:40,229 [INFO] CheckServerUpdateThread:120 - End of CheckServer Thread
2024-09-22 23:01:41,100 [INFO] WebApp:161 - Instantiating new browser for Auth
2024-09-22 23:01:42,254 [INFO] WebApp:780 - Register for checkConnection events
2024-09-22 23:01:42,255 [INFO] WebApp:414 - Apply proxy settings
2024-09-22 23:01:42,256 [INFO] WebApp:499 - Chromium requires no authentication
2024-09-22 23:01:42,272 [INFO] WebApp:442 - Direct internet connection detected
2024-09-22 23:01:42,609 [INFO] WebApp:192 - Starting web application
2024-09-22 23:01:42,609 [INFO] WebApp:544 - Web application path used C:\ST\STM32CubeIDE_1.14.1\STM32CubeIDE\plugins\com.st.stm32cube.common.mx_6.10.0.202311202037\db\plugins\mcufinder\reactClient1\index.html
2024-09-22 23:02:04,859 [ERROR] LogOutputStream:75 - [STDERR_REDIRECT] SLF4J: Failed to load class "org.slf4j.impl.StaticLoggerBinder".
2024-09-22 23:02:04,862 [ERROR] LogOutputStream:75 - [STDERR_REDIRECT] SLF4J: Defaulting to no-operation (NOP) logger implementation
2024-09-22 23:02:04,869 [ERROR] LogOutputStream:75 - [STDERR_REDIRECT] SLF4J: See http://www.slf4j.org/codes.html#StaticLoggerBinder for further details.
