2024-10-22 16:41:50,551 [INFO] Activator:176 - 


2024-10-22 16:41:50,560 [INFO] Activator:177 - !SESSION log4j initialized
2024-10-22 16:41:58,765 [INFO] LogOutputStream:77 - [STDOUT_REDIRECT] 
2024-10-22 16:41:59,163 [ERROR] ConfigurationRetriever:142 - IOException on connection: sw-center.st.com
2024-10-22 16:41:59,165 [ERROR] ConfigurationRetriever:142 - IOException on connection: sw-center.st.com
2024-10-22 16:41:59,167 [ERROR] ConfigurationRetriever:142 - IOException on connection: sw-center.st.com
2024-10-22 16:41:59,171 [ERROR] ConfigurationRetriever:142 - IOException on connection: sw-center.st.com
2024-10-22 16:41:59,172 [ERROR] ConfigurationRetriever:142 - IOException on connection: sw-center.st.com
2024-10-22 16:41:59,173 [ERROR] ConfigurationRetriever:142 - IOException on connection: sw-center.st.com
2024-10-22 16:42:01,771 [INFO] ApplicationProperties:184 - Using Application install path: C:\ST\STM32CubeIDE_1.14.1\STM32CubeIDE\plugins\com.st.stm32cube.common.mx_6.10.0.202311202037
2024-10-22 16:42:01,799 [INFO] DbMcusXml:78 - Set database path to: C:\ST\STM32CubeIDE_1.14.1\STM32CubeIDE\plugins\com.st.stm32cube.common.mx_6.10.0.202311202037\\db\/mcu/
2024-10-22 16:42:01,799 [INFO] ApiDb:274 - Set plugin database path to: C:\ST\STM32CubeIDE_1.14.1\STM32CubeIDE\plugins\com.st.stm32cube.common.mx_6.10.0.202311202037\\db\/plugins/boardmanager/
2024-10-22 16:42:01,799 [WARN] ApiDb:259 - Overriding images path with different value:  => C:\ST\STM32CubeIDE_1.14.1\STM32CubeIDE\plugins\com.st.stm32cube.common.mx_6.10.0.202311202037\\db\/plugins/mcufinder/images/
2024-10-22 16:42:01,812 [INFO] ApiDb:250 - Set database path to: C:\Users\ImadF\.stmcufinder\plugins\mcufinder//mcu/
2024-10-22 16:42:01,814 [INFO] DbMcusAds:125 - Set database path to: C:\Users\ImadF\.stmcufinder\plugins\mcufinder//mcu/
2024-10-22 16:42:01,816 [INFO] CrossReferenceDbSqlite:203 - Set database path to: C:\Users\ImadF\.stmcufinder\plugins\mcufinder//mcu/cs/
2024-10-22 16:42:01,989 [INFO] RulesReader:64 - Compatibility file has been processed (297 Rules)
2024-10-22 16:42:02,111 [INFO] DbMcusXml:78 - Set database path to: C:\ST\STM32CubeIDE_1.14.1\STM32CubeIDE\plugins\com.st.stm32cube.common.mx_6.10.0.202311202037\\db\/mcu/
2024-10-22 16:42:02,112 [INFO] ApiDb:274 - Set plugin database path to: C:\ST\STM32CubeIDE_1.14.1\STM32CubeIDE\plugins\com.st.stm32cube.common.mx_6.10.0.202311202037\\db\/plugins/boardmanager/
2024-10-22 16:42:02,112 [INFO] ApiDb:261 - Set plugin images path to: C:\ST\STM32CubeIDE_1.14.1\STM32CubeIDE\plugins\com.st.stm32cube.common.mx_6.10.0.202311202037\\db\/plugins/mcufinder/images/
2024-10-22 16:42:02,112 [WARN] DbFile:41 - Overriding database path with different value: C:\Users\ImadF\.stmcufinder\plugins\mcufinder/ => C:\Users\ImadF\.stmcufinder\plugins\mcufinder
2024-10-22 16:42:02,112 [INFO] ApiDb:250 - Set database path to: C:\Users\ImadF\.stmcufinder\plugins\mcufinder//mcu/
2024-10-22 16:42:02,113 [WARN] DbFile:41 - Overriding database path with different value: C:\Users\ImadF\.stmcufinder\plugins\mcufinder/ => C:\Users\ImadF\.stmcufinder\plugins\mcufinder
2024-10-22 16:42:02,113 [INFO] DbMcusAds:125 - Set database path to: C:\Users\ImadF\.stmcufinder\plugins\mcufinder//mcu/
2024-10-22 16:42:02,113 [WARN] DbFile:41 - Overriding database path with different value: C:\Users\ImadF\.stmcufinder\plugins\mcufinder/ => C:\Users\ImadF\.stmcufinder\plugins\mcufinder
2024-10-22 16:42:02,113 [WARN] DbFile:41 - Overriding database path with different value: C:\Users\ImadF\.stmcufinder\plugins\mcufinder/ => C:\Users\ImadF\.stmcufinder\plugins\mcufinder
2024-10-22 16:42:02,113 [INFO] CrossReferenceDbSqlite:203 - Set database path to: C:\Users\ImadF\.stmcufinder\plugins\mcufinder//mcu/cs/
2024-10-22 16:42:02,236 [INFO] MainPanel:264 - HeapMemory: 268435456
2024-10-22 16:42:02,401 [INFO] DbMcusXml:78 - Set database path to: C:\ST\STM32CubeIDE_1.14.1\STM32CubeIDE\plugins\com.st.stm32cube.common.mx_6.10.0.202311202037\\db\/mcu/
2024-10-22 16:42:02,401 [INFO] ApiDb:274 - Set plugin database path to: C:\ST\STM32CubeIDE_1.14.1\STM32CubeIDE\plugins\com.st.stm32cube.common.mx_6.10.0.202311202037\\db\/plugins/boardmanager/
2024-10-22 16:42:02,402 [INFO] ApiDb:261 - Set plugin images path to: C:\ST\STM32CubeIDE_1.14.1\STM32CubeIDE\plugins\com.st.stm32cube.common.mx_6.10.0.202311202037\\db\/plugins/mcufinder/images/
2024-10-22 16:42:02,402 [WARN] DbFile:41 - Overriding database path with different value: C:\Users\ImadF\.stmcufinder\plugins\mcufinder/ => C:\Users\ImadF\.stmcufinder\plugins\mcufinder
2024-10-22 16:42:02,402 [INFO] ApiDb:250 - Set database path to: C:\Users\ImadF\.stmcufinder\plugins\mcufinder//mcu/
2024-10-22 16:42:02,402 [WARN] DbFile:41 - Overriding database path with different value: C:\Users\ImadF\.stmcufinder\plugins\mcufinder/ => C:\Users\ImadF\.stmcufinder\plugins\mcufinder
2024-10-22 16:42:02,402 [INFO] DbMcusAds:125 - Set database path to: C:\Users\ImadF\.stmcufinder\plugins\mcufinder//mcu/
2024-10-22 16:42:02,402 [WARN] DbFile:41 - Overriding database path with different value: C:\Users\ImadF\.stmcufinder\plugins\mcufinder/ => C:\Users\ImadF\.stmcufinder\plugins\mcufinder
2024-10-22 16:42:02,403 [WARN] DbFile:41 - Overriding database path with different value: C:\Users\ImadF\.stmcufinder\plugins\mcufinder/ => C:\Users\ImadF\.stmcufinder\plugins\mcufinder
2024-10-22 16:42:02,403 [INFO] CrossReferenceDbSqlite:203 - Set database path to: C:\Users\ImadF\.stmcufinder\plugins\mcufinder//mcu/cs/
2024-10-22 16:42:02,433 [INFO] ApplicationProperties:184 - Using Application install path: C:\ST\STM32CubeIDE_1.14.1\STM32CubeIDE\plugins\com.st.stm32cube.common.mx_6.10.0.202311202037
2024-10-22 16:42:02,436 [INFO] PluginManage:196 - Search for loadable plugins [exclusion list=, ]
2024-10-22 16:42:02,438 [INFO] PluginManage:310 - Check plugin analytics
2024-10-22 16:42:02,755 [INFO] AnalyticsPlugin:253 - Accepted Software Licenses: 
2024-10-22 16:42:02,756 [INFO] AnalyticsPlugin:255 - Accepted CMSIS Pack Licenses: 
2024-10-22 16:42:02,756 [INFO] AnalyticsPlugin:257 - Accepted Firmware Licenses: FW.F4.1.28.0
2024-10-22 16:42:02,760 [ERROR] ConfigurationRetriever:142 - IOException on connection: sw-center.st.com
2024-10-22 16:42:02,761 [ERROR] ConfigurationRetriever:142 - IOException on connection: sw-center.st.com
2024-10-22 16:42:02,761 [ERROR] ConfigurationRetriever:142 - IOException on connection: sw-center.st.com
2024-10-22 16:42:02,762 [INFO] PluginManage:359 - Loaded plugin analytics (category:tool,tabindex:-1)
2024-10-22 16:42:02,763 [INFO] PluginManage:310 - Check plugin cadmodel
2024-10-22 16:42:02,788 [INFO] CADModel:105 - Init CAD model plugin
2024-10-22 16:42:02,789 [INFO] PluginManage:359 - Loaded plugin cadmodel (category:power,tabindex:5)
2024-10-22 16:42:02,789 [INFO] PluginManage:310 - Check plugin clock
2024-10-22 16:42:02,823 [INFO] PluginManage:359 - Loaded plugin clock (category:base,tabindex:2)
2024-10-22 16:42:02,824 [INFO] PluginManage:310 - Check plugin ddr
2024-10-22 16:42:02,829 [INFO] PluginManage:359 - Loaded plugin ddr (category:tool,tabindex:6)
2024-10-22 16:42:02,830 [INFO] PluginManage:310 - Check plugin filemanager
2024-10-22 16:42:03,062 [INFO] PluginManage:359 - Loaded plugin filemanager (category:base,tabindex:10)
2024-10-22 16:42:03,063 [INFO] PluginManage:310 - Check plugin ipmanager
2024-10-22 16:42:03,073 [INFO] PluginManage:359 - Loaded plugin ipmanager (category:base,tabindex:5)
2024-10-22 16:42:03,073 [INFO] PluginManage:310 - Check plugin lpbam
2024-10-22 16:42:03,102 [INFO] PluginManage:359 - Loaded plugin lpbam (category:base,tabindex:0)
2024-10-22 16:42:03,102 [INFO] PluginManage:310 - Check plugin memorymap
2024-10-22 16:42:03,136 [INFO] PluginManage:359 - Loaded plugin memorymap (category:base,tabindex:4)
2024-10-22 16:42:03,137 [INFO] PluginManage:310 - Check plugin pinoutandconfiguration
2024-10-22 16:42:03,163 [INFO] PluginManage:359 - Loaded plugin pinoutandconfiguration (category:base,tabindex:1)
2024-10-22 16:42:03,164 [INFO] PluginManage:310 - Check plugin pinoutconfig
2024-10-22 16:42:03,313 [WARN] SupportedApi:132 - Cannot load RTOS API schema: s4s-elt-must-match.1: The content of 'definitions' must match (annotation?, (simpleType | complexType)?, (unique | key | keyref)*)). A problem was found starting at: attribute.
2024-10-22 16:42:03,522 [INFO] PluginManage:359 - Loaded plugin pinoutconfig (category:base,tabindex:0)
2024-10-22 16:42:03,522 [INFO] PluginManage:310 - Check plugin power
2024-10-22 16:42:03,550 [INFO] PluginManage:359 - Loaded plugin power (category:power,tabindex:4)
2024-10-22 16:42:03,550 [INFO] PluginManage:310 - Check plugin projectmanager
2024-10-22 16:42:03,571 [INFO] PluginManage:359 - Loaded plugin projectmanager (category:projectmanager,tabindex:3)
2024-10-22 16:42:03,572 [INFO] PluginManage:310 - Check plugin thirdparty
2024-10-22 16:42:04,026 [INFO] PluginManage:359 - Loaded plugin thirdparty (category:base,tabindex:-1)
2024-10-22 16:42:04,026 [WARN] IntegrityCheckThread:84 - waiting for thirdparty lock release [integrity check]
2024-10-22 16:42:04,026 [INFO] PluginManage:310 - Check plugin tools
2024-10-22 16:42:04,027 [INFO] IntegrityCheckThread:86 - entering critical section [integrity check]
2024-10-22 16:42:04,028 [INFO] ThirdPartyUpdaterWithRetryManager:70 - Updater plugin not ready yet. [1/15]
2024-10-22 16:42:04,070 [INFO] PluginManage:359 - Loaded plugin tools (category:base,tabindex:7)
2024-10-22 16:42:04,070 [INFO] PluginManage:310 - Check plugin tutovideos
2024-10-22 16:42:04,372 [INFO] PluginManage:359 - Loaded plugin tutovideos (category:base,tabindex:-1)
2024-10-22 16:42:04,373 [INFO] PluginManage:310 - Check plugin updater
2024-10-22 16:42:04,389 [INFO] PluginManage:359 - Loaded plugin updater (category:base,tabindex:12)
2024-10-22 16:42:04,390 [INFO] PluginManage:310 - Check plugin userauth
2024-10-22 16:42:04,397 [INFO] UserAuth:114 - Init User Auth plugin
2024-10-22 16:42:04,398 [INFO] PluginManage:359 - Loaded plugin userauth (category:base,tabindex:14)
2024-10-22 16:42:04,398 [INFO] PluginManage:283 - PluginManage : Loaded plugins [17]
2024-10-22 16:42:04,752 [INFO] PinOutPanel:1499 - setPackage(No Configuration,No Configuration)
2024-10-22 16:42:04,864 [INFO] CADModel:165 - CPN selected for project level
2024-10-22 16:42:04,864 [INFO] CADModel:114 - Register for checkConnection events
2024-10-22 16:42:04,906 [INFO] IPUIPlugin:80 - create IPUIPlugin
2024-10-22 16:42:04,907 [INFO] PluginManager:220 - loadIPPluginJar : add adc
2024-10-22 16:42:04,956 [INFO] IPUIPlugin:80 - create IPUIPlugin
2024-10-22 16:42:04,956 [INFO] PluginManager:220 - loadIPPluginJar : add aes
2024-10-22 16:42:05,008 [INFO] IPUIPlugin:80 - create IPUIPlugin
2024-10-22 16:42:05,008 [INFO] PluginManager:220 - loadIPPluginJar : add can
2024-10-22 16:42:05,039 [INFO] IPUIPlugin:80 - create IPUIPlugin
2024-10-22 16:42:05,040 [INFO] PluginManager:220 - loadIPPluginJar : add comp
2024-10-22 16:42:05,082 [INFO] IPUIPlugin:80 - create IPUIPlugin
2024-10-22 16:42:05,082 [INFO] PluginManager:220 - loadIPPluginJar : add cryp
2024-10-22 16:42:05,126 [INFO] IPUIPlugin:80 - create IPUIPlugin
2024-10-22 16:42:05,126 [INFO] PluginManager:220 - loadIPPluginJar : add dfsdm
2024-10-22 16:42:05,147 [INFO] IPUIPlugin:80 - create IPUIPlugin
2024-10-22 16:42:05,148 [INFO] PluginManager:220 - loadIPPluginJar : add dma
2024-10-22 16:42:05,202 [INFO] IPUIPlugin:80 - create IPUIPlugin
2024-10-22 16:42:05,202 [INFO] PluginManager:220 - loadIPPluginJar : add dma3
2024-10-22 16:42:05,228 [INFO] IPUIPlugin:80 - create IPUIPlugin
2024-10-22 16:42:05,228 [INFO] PluginManager:220 - loadIPPluginJar : add fatfs
2024-10-22 16:42:05,293 [INFO] IPUIPlugin:80 - create IPUIPlugin
2024-10-22 16:42:05,293 [INFO] PluginManager:220 - loadIPPluginJar : add fmc
2024-10-22 16:42:05,319 [INFO] IPUIPlugin:80 - create IPUIPlugin
2024-10-22 16:42:05,320 [INFO] PluginManager:220 - loadIPPluginJar : add freertos
2024-10-22 16:42:05,353 [INFO] IPUIPlugin:80 - create IPUIPlugin
2024-10-22 16:42:05,353 [INFO] PluginManager:220 - loadIPPluginJar : add genericplugin
2024-10-22 16:42:05,468 [INFO] IPUIPlugin:80 - create IPUIPlugin
2024-10-22 16:42:05,468 [INFO] PluginManager:220 - loadIPPluginJar : add gfxmmu
2024-10-22 16:42:05,622 [INFO] IPUIPlugin:80 - create IPUIPlugin
2024-10-22 16:42:05,622 [INFO] PluginManager:220 - loadIPPluginJar : add gic
2024-10-22 16:42:05,640 [INFO] IPUIPlugin:80 - create IPUIPlugin
2024-10-22 16:42:05,641 [INFO] PluginManager:220 - loadIPPluginJar : add gpio
2024-10-22 16:42:05,757 [INFO] IPUIPlugin:80 - create IPUIPlugin
2024-10-22 16:42:05,757 [INFO] PluginManager:220 - loadIPPluginJar : add gtzc
2024-10-22 16:42:05,798 [INFO] IPUIPlugin:80 - create IPUIPlugin
2024-10-22 16:42:05,798 [INFO] PluginManager:220 - loadIPPluginJar : add hash
2024-10-22 16:42:05,861 [INFO] IPUIPlugin:80 - create IPUIPlugin
2024-10-22 16:42:05,861 [INFO] PluginManager:220 - loadIPPluginJar : add i2c
2024-10-22 16:42:05,910 [INFO] IPUIPlugin:80 - create IPUIPlugin
2024-10-22 16:42:05,910 [INFO] PluginManager:220 - loadIPPluginJar : add i2s
2024-10-22 16:42:05,962 [INFO] IPUIPlugin:80 - create IPUIPlugin
2024-10-22 16:42:05,962 [INFO] PluginManager:220 - loadIPPluginJar : add i3c
2024-10-22 16:42:06,093 [INFO] IPUIPlugin:80 - create IPUIPlugin
2024-10-22 16:42:06,094 [INFO] PluginManager:220 - loadIPPluginJar : add ipddr
2024-10-22 16:42:06,205 [INFO] IPUIPlugin:80 - create IPUIPlugin
2024-10-22 16:42:06,205 [INFO] PluginManager:220 - loadIPPluginJar : add linkedlist
2024-10-22 16:42:06,252 [INFO] IPUIPlugin:80 - create IPUIPlugin
2024-10-22 16:42:06,253 [INFO] PluginManager:220 - loadIPPluginJar : add lorawan
2024-10-22 16:42:06,297 [INFO] IPUIPlugin:80 - create IPUIPlugin
2024-10-22 16:42:06,298 [INFO] PluginManager:220 - loadIPPluginJar : add ltdc
2024-10-22 16:42:06,318 [INFO] IPUIPlugin:80 - create IPUIPlugin
2024-10-22 16:42:06,318 [INFO] PluginManager:220 - loadIPPluginJar : add mdma
2024-10-22 16:42:06,334 [INFO] IPUIPlugin:80 - create IPUIPlugin
2024-10-22 16:42:06,335 [INFO] PluginManager:220 - loadIPPluginJar : add nvic
2024-10-22 16:42:06,385 [INFO] IPUIPlugin:80 - create IPUIPlugin
2024-10-22 16:42:06,386 [INFO] PluginManager:220 - loadIPPluginJar : add opamp
2024-10-22 16:42:06,464 [INFO] IPUIPlugin:80 - create IPUIPlugin
2024-10-22 16:42:06,464 [INFO] PluginManager:220 - loadIPPluginJar : add openamp
2024-10-22 16:42:06,516 [INFO] IPUIPlugin:80 - create IPUIPlugin
2024-10-22 16:42:06,517 [INFO] PluginManager:220 - loadIPPluginJar : add pdm2pcm
2024-10-22 16:42:06,536 [INFO] IPUIPlugin:80 - create IPUIPlugin
2024-10-22 16:42:06,539 [INFO] PluginManager:220 - loadIPPluginJar : add plateformsettings
2024-10-22 16:42:06,571 [INFO] IPUIPlugin:80 - create IPUIPlugin
2024-10-22 16:42:06,571 [INFO] PluginManager:220 - loadIPPluginJar : add quadspi
2024-10-22 16:42:06,587 [INFO] IPUIPlugin:80 - create IPUIPlugin
2024-10-22 16:42:06,587 [INFO] PluginManager:220 - loadIPPluginJar : add resmgrutility
2024-10-22 16:42:06,648 [INFO] IPUIPlugin:80 - create IPUIPlugin
2024-10-22 16:42:06,648 [INFO] PluginManager:220 - loadIPPluginJar : add sai
2024-10-22 16:42:06,695 [INFO] IPUIPlugin:80 - create IPUIPlugin
2024-10-22 16:42:06,696 [INFO] PluginManager:220 - loadIPPluginJar : add spi
2024-10-22 16:42:06,781 [INFO] IPUIPlugin:80 - create IPUIPlugin
2024-10-22 16:42:06,781 [INFO] PluginManager:220 - loadIPPluginJar : add stm32_wpan
2024-10-22 16:42:06,814 [INFO] IPUIPlugin:80 - create IPUIPlugin
2024-10-22 16:42:06,814 [INFO] PluginManager:220 - loadIPPluginJar : add tim
2024-10-22 16:42:06,881 [INFO] IPUIPlugin:80 - create IPUIPlugin
2024-10-22 16:42:06,881 [INFO] PluginManager:220 - loadIPPluginJar : add touchsensing
2024-10-22 16:42:06,911 [INFO] IPUIPlugin:80 - create IPUIPlugin
2024-10-22 16:42:06,911 [INFO] PluginManager:220 - loadIPPluginJar : add tracer_emb
2024-10-22 16:42:06,941 [INFO] IPUIPlugin:80 - create IPUIPlugin
2024-10-22 16:42:06,942 [INFO] PluginManager:220 - loadIPPluginJar : add ts
2024-10-22 16:42:06,970 [INFO] IPUIPlugin:80 - create IPUIPlugin
2024-10-22 16:42:06,970 [INFO] PluginManager:220 - loadIPPluginJar : add tsc
2024-10-22 16:42:07,004 [INFO] IPUIPlugin:80 - create IPUIPlugin
2024-10-22 16:42:07,004 [INFO] PluginManager:220 - loadIPPluginJar : add ucpd
2024-10-22 16:42:07,029 [INFO] ThirdPartyUpdaterWithRetryManager:70 - Updater plugin not ready yet. [2/15]
2024-10-22 16:42:07,063 [INFO] IPUIPlugin:80 - create IPUIPlugin
2024-10-22 16:42:07,064 [INFO] PluginManager:220 - loadIPPluginJar : add usart
2024-10-22 16:42:07,118 [INFO] IPUIPlugin:80 - create IPUIPlugin
2024-10-22 16:42:07,118 [INFO] PluginManager:220 - loadIPPluginJar : add usbx
2024-10-22 16:42:07,275 [INFO] CADModel:165 - CPN selected for project level
2024-10-22 16:42:07,276 [INFO] CADModel:114 - Register for checkConnection events
2024-10-22 16:42:07,276 [FATAL] Updater:308 - Updater called before beeing initialized
2024-10-22 16:42:07,277 [ERROR] CADModel:125 - Updater not yet initialized, retry later 
2024-10-22 16:42:07,570 [INFO] CADModel:165 - CPN selected for project level
2024-10-22 16:42:07,571 [INFO] CADModel:114 - Register for checkConnection events
2024-10-22 16:42:07,571 [FATAL] Updater:308 - Updater called before beeing initialized
2024-10-22 16:42:07,571 [ERROR] CADModel:125 - Updater not yet initialized, retry later 
2024-10-22 16:42:07,576 [FATAL] Updater:308 - Updater called before beeing initialized
2024-10-22 16:42:07,744 [FATAL] Updater:308 - Updater called before beeing initialized
2024-10-22 16:42:07,760 [INFO] DbMcusAds:53 - JSON generation date=Thu May 16 05:22:00 EDT 2024 (1715851320667)
2024-10-22 16:42:07,760 [FATAL] Updater:308 - Updater called before beeing initialized
2024-10-22 16:42:07,884 [WARN] DetailPanel:346 - Failed to get advertising image, set to default
2024-10-22 16:42:08,026 [FATAL] Updater:308 - Updater called before beeing initialized
2024-10-22 16:42:08,029 [FATAL] Updater:308 - Updater called before beeing initialized
2024-10-22 16:42:08,029 [FATAL] Updater:308 - Updater called before beeing initialized
2024-10-22 16:42:08,029 [WARN] DetailPanel:346 - Failed to get advertising image, set to default
2024-10-22 16:42:08,031 [FATAL] Updater:308 - Updater called before beeing initialized
2024-10-22 16:42:08,157 [ERROR] Updater:1120 - MainUpdater not yet initialized. External WinMGr cannot be set.
2024-10-22 16:42:08,180 [INFO] Updater:1056 - Updater Version found : 6.10.0
2024-10-22 16:42:08,206 [INFO] ApplicationProperties:184 - Using Application install path: C:\ST\STM32CubeIDE_1.14.1\STM32CubeIDE\plugins\com.st.stm32cube.common.mx_6.10.0.202311202037
2024-10-22 16:42:09,808 [ERROR] LogOutputStream:75 - [STDERR_REDIRECT] Oct 22, 2024 4:42:09 PM java.util.prefs.WindowsPreferences <init>
2024-10-22 16:42:09,811 [ERROR] LogOutputStream:75 - [STDERR_REDIRECT] WARNING: Could not open/create prefs root node Software\JavaSoft\Prefs at root 0xffffffff80000002. Windows RegCreateKeyEx(...) returned error code 5.
2024-10-22 16:42:09,811 [ERROR] LogOutputStream:75 - [STDERR_REDIRECT] 
2024-10-22 16:42:10,031 [INFO] ThirdPartyUpdaterWithRetryManager:70 - Updater plugin not ready yet. [3/15]
2024-10-22 16:42:10,195 [INFO] MainUpdater:2873 - connection check result : 22
2024-10-22 16:42:10,196 [INFO] MainUpdater:290 - Updater Check For Update Now.
2024-10-22 16:42:10,196 [INFO] MicroXplorer:498 - Change Database Version : DB.6.0.100
2024-10-22 16:42:10,236 [INFO] McuFinderGlobals:63 - Set McuFinder mode to 2 (CubeIDE integrated)
2024-10-22 16:42:10,357 [INFO] UserAuth:404 - Internet connection configuration mode: 2
2024-10-22 16:42:10,564 [INFO] CheckServerUpdateThread:120 - End of CheckServer Thread
2024-10-22 16:42:13,358 [WARN] PackLoader:240 - Cannot read IP mode file for STMicroelectronics.FP-SNS-MOTENVWB1.1.4.0
2024-10-22 16:42:13,401 [WARN] PackLoader:240 - Cannot read IP mode file for STMicroelectronics.X-CUBE-SMBUS.2.1.0
2024-10-22 16:42:13,433 [WARN] PackLoader:240 - Cannot read IP mode file for STMicroelectronics.X-CUBE-WB05N.1.1.0
2024-10-22 16:42:13,457 [WARN] PackLoader:240 - Cannot read IP mode file for STMicroelectronics.X-CUBE-TOUCHGFX.4.23.1
2024-10-22 16:42:13,481 [WARN] PackLoader:240 - Cannot read IP mode file for STMicroelectronics.X-CUBE-TOUCHGFX.4.23.0
2024-10-22 16:42:13,498 [WARN] PackLoader:240 - Cannot read IP mode file for STMicroelectronics.X-CUBE-TOUCHGFX.4.23.2
2024-10-22 16:42:13,570 [WARN] PackLoader:240 - Cannot read IP mode file for STMicroelectronics.X-CUBE-AZRTOS-F7.1.1.0
2024-10-22 16:42:13,599 [WARN] PackLoader:240 - Cannot read IP mode file for STMicroelectronics.FP-SNS-MOTENV1.4.3.2
2024-10-22 16:42:13,714 [WARN] PackLoader:240 - Cannot read IP mode file for STMicroelectronics.X-CUBE-MEMS1.11.0.0
2024-10-22 16:42:13,930 [WARN] PackLoader:240 - Cannot read IP mode file for STMicroelectronics.FP-SNS-FLIGHT1.5.0.2
2024-10-22 16:42:13,953 [WARN] PackLoader:240 - Cannot read IP mode file for STMicroelectronics.X-CUBE-DISPLAY.3.0.0
2024-10-22 16:42:13,979 [WARN] PackLoader:240 - Cannot read IP mode file for STMicroelectronics.X-CUBE-BLE1.7.0.0
2024-10-22 16:42:14,003 [WARN] PackLoader:240 - Cannot read IP mode file for STMicroelectronics.X-CUBE-NFC10.1.0.0
2024-10-22 16:42:14,022 [WARN] PackLoader:240 - Cannot read IP mode file for emotas.I-CUBE-CANOPEN.1.3.0
2024-10-22 16:42:14,051 [WARN] PackLoader:240 - Cannot read IP mode file for STMicroelectronics.X-CUBE-BLEMGR.3.1.0
2024-10-22 16:42:14,069 [WARN] PackLoader:240 - Cannot read IP mode file for STMicroelectronics.FP-SNS-SMARTAG2.1.2.0
2024-10-22 16:42:14,099 [INFO] LogOutputStream:77 - [STDOUT_REDIRECT] 1 : Invalid condition id : UX_CORESTACK_Condition cause : null
2024-10-22 16:42:14,101 [INFO] LogOutputStream:77 - [STDOUT_REDIRECT] 1 : Invalid condition id : UX_CORESTACK_Condition cause : null
2024-10-22 16:42:14,102 [INFO] LogOutputStream:77 - [STDOUT_REDIRECT] 1 : Invalid condition id : UX_CORESTACK_Condition cause : null
2024-10-22 16:42:14,104 [INFO] LogOutputStream:77 - [STDOUT_REDIRECT] 1 : Invalid condition id : UX_CORESTACK_Condition cause : null
2024-10-22 16:42:14,105 [INFO] LogOutputStream:77 - [STDOUT_REDIRECT] 1 : Invalid condition id : UX_CORESTACK_Condition cause : null
2024-10-22 16:42:14,110 [WARN] PackLoader:240 - Cannot read IP mode file for STMicroelectronics.X-CUBE-AZRTOS-WL.2.0.0
2024-10-22 16:42:14,132 [WARN] PackLoader:240 - Cannot read IP mode file for STMicroelectronics.FP-SNS-MOTENV1.5.0.0
2024-10-22 16:42:14,150 [WARN] PackLoader:240 - Cannot read IP mode file for wolfSSL.I-CUBE-wolfMQTT.1.19.0
2024-10-22 16:42:14,171 [WARN] PackLoader:240 - Cannot read IP mode file for WES.I-CUBE-Cesium.1.3.0
2024-10-22 16:42:14,191 [WARN] PackLoader:240 - Cannot read IP mode file for STMicroelectronics.X-CUBE-BLE2.3.3.0
2024-10-22 16:42:14,211 [WARN] PackLoader:240 - Cannot read IP mode file for STMicroelectronics.X-CUBE-NFC9.1.0.0
2024-10-22 16:42:14,232 [WARN] PackLoader:240 - Cannot read IP mode file for STMicroelectronics.X-CUBE-TCPP.4.1.0
2024-10-22 16:42:14,258 [WARN] PackLoader:240 - Cannot read IP mode file for STMicroelectronics.X-CUBE-ALGOBUILD.1.3.0
2024-10-22 16:42:14,309 [WARN] PackLoader:240 - Cannot read IP mode file for STMicroelectronics.X-CUBE-AZRTOS-G0.1.1.0
2024-10-22 16:42:14,340 [WARN] PackLoader:240 - Cannot read IP mode file for STMicroelectronics.X-CUBE-SAFEA1.1.2.2
2024-10-22 16:42:14,363 [WARN] PackLoader:240 - Cannot read IP mode file for STMicroelectronics.X-CUBE-NFC4.3.0.0
2024-10-22 16:42:14,385 [WARN] PackLoader:240 - Cannot read IP mode file for wolfSSL.I-CUBE-wolfMQTT.1.18.0
2024-10-22 16:42:14,418 [WARN] PackLoader:240 - Cannot read IP mode file for EmbeddedOffice.I-CUBE-FS-RTOS.1.0.1
2024-10-22 16:42:14,418 [ERROR] ConditionMgr:805 - Attr not supported : Dmpu
2024-10-22 16:42:14,418 [ERROR] ConditionMgr:805 - Attr not supported : Dmpu
2024-10-22 16:42:14,418 [ERROR] ConditionMgr:805 - Attr not supported : Dmpu
2024-10-22 16:42:14,419 [ERROR] ConditionMgr:805 - Attr not supported : Dmpu
2024-10-22 16:42:14,419 [ERROR] ConditionMgr:805 - Attr not supported : Dmpu
2024-10-22 16:42:14,419 [ERROR] ConditionMgr:805 - Attr not supported : Dmpu
2024-10-22 16:42:14,419 [ERROR] ConditionMgr:805 - Attr not supported : Dmpu
2024-10-22 16:42:14,419 [ERROR] ConditionMgr:805 - Attr not supported : Dmpu
2024-10-22 16:42:14,419 [ERROR] ConditionMgr:805 - Attr not supported : Dmpu
2024-10-22 16:42:14,419 [ERROR] ConditionMgr:805 - Attr not supported : Dmpu
2024-10-22 16:42:14,420 [ERROR] ConditionMgr:805 - Attr not supported : Dmpu
2024-10-22 16:42:14,420 [ERROR] ConditionMgr:805 - Attr not supported : Dmpu
2024-10-22 16:42:14,420 [ERROR] ConditionMgr:805 - Attr not supported : Dmpu
2024-10-22 16:42:14,420 [ERROR] ConditionMgr:805 - Attr not supported : Dmpu
2024-10-22 16:42:14,420 [ERROR] ConditionMgr:805 - Attr not supported : Dmpu
2024-10-22 16:42:14,420 [ERROR] ConditionMgr:805 - Attr not supported : Dmpu
2024-10-22 16:42:14,420 [ERROR] ConditionMgr:805 - Attr not supported : Dmpu
2024-10-22 16:42:14,420 [ERROR] ConditionMgr:805 - Attr not supported : Dmpu
2024-10-22 16:42:14,421 [ERROR] ConditionMgr:805 - Attr not supported : Dmpu
2024-10-22 16:42:14,421 [ERROR] ConditionMgr:805 - Attr not supported : Dmpu
2024-10-22 16:42:14,421 [ERROR] ConditionMgr:805 - Attr not supported : Dmpu
2024-10-22 16:42:14,421 [ERROR] ConditionMgr:805 - Attr not supported : Dmpu
2024-10-22 16:42:14,421 [ERROR] ConditionMgr:805 - Attr not supported : Dmpu
2024-10-22 16:42:14,421 [ERROR] ConditionMgr:805 - Attr not supported : Dmpu
2024-10-22 16:42:14,421 [ERROR] ConditionMgr:805 - Attr not supported : Dmpu
2024-10-22 16:42:14,421 [ERROR] ConditionMgr:805 - Attr not supported : Dmpu
2024-10-22 16:42:14,422 [ERROR] ConditionMgr:805 - Attr not supported : Dmpu
2024-10-22 16:42:14,422 [ERROR] ConditionMgr:805 - Attr not supported : Dmpu
2024-10-22 16:42:14,422 [ERROR] ConditionMgr:805 - Attr not supported : Dmpu
2024-10-22 16:42:14,422 [ERROR] ConditionMgr:805 - Attr not supported : Dmpu
2024-10-22 16:42:14,422 [ERROR] ConditionMgr:805 - Attr not supported : Dmpu
2024-10-22 16:42:14,422 [ERROR] ConditionMgr:805 - Attr not supported : Dmpu
2024-10-22 16:42:14,422 [ERROR] ConditionMgr:805 - Attr not supported : Dmpu
2024-10-22 16:42:14,422 [ERROR] ConditionMgr:805 - Attr not supported : Dmpu
2024-10-22 16:42:14,422 [ERROR] ConditionMgr:805 - Attr not supported : Dmpu
2024-10-22 16:42:14,423 [ERROR] ConditionMgr:805 - Attr not supported : Dmpu
2024-10-22 16:42:14,423 [ERROR] ConditionMgr:805 - Attr not supported : Dmpu
2024-10-22 16:42:14,423 [ERROR] ConditionMgr:805 - Attr not supported : Dmpu
2024-10-22 16:42:14,423 [ERROR] ConditionMgr:805 - Attr not supported : Dmpu
2024-10-22 16:42:14,423 [ERROR] ConditionMgr:805 - Attr not supported : Dmpu
2024-10-22 16:42:14,423 [ERROR] ConditionMgr:805 - Attr not supported : Dmpu
2024-10-22 16:42:14,424 [ERROR] ConditionMgr:805 - Attr not supported : Dmpu
2024-10-22 16:42:14,424 [ERROR] ConditionMgr:805 - Attr not supported : Dmpu
2024-10-22 16:42:14,424 [ERROR] ConditionMgr:805 - Attr not supported : Dmpu
2024-10-22 16:42:14,424 [ERROR] ConditionMgr:805 - Attr not supported : Dmpu
2024-10-22 16:42:14,424 [ERROR] ConditionMgr:805 - Attr not supported : Dmpu
2024-10-22 16:42:14,424 [ERROR] ConditionMgr:805 - Attr not supported : Dmpu
2024-10-22 16:42:14,424 [ERROR] ConditionMgr:805 - Attr not supported : Dmpu
2024-10-22 16:42:14,424 [ERROR] ConditionMgr:805 - Attr not supported : Dmpu
2024-10-22 16:42:14,424 [ERROR] ConditionMgr:805 - Attr not supported : Dmpu
2024-10-22 16:42:14,424 [ERROR] ConditionMgr:805 - Attr not supported : Dmpu
2024-10-22 16:42:14,424 [ERROR] ConditionMgr:805 - Attr not supported : Dmpu
2024-10-22 16:42:14,425 [ERROR] ConditionMgr:805 - Attr not supported : Dmpu
2024-10-22 16:42:14,425 [ERROR] ConditionMgr:805 - Attr not supported : Dmpu
2024-10-22 16:42:14,425 [ERROR] ConditionMgr:805 - Attr not supported : Dmpu
2024-10-22 16:42:14,425 [ERROR] ConditionMgr:805 - Attr not supported : Dmpu
2024-10-22 16:42:14,425 [ERROR] ConditionMgr:805 - Attr not supported : Dmpu
2024-10-22 16:42:14,425 [ERROR] ConditionMgr:805 - Attr not supported : Dmpu
2024-10-22 16:42:14,425 [ERROR] ConditionMgr:805 - Attr not supported : Dmpu
2024-10-22 16:42:14,425 [ERROR] ConditionMgr:805 - Attr not supported : Dmpu
2024-10-22 16:42:14,425 [ERROR] ConditionMgr:805 - Attr not supported : Dmpu
2024-10-22 16:42:14,425 [ERROR] ConditionMgr:805 - Attr not supported : Dmpu
2024-10-22 16:42:14,425 [ERROR] ConditionMgr:805 - Attr not supported : Dmpu
2024-10-22 16:42:14,425 [ERROR] ConditionMgr:805 - Attr not supported : Dmpu
2024-10-22 16:42:14,458 [WARN] PackLoader:240 - Cannot read IP mode file for STMicroelectronics.X-CUBE-BLEMGR.3.0.0
2024-10-22 16:42:14,485 [WARN] PackLoader:240 - Cannot read IP mode file for RealThread.X-CUBE-RT-Thread_Nano.4.1.1
2024-10-22 16:42:14,508 [WARN] PackLoader:240 - Cannot read IP mode file for STMicroelectronics.FP-ATR-SIGFOX1.3.2.0
2024-10-22 16:42:14,531 [WARN] PackLoader:240 - Cannot read IP mode file for STMicroelectronics.X-CUBE-EEPRMA1.5.1.0
2024-10-22 16:42:14,584 [WARN] PackLoader:240 - Cannot read IP mode file for SEGGER.I-CUBE-embOS.1.3.1
2024-10-22 16:42:14,640 [WARN] PackLoader:240 - Cannot read IP mode file for STMicroelectronics.X-CUBE-ALGOBUILD.1.4.0
2024-10-22 16:42:14,659 [WARN] PackLoader:240 - Cannot read IP mode file for STMicroelectronics.X-CUBE-AI.9.1.0
2024-10-22 16:42:14,679 [WARN] PackLoader:240 - Cannot read IP mode file for STMicroelectronics.X-CUBE-GNSS1.6.0.0
2024-10-22 16:42:14,718 [WARN] PackLoader:240 - Cannot read IP mode file for STMicroelectronics.X-CUBE-AZRTOS-F4.1.1.0
2024-10-22 16:42:14,738 [WARN] PackLoader:240 - Cannot read IP mode file for STMicroelectronics.X-CUBE-ISPU.2.1.0
2024-10-22 16:42:14,756 [WARN] PackLoader:240 - Cannot read IP mode file for STMicroelectronics.X-CUBE-FREERTOS.1.2.0
2024-10-22 16:42:14,775 [WARN] PackLoader:240 - Cannot read IP mode file for wolfSSL.I-CUBE-wolfSSL.5.6.6
2024-10-22 16:42:14,822 [WARN] PackLoader:240 - Cannot read IP mode file for STMicroelectronics.X-CUBE-AZRTOS-L5.2.0.0
2024-10-22 16:42:14,844 [WARN] PackLoader:240 - Cannot read IP mode file for STMicroelectronics.X-CUBE-NFC6.3.1.0
2024-10-22 16:42:14,878 [WARN] PackLoader:240 - Cannot read IP mode file for ITTIA_DB.I-CUBE-ITTIADB.8.8.0
2024-10-22 16:42:14,895 [WARN] PackLoader:240 - Cannot read IP mode file for STMicroelectronics.X-CUBE-DPower.1.2.0
2024-10-22 16:42:14,913 [WARN] PackLoader:240 - Cannot read IP mode file for STMicroelectronics.X-CUBE-AI.9.0.0
2024-10-22 16:42:14,931 [WARN] PackLoader:240 - Cannot read IP mode file for STMicroelectronics.X-CUBE-NFC7.1.0.1
2024-10-22 16:42:14,955 [WARN] PackLoader:240 - Cannot read IP mode file for STMicroelectronics.X-CUBE-NFC6.3.0.0
2024-10-22 16:42:14,973 [WARN] PackLoader:240 - Cannot read IP mode file for STMicroelectronics.X-CUBE-AI.8.1.0
2024-10-22 16:42:15,009 [WARN] ConditionMgr:438 - getConditionDescription Invalid condition id : LAN8742 Phy interface Condition cause : null
2024-10-22 16:42:15,009 [WARN] PackLoader:240 - Cannot read IP mode file for STMicroelectronics.X-CUBE-AZRTOS-L4.2.0.0
2024-10-22 16:42:15,011 [WARN] ConditionMgr:1039 - genDependencies : Invalid condition id : LAN8742 Phy interface Condition cause : null
2024-10-22 16:42:15,011 [WARN] ConditionMgr:1039 - genDependencies : Invalid condition id : LAN8742 Phy interface Condition cause : null
2024-10-22 16:42:15,011 [WARN] ConditionMgr:1039 - genDependencies : Invalid condition id : LAN8742 Phy interface Condition cause : null
2024-10-22 16:42:15,034 [WARN] PackLoader:240 - Cannot read IP mode file for STMicroelectronics.X-CUBE-SFXS2LP1.4.0.0
2024-10-22 16:42:15,074 [WARN] PackLoader:240 - Cannot read IP mode file for STMicroelectronics.X-CUBE-AZRTOS-H7.3.3.0
2024-10-22 16:42:15,103 [WARN] PackLoader:240 - Cannot read IP mode file for STMicroelectronics.X-CUBE-IPS.3.0.0
2024-10-22 16:42:15,141 [WARN] ConditionMgr:438 - getConditionDescription Invalid condition id : UX DEVICE CLASS RTOS Condition cause : null
2024-10-22 16:42:15,142 [WARN] ConditionMgr:438 - getConditionDescription Invalid condition id : UX DEVICE CLASS RTOS Condition cause : null
2024-10-22 16:42:15,144 [WARN] PackLoader:240 - Cannot read IP mode file for STMicroelectronics.X-CUBE-AZRTOS-WB.2.0.0
2024-10-22 16:42:15,145 [WARN] ConditionMgr:1039 - genDependencies : Invalid condition id : UX DEVICE CLASS RTOS Condition cause : null
2024-10-22 16:42:15,145 [WARN] ConditionMgr:1039 - genDependencies : Invalid condition id : UX DEVICE CLASS RTOS Condition cause : null
2024-10-22 16:42:15,146 [WARN] ConditionMgr:1039 - genDependencies : Invalid condition id : UX DEVICE CLASS RTOS Condition cause : null
2024-10-22 16:42:15,146 [WARN] ConditionMgr:1039 - genDependencies : Invalid condition id : UX DEVICE CLASS RTOS Condition cause : null
2024-10-22 16:42:15,146 [WARN] ConditionMgr:1039 - genDependencies : Invalid condition id : UX DEVICE CLASS RTOS Condition cause : null
2024-10-22 16:42:15,165 [WARN] PackLoader:240 - Cannot read IP mode file for STMicroelectronics.X-CUBE-GNSS1.7.0.0
2024-10-22 16:42:15,189 [WARN] PackLoader:240 - Cannot read IP mode file for STMicroelectronics.FP-SNS-STBOX1.2.0.0
2024-10-22 16:42:15,215 [WARN] PackLoader:240 - Cannot read IP mode file for STMicroelectronics.X-CUBE-SUBG2.5.0.0
2024-10-22 16:42:15,250 [WARN] PackLoader:240 - Cannot read IP mode file for STMicroelectronics.X-CUBE-AZRTOS-G4.2.0.0
2024-10-22 16:42:15,291 [WARN] PackLoader:240 - Cannot read IP mode file for Infineon.AIROC-Wi-Fi-Bluetooth-STM32.1.5.1
2024-10-22 16:42:15,313 [WARN] PackLoader:240 - Cannot read IP mode file for STMicroelectronics.FP-SNS-MOTENVWB1.1.3.1
2024-10-22 16:42:15,331 [WARN] PackLoader:240 - Cannot read IP mode file for STMicroelectronics.X-CUBE-ISPU.2.0.0
2024-10-22 16:42:15,349 [WARN] PackLoader:240 - Cannot read IP mode file for STMicroelectronics.X-CUBE-ALS.1.0.2
2024-10-22 16:42:15,444 [WARN] PackLoader:240 - Cannot read IP mode file for STMicroelectronics.X-CUBE-MEMS1.10.0.0
2024-10-22 16:42:15,654 [WARN] PackLoader:240 - Cannot read IP mode file for STMicroelectronics.X-CUBE-FREERTOS.1.1.0
2024-10-22 16:42:15,671 [WARN] PackLoader:240 - Cannot read IP mode file for STMicroelectronics.X-CUBE-TOUCHGFX.4.24.0
2024-10-22 16:42:15,687 [WARN] PackLoader:240 - Cannot read IP mode file for STMicroelectronics.X-CUBE-TOUCHGFX.4.24.1
2024-10-22 16:42:15,703 [WARN] PackLoader:240 - Cannot read IP mode file for wolfSSL.I-CUBE-wolfTPM.3.4.0
2024-10-22 16:42:15,720 [WARN] PackLoader:240 - Cannot read IP mode file for portGmbH.I-Cube-SoM-uGOAL.1.1.0
2024-10-22 16:42:15,741 [WARN] PackLoader:240 - Cannot read IP mode file for STMicroelectronics.X-CUBE-ALS.1.0.1
2024-10-22 16:42:15,781 [WARN] PackLoader:240 - Cannot read IP mode file for STMicroelectronics.X-CUBE-AZRTOS-H7RS.1.0.0
2024-10-22 16:42:15,806 [WARN] PackLoader:240 - Cannot read IP mode file for STMicroelectronics.FP-ATR-ASTRA1.2.0.0
2024-10-22 16:42:15,829 [WARN] PackLoader:240 - Cannot read IP mode file for STMicroelectronics.X-CUBE-TOF1.3.4.2
2024-10-22 16:42:15,873 [WARN] PackLoader:240 - Cannot read IP mode file for STMicroelectronics.X-CUBE-TOF1.3.4.0
2024-10-22 16:42:15,918 [WARN] PackLoader:240 - Cannot read IP mode file for STMicroelectronics.X-CUBE-TOF1.3.4.1
2024-10-22 16:42:15,973 [WARN] PackLoader:240 - Cannot read IP mode file for STMicroelectronics.X-CUBE-AZRTOS-H7.3.2.0
2024-10-22 16:42:15,995 [WARN] PackLoader:240 - Cannot read IP mode file for wolfSSL.I-CUBE-wolfSSH.1.4.17
2024-10-22 16:42:15,996 [INFO] ThirdParty:978 - Integrity check success = true
2024-10-22 16:42:15,996 [INFO] IntegrityCheckThread:100 - exiting critical section [integrity check]
2024-10-22 16:42:15,996 [INFO] IntegrityCheckThread:103 - End integrity checks thread
2024-10-22 16:42:31,801 [ERROR] LogOutputStream:75 - [STDERR_REDIRECT] SLF4J: Failed to load class "org.slf4j.impl.StaticLoggerBinder".
2024-10-22 16:42:31,803 [ERROR] LogOutputStream:75 - [STDERR_REDIRECT] SLF4J: Defaulting to no-operation (NOP) logger implementation
2024-10-22 16:42:31,805 [ERROR] LogOutputStream:75 - [STDERR_REDIRECT] SLF4J: See http://www.slf4j.org/codes.html#StaticLoggerBinder for further details.
