2024-06-03 00:10:45,985 [INFO] MainUpdater:2873 - connection check result : 10
2024-06-03 00:10:46,007 [INFO] MainUpdater:2873 - connection check result : 10
2024-06-03 00:10:46,335 [INFO] MicroXplorer:468 - Change Database Path : 
2024-06-03 00:10:46,335 [INFO] MicroXplorer:498 - Change Database Version : DB.6.0.100
2024-06-03 00:10:46,367 [ERROR] ProjectManagerView:394 - 
java.lang.NullPointerException: Cannot invoke "javax.swing.JTextField.getText()" because the return value of "java.util.List.get(int)" is null
	at com.st.microxplorer.plugins.projectmanager.gui.ProjectChoiceTab$10.caretUpdate(ProjectChoiceTab.java:2493) ~[filemanager.jar:?]
	at javax.swing.text.JTextComponent.fireCaretUpdate(JTextComponent.java:412) ~[?:?]
	at javax.swing.text.JTextComponent$MutableCaretEvent.fire(JTextComponent.java:4491) ~[?:?]
	at javax.swing.text.JTextComponent$MutableCaretEvent.stateChanged(JTextComponent.java:4513) ~[?:?]
	at javax.swing.text.DefaultCaret.fireStateChanged(DefaultCaret.java:842) ~[?:?]
	at javax.swing.text.DefaultCaret.changeCaretPosition(DefaultCaret.java:1313) ~[?:?]
	at javax.swing.text.DefaultCaret.handleSetDot(DefaultCaret.java:1212) ~[?:?]
	at javax.swing.text.DefaultCaret.setDot(DefaultCaret.java:1193) ~[?:?]
	at javax.swing.text.DefaultCaret$Handler.insertUpdate(DefaultCaret.java:1789) ~[?:?]
	at javax.swing.text.AbstractDocument.fireInsertUpdate(AbstractDocument.java:226) ~[?:?]
	at javax.swing.text.AbstractDocument.handleInsertString(AbstractDocument.java:780) ~[?:?]
	at javax.swing.text.AbstractDocument.insertString(AbstractDocument.java:739) ~[?:?]
	at javax.swing.text.PlainDocument.insertString(PlainDocument.java:131) ~[?:?]
	at javax.swing.text.AbstractDocument.replace(AbstractDocument.java:698) ~[?:?]
	at javax.swing.text.JTextComponent.setText(JTextComponent.java:1729) ~[?:?]
	at com.st.microxplorer.plugins.projectmanager.gui.ProjectChoiceTab.createHeapStackFields(ProjectChoiceTab.java:933) ~[filemanager.jar:?]
	at com.st.microxplorer.plugins.projectmanager.gui.ProjectChoiceTab.buildLinkSettingsPanel(ProjectChoiceTab.java:3426) ~[filemanager.jar:?]
	at com.st.microxplorer.plugins.projectmanager.gui.ProjectChoiceTab.defineWindowsFields(ProjectChoiceTab.java:1813) ~[filemanager.jar:?]
	at com.st.microxplorer.plugins.projectmanager.gui.ProjectChoiceTab.updateSettings(ProjectChoiceTab.java:533) ~[filemanager.jar:?]
	at com.st.microxplorer.plugins.projectmanager.gui.ProjectSettingsPanel.UpdateDialog(ProjectSettingsPanel.java:244) ~[filemanager.jar:?]
	at com.st.microxplorer.plugins.projectmanager.ProjectManagerView.propertyChange(ProjectManagerView.java:391) ~[filemanager.jar:?]
	at java.beans.PropertyChangeSupport.fire(PropertyChangeSupport.java:343) ~[?:?]
	at java.beans.PropertyChangeSupport.firePropertyChange(PropertyChangeSupport.java:335) ~[?:?]
	at java.beans.PropertyChangeSupport.firePropertyChange(PropertyChangeSupport.java:268) ~[?:?]
	at com.st.microxplorer.util.MXPropertyChangeSupport.firePropertyChange(MXPropertyChangeSupport.java:54) ~[STM32CubeMX.jar:?]
	at com.st.microxplorer.mxsystem.MxSystem.closeConfig(MxSystem.java:900) ~[STM32CubeMX.jar:?]
	at com.st.microxplorer.maingui.MainPanel.closeConfig(MainPanel.java:776) ~[STM32CubeMX.jar:?]
	at com.st.microxplorer.plugins.filemanager.engine.OpenFileManager.loadConfigurationFile(OpenFileManager.java:245) ~[filemanager.jar:?]
	at com.st.microxplorer.plugins.filemanager.engine.MainFileManager.userLoadConfig(MainFileManager.java:290) ~[filemanager.jar:?]
	at com.st.microxplorer.plugins.filemanager.FileManagerView.getSpecificTask(FileManagerView.java:247) ~[filemanager.jar:?]
	at com.st.stm32cube.common.mx.editor.CubeMxEditor.getMxTabbedPaneInstance(CubeMxEditor.java:1184) ~[com.st.stm32cube.common.mx_6.10.0.202311202037/:?]
	at com.st.stm32cube.common.mx.editor.CubeMxEditor$12$1.createSwingComponent(CubeMxEditor.java:1065) ~[com.st.stm32cube.common.mx_6.10.0.202311202037/:?]
	at com.st.stm32cube.common.mx.oss.core.awtswtbridge.EmbeddedSwingComposite.doComponentCreation(EmbeddedSwingComposite.java:492) ~[com.st.stm32cube.common.mx.oss_6.10.0.202311202037/:?]
	at com.st.stm32cube.common.mx.oss.core.awtswtbridge.EmbeddedSwingComposite$4.run(EmbeddedSwingComposite.java:291) ~[com.st.stm32cube.common.mx.oss_6.10.0.202311202037/:?]
	at com.st.stm32cube.common.mx.oss.core.awtswtbridge.AwtEnvironment$2.run(AwtEnvironment.java:166) ~[com.st.stm32cube.common.mx.oss_6.10.0.202311202037/:?]
	at java.awt.event.InvocationEvent.dispatch(InvocationEvent.java:318) ~[?:?]
	at java.awt.EventQueue.dispatchEventImpl(EventQueue.java:773) ~[?:?]
	at java.awt.EventQueue$4.run(EventQueue.java:720) ~[?:?]
	at java.awt.EventQueue$4.run(EventQueue.java:714) ~[?:?]
	at java.security.AccessController.doPrivileged(AccessController.java:399) ~[?:?]
	at java.security.ProtectionDomain$JavaSecurityAccessImpl.doIntersectionPrivilege(ProtectionDomain.java:86) ~[?:?]
	at java.awt.EventQueue.dispatchEvent(EventQueue.java:742) ~[?:?]
	at java.awt.EventDispatchThread.pumpOneEventForFilters(EventDispatchThread.java:203) ~[?:?]
	at java.awt.EventDispatchThread.pumpEventsForFilter(EventDispatchThread.java:124) ~[?:?]
	at java.awt.EventDispatchThread.pumpEventsForHierarchy(EventDispatchThread.java:113) ~[?:?]
	at java.awt.EventDispatchThread.pumpEvents(EventDispatchThread.java:109) ~[?:?]
	at java.awt.EventDispatchThread.pumpEvents(EventDispatchThread.java:101) ~[?:?]
	at java.awt.EventDispatchThread.run(EventDispatchThread.java:90) ~[?:?]
2024-06-03 00:10:46,385 [WARN] ThirdParty:871 - waiting for thirdparty lock release [close project]
2024-06-03 00:10:46,385 [INFO] ThirdParty:873 - entering critical section [close project]
2024-06-03 00:10:46,385 [INFO] ThirdParty:883 - exiting critical section [close project]
2024-06-03 00:10:46,390 [INFO] PinOutPanel:1499 - setPackage(No Configuration,No Configuration)
2024-06-03 00:10:46,417 [WARN] IpParametersView:151 - Warning: This peripheral hasn't parameters
2024-06-03 00:10:46,451 [WARN] MainPanel:272 - <html><b><center>Warning: This peripheral has no parameters to be configured<br></b></html>
2024-06-03 00:10:46,496 [INFO] UtilMem:75 - Begin LoadConfig() Used Memory: 619419440 Bytes (1073741824)
2024-06-03 00:10:46,499 [INFO] MicroXplorer:468 - Change Database Path : 
2024-06-03 00:10:46,499 [INFO] MicroXplorer:498 - Change Database Version : DB.6.0.100
2024-06-03 00:10:46,499 [INFO] OpenFileManager:312 - Change cursor
2024-06-03 00:10:46,521 [INFO] RulesReader:64 - Compatibility file has been processed (297 Rules)
2024-06-03 00:10:46,534 [INFO] Mcu:2016 - Initializing MCU STM32F407V(E-G)Tx STM32F407VGTx STM32F407VGT6
2024-06-03 00:10:48,709 [INFO] Context:659 - Trying to add GPIOservice into a context  which must be forbidden
2024-06-03 00:10:49,217 [INFO] RtosManager:555 - Registered RTOS mode: class=CMSIS, group=RTOS, mode=CMSIS_V1, owner=FREERTOS
2024-06-03 00:10:49,217 [INFO] RtosManager:555 - Registered RTOS mode: class=CMSIS, group=RTOS2, mode=CMSIS_V2, owner=FREERTOS
2024-06-03 00:10:49,217 [INFO] RtosManager:555 - Registered RTOS mode: class=RTOS, group=Core, mode=CMSIS_V1, owner=FREERTOS
2024-06-03 00:10:49,217 [INFO] RtosManager:555 - Registered RTOS mode: class=RTOS, group=Core, mode=CMSIS_V2, owner=FREERTOS
2024-06-03 00:10:49,217 [WARN] ModelIntegratedComponent:184 - Missing modes for component STMicroelectronics:FreeRTOS:0.0.1:STMicroelectronics:RTOS:FreeRTOS:Core:::10.2.0:
2024-06-03 00:10:49,227 [WARN] ModelIntegratedComponent:63 - No mode defined for component null
2024-06-03 00:10:49,227 [WARN] ModelIntegratedComponent:63 - No mode defined for component null
2024-06-03 00:10:49,228 [WARN] ModelIntegratedComponent:63 - No mode defined for component null
2024-06-03 00:10:49,228 [WARN] ModelIntegratedComponent:63 - No mode defined for component null
2024-06-03 00:10:49,228 [WARN] ModelIntegratedComponent:63 - No mode defined for component null
2024-06-03 00:10:49,228 [WARN] ModelIntegratedComponent:63 - No mode defined for component null
2024-06-03 00:10:49,228 [WARN] ModelIntegratedComponent:63 - No mode defined for component null
2024-06-03 00:10:49,228 [WARN] ModelIntegratedComponent:63 - No mode defined for component null
2024-06-03 00:10:49,228 [WARN] ModelIntegratedComponent:63 - No mode defined for component null
2024-06-03 00:10:49,228 [WARN] ModelIntegratedComponent:63 - No mode defined for component null
2024-06-03 00:10:49,228 [WARN] ModelIntegratedComponent:63 - No mode defined for component null
2024-06-03 00:10:49,228 [WARN] ModelIntegratedComponent:63 - No mode defined for component null
2024-06-03 00:10:49,228 [WARN] ModelIntegratedComponent:63 - No mode defined for component null
2024-06-03 00:10:49,228 [WARN] ModelIntegratedComponent:63 - No mode defined for component null
2024-06-03 00:10:49,228 [WARN] ModelIntegratedComponent:63 - No mode defined for component null
2024-06-03 00:10:49,228 [WARN] ModelIntegratedComponent:63 - No mode defined for component null
2024-06-03 00:10:49,228 [WARN] ModelIntegratedComponent:63 - No mode defined for component null
2024-06-03 00:10:49,228 [WARN] ModelIntegratedComponent:63 - No mode defined for component null
2024-06-03 00:10:49,228 [WARN] ModelIntegratedComponent:63 - No mode defined for component null
2024-06-03 00:10:49,228 [WARN] ModelIntegratedComponent:63 - No mode defined for component null
2024-06-03 00:10:49,228 [WARN] ModelIntegratedComponent:63 - No mode defined for component null
2024-06-03 00:10:49,228 [WARN] ModelIntegratedComponent:63 - No mode defined for component null
2024-06-03 00:10:49,229 [WARN] ModelIntegratedComponent:63 - No mode defined for component null
2024-06-03 00:10:49,229 [WARN] ModelIntegratedComponent:63 - No mode defined for component null
2024-06-03 00:10:49,229 [WARN] ModelIntegratedComponent:63 - No mode defined for component null
2024-06-03 00:10:49,229 [WARN] ModelIntegratedComponent:63 - No mode defined for component null
2024-06-03 00:10:49,229 [WARN] ModelIntegratedComponent:63 - No mode defined for component null
2024-06-03 00:10:49,229 [WARN] ModelIntegratedComponent:63 - No mode defined for component null
2024-06-03 00:10:49,229 [WARN] ModelIntegratedComponent:63 - No mode defined for component null
2024-06-03 00:10:49,229 [WARN] ModelIntegratedComponent:63 - No mode defined for component null
2024-06-03 00:10:49,229 [WARN] ModelIntegratedComponent:63 - No mode defined for component null
2024-06-03 00:10:49,229 [WARN] ModelIntegratedComponent:63 - No mode defined for component null
2024-06-03 00:10:49,229 [WARN] ModelIntegratedComponent:63 - No mode defined for component null
2024-06-03 00:10:49,382 [INFO] ThirdPartyModel:298 - Start build external matchings
2024-06-03 00:10:50,360 [INFO] ThirdPartyModel:316 - End build external matchings
2024-06-03 00:10:50,877 [INFO] UtilMem:75 - End LoadConfig() Used Memory: 664682504 Bytes (1073741824)
2024-06-03 00:10:50,951 [INFO] MicroXplorer:468 - Change Database Path : 
2024-06-03 00:10:50,951 [INFO] MicroXplorer:498 - Change Database Version : DB.6.0.100
2024-06-03 00:10:50,951 [WARN] ThirdParty:833 - waiting for thirdparty lock release [change project]
2024-06-03 00:10:50,951 [INFO] ThirdParty:835 - entering critical section [change project]
2024-06-03 00:10:50,951 [INFO] ThirdParty:1030 - CMSIS Pack Vendor :STMicroelectronics USBPD 4.1
2024-06-03 00:10:50,951 [INFO] ThirdParty:1030 - CMSIS Pack Vendor :STMicroelectronics X-CUBE-GNSS1 6.0.0
2024-06-03 00:10:50,951 [INFO] ThirdParty:1030 - CMSIS Pack Vendor :STMicroelectronics USB_HOST 2.0.0
2024-06-03 00:10:50,951 [INFO] ThirdParty:1030 - CMSIS Pack Vendor :STMicroelectronics FP-SNS-MOTENVWB1 1.4.0
2024-06-03 00:10:50,951 [INFO] ThirdParty:1030 - CMSIS Pack Vendor :STMicroelectronics X-CUBE-AZRTOS-F4 1.1.0
2024-06-03 00:10:50,951 [INFO] ThirdParty:1030 - CMSIS Pack Vendor :STMicroelectronics LIBJPEG 8.0.0
2024-06-03 00:10:50,951 [INFO] ThirdParty:1030 - CMSIS Pack Vendor :STMicroelectronics X-CUBE-SMBUS 2.1.0
2024-06-03 00:10:50,951 [INFO] ThirdParty:1030 - CMSIS Pack Vendor :STMicroelectronics USB_DEVICE 3.0.0
2024-06-03 00:10:50,951 [INFO] ThirdParty:1030 - CMSIS Pack Vendor :STMicroelectronics X-CUBE-TCPP 4.1.0
2024-06-03 00:10:50,951 [INFO] ThirdParty:1030 - CMSIS Pack Vendor :STMicroelectronics X-CUBE-FREERTOS 1.2.0
2024-06-03 00:10:50,951 [INFO] ThirdParty:1030 - CMSIS Pack Vendor :STMicroelectronics X-CUBE-AZRTOS-WB 2.0.0
2024-06-03 00:10:50,951 [INFO] ThirdParty:1030 - CMSIS Pack Vendor :wolfSSL I-CUBE-wolfSSL 5.6.6
2024-06-03 00:10:50,951 [INFO] ThirdParty:1030 - CMSIS Pack Vendor :STMicroelectronics X-CUBE-TOUCHGFX 4.23.1
2024-06-03 00:10:50,951 [INFO] ThirdParty:1030 - CMSIS Pack Vendor :STMicroelectronics X-CUBE-TOUCHGFX 4.23.0
2024-06-03 00:10:50,951 [INFO] ThirdParty:1030 - CMSIS Pack Vendor :STMicroelectronics X-CUBE-TOUCHGFX 4.23.2
2024-06-03 00:10:50,951 [INFO] ThirdParty:1030 - CMSIS Pack Vendor :STMicroelectronics X-CUBE-AZRTOS-F7 1.1.0
2024-06-03 00:10:50,951 [INFO] ThirdParty:1030 - CMSIS Pack Vendor :STMicroelectronics X-CUBE-AZRTOS-L5 2.0.0
2024-06-03 00:10:50,951 [INFO] ThirdParty:1030 - CMSIS Pack Vendor :STMicroelectronics USB_DEVICE 2.0.0
2024-06-03 00:10:50,951 [INFO] ThirdParty:1030 - CMSIS Pack Vendor :STMicroelectronics X-CUBE-NFC6 3.1.0
2024-06-03 00:10:50,951 [INFO] ThirdParty:1030 - CMSIS Pack Vendor :ITTIA_DB I-CUBE-ITTIADB 8.8.0
2024-06-03 00:10:50,951 [INFO] ThirdParty:1030 - CMSIS Pack Vendor :STMicroelectronics FP-SNS-MOTENV1 4.3.2
2024-06-03 00:10:50,951 [INFO] ThirdParty:1030 - CMSIS Pack Vendor :STMicroelectronics X-CUBE-ALGOBUILD 1.3.0
2024-06-03 00:10:50,951 [INFO] ThirdParty:1030 - CMSIS Pack Vendor :STMicroelectronics FreeRTOS 0.0.1
2024-06-03 00:10:50,951 [INFO] ThirdParty:1030 - CMSIS Pack Vendor :STMicroelectronics X-CUBE-AZRTOS-G0 1.1.0
2024-06-03 00:10:50,951 [INFO] ThirdParty:1030 - CMSIS Pack Vendor :STMicroelectronics X-CUBE-SAFEA1 1.2.2
2024-06-03 00:10:50,951 [INFO] ThirdParty:1030 - CMSIS Pack Vendor :STMicroelectronics X-CUBE-NFC4 3.0.0
2024-06-03 00:10:50,951 [INFO] ThirdParty:1030 - CMSIS Pack Vendor :STMicroelectronics X-CUBE-SUBG2 5.0.0
2024-06-03 00:10:50,951 [INFO] ThirdParty:1030 - CMSIS Pack Vendor :STMicroelectronics STM32_WPAN 1.0.0
2024-06-03 00:10:50,951 [INFO] ThirdParty:1030 - CMSIS Pack Vendor :wolfSSL I-CUBE-wolfMQTT 1.18.0
2024-06-03 00:10:50,951 [INFO] ThirdParty:1030 - CMSIS Pack Vendor :STMicroelectronics lwIP 2.0.3
2024-06-03 00:10:50,951 [INFO] ThirdParty:1030 - CMSIS Pack Vendor :STMicroelectronics FP-SNS-FLIGHT1 5.0.2
2024-06-03 00:10:50,951 [INFO] ThirdParty:1030 - CMSIS Pack Vendor :STMicroelectronics USB_HOST 1.0.0
2024-06-03 00:10:50,951 [INFO] ThirdParty:1030 - CMSIS Pack Vendor :STMicroelectronics X-CUBE-AI 9.0.0
2024-06-03 00:10:50,951 [INFO] ThirdParty:1030 - CMSIS Pack Vendor :STMicroelectronics X-CUBE-AZRTOS-G4 2.0.0
2024-06-03 00:10:50,951 [INFO] ThirdParty:1030 - CMSIS Pack Vendor :STMicroelectronics PDM2PCM 3.1.0
2024-06-03 00:10:50,951 [INFO] ThirdParty:1030 - CMSIS Pack Vendor :Infineon AIROC-Wi-Fi-Bluetooth-STM32 1.5.1
2024-06-03 00:10:50,951 [INFO] ThirdParty:1030 - CMSIS Pack Vendor :STMicroelectronics X-CUBE-BLEMGR 3.0.0
2024-06-03 00:10:50,951 [INFO] ThirdParty:1030 - CMSIS Pack Vendor :STMicroelectronics PDM2PCM 3.3.0
2024-06-03 00:10:50,951 [INFO] ThirdParty:1030 - CMSIS Pack Vendor :STMicroelectronics X-CUBE-DISPLAY 3.0.0
2024-06-03 00:10:50,951 [INFO] ThirdParty:1030 - CMSIS Pack Vendor :STMicroelectronics FP-SNS-MOTENVWB1 1.3.1
2024-06-03 00:10:50,951 [INFO] ThirdParty:1030 - CMSIS Pack Vendor :STMicroelectronics X-CUBE-BLE1 7.0.0
2024-06-03 00:10:50,951 [INFO] ThirdParty:1030 - CMSIS Pack Vendor :STMicroelectronics FP-ATR-SIGFOX1 3.2.0
2024-06-03 00:10:50,951 [INFO] ThirdParty:1030 - CMSIS Pack Vendor :STMicroelectronics X-CUBE-ISPU 2.0.0
2024-06-03 00:10:50,951 [INFO] ThirdParty:1030 - CMSIS Pack Vendor :STMicroelectronics X-CUBE-EEPRMA1 5.1.0
2024-06-03 00:10:50,951 [INFO] ThirdParty:1030 - CMSIS Pack Vendor :STMicroelectronics HAL Drivers 0.0.0
2024-06-03 00:10:50,951 [INFO] ThirdParty:1030 - CMSIS Pack Vendor :STMicroelectronics MBEDTLS 2.16.2
2024-06-03 00:10:50,951 [INFO] ThirdParty:1030 - CMSIS Pack Vendor :STMicroelectronics X-CUBE-ALS 1.0.2
2024-06-03 00:10:50,951 [INFO] ThirdParty:1030 - CMSIS Pack Vendor :emotas I-CUBE-CANOPEN 1.3.0
2024-06-03 00:10:50,951 [INFO] ThirdParty:1030 - CMSIS Pack Vendor :STMicroelectronics X-CUBE-MEMS1 10.0.0
2024-06-03 00:10:50,951 [INFO] ThirdParty:1030 - CMSIS Pack Vendor :STMicroelectronics X-CUBE-FREERTOS 1.1.0
2024-06-03 00:10:50,951 [INFO] ThirdParty:1030 - CMSIS Pack Vendor :STMicroelectronics X-CUBE-NFC7 1.0.1
2024-06-03 00:10:50,951 [INFO] ThirdParty:1030 - CMSIS Pack Vendor :STMicroelectronics MBEDTLS 2.14.1
2024-06-03 00:10:50,951 [INFO] ThirdParty:1030 - CMSIS Pack Vendor :STMicroelectronics X-CUBE-NFC6 3.0.0
2024-06-03 00:10:50,951 [INFO] ThirdParty:1030 - CMSIS Pack Vendor :portGmbH I-Cube-SoM-uGOAL 1.1.0
2024-06-03 00:10:50,951 [INFO] ThirdParty:1030 - CMSIS Pack Vendor :STMicroelectronics X-CUBE-ALS 1.0.1
2024-06-03 00:10:50,951 [INFO] ThirdParty:1030 - CMSIS Pack Vendor :STMicroelectronics X-CUBE-BLEMGR 3.1.0
2024-06-03 00:10:50,951 [INFO] ThirdParty:1030 - CMSIS Pack Vendor :STMicroelectronics ThreadX 1.0.0
2024-06-03 00:10:50,951 [INFO] ThirdParty:1030 - CMSIS Pack Vendor :STMicroelectronics FP-SNS-SMARTAG2 1.2.0
2024-06-03 00:10:50,951 [INFO] ThirdParty:1030 - CMSIS Pack Vendor :STMicroelectronics X-CUBE-AZRTOS-WL 2.0.0
2024-06-03 00:10:50,951 [INFO] ThirdParty:1030 - CMSIS Pack Vendor :SEGGER I-CUBE-embOS 1.3.1
2024-06-03 00:10:50,951 [INFO] ThirdParty:1030 - CMSIS Pack Vendor :STMicroelectronics X-CUBE-ALGOBUILD 1.4.0
2024-06-03 00:10:50,951 [INFO] ThirdParty:1030 - CMSIS Pack Vendor :STMicroelectronics FP-SNS-MOTENV1 5.0.0
2024-06-03 00:10:50,951 [INFO] ThirdParty:1030 - CMSIS Pack Vendor :STMicroelectronics USB_DEVICE 1.0.0
2024-06-03 00:10:50,951 [INFO] ThirdParty:1030 - CMSIS Pack Vendor :STMicroelectronics X-CUBE-AI 8.1.0
2024-06-03 00:10:50,951 [INFO] ThirdParty:1030 - CMSIS Pack Vendor :STMicroelectronics X-CUBE-AZRTOS-H7RS 1.0.0
2024-06-03 00:10:50,951 [INFO] ThirdParty:1030 - CMSIS Pack Vendor :STMicroelectronics X-CUBE-AZRTOS-L4 2.0.0
2024-06-03 00:10:50,951 [INFO] ThirdParty:1030 - CMSIS Pack Vendor :STMicroelectronics ThreadX 0.0.2
2024-06-03 00:10:50,951 [INFO] ThirdParty:1030 - CMSIS Pack Vendor :WES I-CUBE-Cesium 1.3.0
2024-06-03 00:10:50,951 [INFO] ThirdParty:1030 - CMSIS Pack Vendor :STMicroelectronics FP-ATR-ASTRA1 2.0.0
2024-06-03 00:10:50,951 [INFO] ThirdParty:1030 - CMSIS Pack Vendor :STMicroelectronics lwIP 2.1.2
2024-06-03 00:10:50,951 [INFO] ThirdParty:1030 - CMSIS Pack Vendor :STMicroelectronics X-CUBE-SFXS2LP1 4.0.0
2024-06-03 00:10:50,951 [INFO] ThirdParty:1030 - CMSIS Pack Vendor :STMicroelectronics X-CUBE-BLE2 3.3.0
2024-06-03 00:10:50,951 [INFO] ThirdParty:1030 - CMSIS Pack Vendor :STMicroelectronics X-CUBE-TOF1 3.4.0
2024-06-03 00:10:50,951 [INFO] ThirdParty:1030 - CMSIS Pack Vendor :STMicroelectronics X-CUBE-TOF1 3.4.1
2024-06-03 00:10:50,951 [INFO] ThirdParty:1030 - CMSIS Pack Vendor :STMicroelectronics X-CUBE-AZRTOS-H7 3.2.0
2024-06-03 00:10:50,951 [INFO] ThirdParty:1030 - CMSIS Pack Vendor :STMicroelectronics PDM2PCM 3.2.0
2024-06-03 00:10:50,951 [INFO] ThirdParty:841 - exiting critical section [change project]
2024-06-03 00:10:51,239 [INFO] PinOutPanel:1499 - setPackage(No Configuration,No Configuration)
2024-06-03 00:10:51,239 [INFO] PinOutPanel:1499 - setPackage(STM32F407VGTx,LQFP100)
2024-06-03 00:10:51,532 [INFO] UtilMem:75 - Before build in PCC Used Memory: 659768096 Bytes (1073741824)
2024-06-03 00:10:51,990 [INFO] UtilMem:75 - After build in PCC Used Memory: 705905440 Bytes (1073741824)
2024-06-03 00:10:52,038 [INFO] IPUIPlugin:80 - create IPUIPlugin
2024-06-03 00:10:52,039 [INFO] IPUIPlugin:80 - create IPUIPlugin
2024-06-03 00:10:52,039 [INFO] IPUIPlugin:80 - create IPUIPlugin
2024-06-03 00:10:52,039 [INFO] IPUIPlugin:80 - create IPUIPlugin
2024-06-03 00:10:52,039 [INFO] IPUIPlugin:80 - create IPUIPlugin
2024-06-03 00:10:52,039 [INFO] IPUIPlugin:80 - create IPUIPlugin
2024-06-03 00:10:52,039 [INFO] IPUIPlugin:80 - create IPUIPlugin
2024-06-03 00:10:52,040 [INFO] IPUIPlugin:80 - create IPUIPlugin
2024-06-03 00:10:52,040 [INFO] IPUIPlugin:80 - create IPUIPlugin
2024-06-03 00:10:52,040 [INFO] IPUIPlugin:80 - create IPUIPlugin
2024-06-03 00:10:52,040 [INFO] IPUIPlugin:80 - create IPUIPlugin
2024-06-03 00:10:52,040 [INFO] IPUIPlugin:80 - create IPUIPlugin
2024-06-03 00:10:52,040 [INFO] IPUIPlugin:80 - create IPUIPlugin
2024-06-03 00:10:52,040 [INFO] IPUIPlugin:80 - create IPUIPlugin
2024-06-03 00:10:52,040 [INFO] IPUIPlugin:80 - create IPUIPlugin
2024-06-03 00:10:52,040 [INFO] IPUIPlugin:80 - create IPUIPlugin
2024-06-03 00:10:52,040 [INFO] IPUIPlugin:80 - create IPUIPlugin
2024-06-03 00:10:52,041 [INFO] IPUIPlugin:80 - create IPUIPlugin
2024-06-03 00:10:52,041 [INFO] IPUIPlugin:80 - create IPUIPlugin
2024-06-03 00:10:52,041 [INFO] IPUIPlugin:80 - create IPUIPlugin
2024-06-03 00:10:52,042 [INFO] IPUIPlugin:80 - create IPUIPlugin
2024-06-03 00:10:52,042 [INFO] IPUIPlugin:80 - create IPUIPlugin
2024-06-03 00:10:52,043 [INFO] IPUIPlugin:80 - create IPUIPlugin
2024-06-03 00:10:52,043 [INFO] IPUIPlugin:80 - create IPUIPlugin
2024-06-03 00:10:52,043 [INFO] IPUIPlugin:80 - create IPUIPlugin
2024-06-03 00:10:52,044 [INFO] IPUIPlugin:80 - create IPUIPlugin
2024-06-03 00:10:52,044 [INFO] IPUIPlugin:80 - create IPUIPlugin
2024-06-03 00:10:52,044 [INFO] IPUIPlugin:80 - create IPUIPlugin
2024-06-03 00:10:52,045 [INFO] IPUIPlugin:80 - create IPUIPlugin
2024-06-03 00:10:52,045 [INFO] IPUIPlugin:80 - create IPUIPlugin
2024-06-03 00:10:52,046 [INFO] IPUIPlugin:80 - create IPUIPlugin
2024-06-03 00:10:52,046 [INFO] IPUIPlugin:80 - create IPUIPlugin
2024-06-03 00:10:52,047 [INFO] IPUIPlugin:80 - create IPUIPlugin
2024-06-03 00:10:52,048 [INFO] IPUIPlugin:80 - create IPUIPlugin
2024-06-03 00:10:52,049 [INFO] IPUIPlugin:80 - create IPUIPlugin
2024-06-03 00:10:52,049 [INFO] IPUIPlugin:80 - create IPUIPlugin
2024-06-03 00:10:52,050 [INFO] IPUIPlugin:80 - create IPUIPlugin
2024-06-03 00:10:52,050 [INFO] IPUIPlugin:80 - create IPUIPlugin
2024-06-03 00:10:52,050 [INFO] IPUIPlugin:80 - create IPUIPlugin
2024-06-03 00:10:52,051 [INFO] IPUIPlugin:80 - create IPUIPlugin
2024-06-03 00:10:52,051 [INFO] IPUIPlugin:80 - create IPUIPlugin
2024-06-03 00:10:52,052 [INFO] IPUIPlugin:80 - create IPUIPlugin
2024-06-03 00:10:52,052 [INFO] IPUIPlugin:80 - create IPUIPlugin
2024-06-03 00:10:52,053 [INFO] IPUIPlugin:80 - create IPUIPlugin
2024-06-03 00:10:52,053 [INFO] IPUIPlugin:80 - create IPUIPlugin
2024-06-03 00:10:52,054 [INFO] IPUIPlugin:80 - create IPUIPlugin
2024-06-03 00:10:52,054 [INFO] IPUIPlugin:80 - create IPUIPlugin
2024-06-03 00:10:52,054 [INFO] IPUIPlugin:80 - create IPUIPlugin
2024-06-03 00:10:52,055 [INFO] IPUIPlugin:80 - create IPUIPlugin
2024-06-03 00:10:52,055 [INFO] IPUIPlugin:80 - create IPUIPlugin
2024-06-03 00:10:52,056 [INFO] IPUIPlugin:80 - create IPUIPlugin
2024-06-03 00:10:52,056 [INFO] IPUIPlugin:80 - create IPUIPlugin
2024-06-03 00:10:52,057 [INFO] IPUIPlugin:80 - create IPUIPlugin
2024-06-03 00:10:52,058 [INFO] IPUIPlugin:80 - create IPUIPlugin
2024-06-03 00:10:52,059 [INFO] IPUIPlugin:80 - create IPUIPlugin
2024-06-03 00:10:52,060 [INFO] IPUIPlugin:80 - create IPUIPlugin
2024-06-03 00:10:52,061 [INFO] IPUIPlugin:80 - create IPUIPlugin
2024-06-03 00:10:52,062 [INFO] IPUIPlugin:80 - create IPUIPlugin
2024-06-03 00:10:52,068 [INFO] ApiDbMcu:508 - Load IP Config File for PDM2PCM
2024-06-03 00:10:52,106 [INFO] CADModel:165 - CPN selected for project levelSTM32F407VGT6
2024-06-03 00:10:52,106 [INFO] CADModel:114 - Register for checkConnection events
2024-06-03 00:10:52,194 [INFO] OpenFileManager:343 - Restore cursor
2024-06-03 00:11:52,803 [INFO] UtilMem:75 - End SaveConfig() Used Memory: 775930144 Bytes (1073741824)
2024-06-03 00:11:56,035 [INFO] UtilMem:75 - End SaveConfig() Used Memory: 868206880 Bytes (1073741824)
2024-06-03 00:11:56,402 [INFO] BlockDiagram:2759 - set Specific Code input for plugin: SYS
2024-06-03 00:11:56,402 [INFO] BlockDiagram:2759 - set Specific Code input for plugin: RCC
2024-06-03 00:11:56,402 [INFO] BlockDiagram:2759 - set Specific Code input for plugin: NVIC
2024-06-03 00:11:56,402 [INFO] BlockDiagram:2759 - set Specific Code input for plugin: GPIO
2024-06-03 00:11:56,403 [INFO] CodeGenerator:807 - code generatio: config db path: C:\ST\STM32CubeIDE_1.14.1\STM32CubeIDE\plugins\com.st.stm32cube.common.mx_6.10.0.202311202037\\db\
2024-06-03 00:11:56,699 [INFO] CodeEngine:255 - oldGeneratedFile, C:\Workspace\RTOS_workspace\FreeRTOS_Projects\MXTmpFiles\license.tmp_save
2024-06-03 00:11:56,903 [INFO] CodeEngine:279 - Generated code: C:\Workspace\RTOS_workspace\FreeRTOS_Projects\MXTmpFiles\license.tmp
2024-06-03 00:11:56,993 [INFO] CodeEngine:255 - oldGeneratedFile, C:\Workspace\RTOS_workspace\FreeRTOS_Projects\MXTmpFiles\gpio.tmp_save
2024-06-03 00:11:57,310 [INFO] CodeEngine:279 - Generated code: C:\Workspace\RTOS_workspace\FreeRTOS_Projects\MXTmpFiles\gpio.tmp
2024-06-03 00:11:57,709 [INFO] CodeEngine:255 - oldGeneratedFile, C:\Workspace\RTOS_workspace\FreeRTOS_Projects\Core\Src\stm32f4xx_it.c_save
2024-06-03 00:11:58,157 [INFO] CodeEngine:279 - Generated code: C:\Workspace\RTOS_workspace\FreeRTOS_Projects\Core\Src\stm32f4xx_it.c
2024-06-03 00:11:58,167 [INFO] CodeEngine:255 - oldGeneratedFile, C:\Workspace\RTOS_workspace\FreeRTOS_Projects\Core\Inc\stm32f4xx_it.h_save
2024-06-03 00:11:58,282 [INFO] CodeEngine:279 - Generated code: C:\Workspace\RTOS_workspace\FreeRTOS_Projects\Core\Inc\stm32f4xx_it.h
2024-06-03 00:11:58,316 [INFO] CodeEngine:255 - oldGeneratedFile, C:\Workspace\RTOS_workspace\FreeRTOS_Projects\Core\Src\stm32f4xx_hal_msp.c_save
2024-06-03 00:11:58,473 [INFO] CodeEngine:279 - Generated code: C:\Workspace\RTOS_workspace\FreeRTOS_Projects\Core\Src\stm32f4xx_hal_msp.c
2024-06-03 00:11:58,477 [INFO] CodeEngine:255 - oldGeneratedFile, C:\Workspace\RTOS_workspace\FreeRTOS_Projects\MXTmpFiles\system.tmp_save
2024-06-03 00:11:58,561 [INFO] CodeEngine:279 - Generated code: C:\Workspace\RTOS_workspace\FreeRTOS_Projects\MXTmpFiles\system.tmp
2024-06-03 00:11:58,586 [INFO] CodeEngine:311 - oldGeneratedFile, C:\Workspace\RTOS_workspace\FreeRTOS_Projects\Core\Inc\stm32f4xx_hal_conf.h_save
2024-06-03 00:11:58,745 [INFO] CodeEngine:335 - Generated code: C:\Workspace\RTOS_workspace\FreeRTOS_Projects\Core\Inc\stm32f4xx_hal_conf.h
2024-06-03 00:11:58,815 [INFO] CodeEngine:255 - oldGeneratedFile, C:\Workspace\RTOS_workspace\FreeRTOS_Projects\Core\Inc\main.h_save
2024-06-03 00:11:59,002 [INFO] CodeEngine:279 - Generated code: C:\Workspace\RTOS_workspace\FreeRTOS_Projects\Core\Inc\main.h
2024-06-03 00:11:59,022 [INFO] CodeEngine:255 - oldGeneratedFile, C:\Workspace\RTOS_workspace\FreeRTOS_Projects\Core\Src\main.c_save
2024-06-03 00:11:59,223 [INFO] CodeEngine:279 - Generated code: C:\Workspace\RTOS_workspace\FreeRTOS_Projects\Core\Src\main.c
2024-06-03 00:12:00,168 [INFO] ProjectBuilder:3076 - Time for Copy HAL[1] : 379mS.
2024-06-03 00:12:00,171 [INFO] ProjectBuilder:4485 - Project Generator version: 4.2.0-B44
2024-06-03 00:12:00,637 [INFO] ConfigFileManager:1495 - The Die is : DIE413
2024-06-03 00:12:00,640 [INFO] ApiDbMcu:508 - Load IP Config File for FATFS
2024-06-03 00:12:00,644 [INFO] ApiDbMcu:508 - Load IP Config File for FREERTOS
2024-06-03 00:12:00,646 [INFO] ApiDbMcu:508 - Load IP Config File for LIBJPEG
2024-06-03 00:12:00,654 [INFO] ApiDbMcu:508 - Load IP Config File for LWIP
2024-06-03 00:12:00,661 [INFO] ApiDbMcu:508 - Load IP Config File for MBEDTLS
2024-06-03 00:12:00,671 [INFO] ApiDbMcu:508 - Load IP Config File for USB_DEVICE
2024-06-03 00:12:00,677 [INFO] ApiDbMcu:508 - Load IP Config File for USB_HOST
2024-06-03 00:12:03,360 [INFO] ProjectBuilder:4747 - Time for Generating toolchain IDE Files: 3189mS.
2024-06-03 00:12:03,361 [INFO] ProjectBuilder:2947 - Time for Copy CMSIS : 1mS.
2024-06-03 00:12:03,365 [INFO] ProjectBuilder:2947 - Time for Copy CMSIS : 0mS.
2024-06-03 00:23:21,848 [INFO] MainUpdater:2873 - connection check result : 10
2024-06-03 00:23:21,848 [INFO] MainUpdater:2873 - connection check result : 10
2024-06-03 00:23:21,942 [INFO] MicroXplorer:468 - Change Database Path : 
2024-06-03 00:23:21,942 [INFO] MicroXplorer:498 - Change Database Version : DB.6.0.100
2024-06-03 00:23:21,950 [ERROR] ProjectManagerView:394 - 
java.lang.NullPointerException: Cannot invoke "javax.swing.JTextField.getText()" because the return value of "java.util.List.get(int)" is null
	at com.st.microxplorer.plugins.projectmanager.gui.ProjectChoiceTab$10.caretUpdate(ProjectChoiceTab.java:2493) ~[filemanager.jar:?]
	at javax.swing.text.JTextComponent.fireCaretUpdate(JTextComponent.java:412) ~[?:?]
	at javax.swing.text.JTextComponent$MutableCaretEvent.fire(JTextComponent.java:4491) ~[?:?]
	at javax.swing.text.JTextComponent$MutableCaretEvent.stateChanged(JTextComponent.java:4513) ~[?:?]
	at javax.swing.text.DefaultCaret.fireStateChanged(DefaultCaret.java:842) ~[?:?]
	at javax.swing.text.DefaultCaret.changeCaretPosition(DefaultCaret.java:1313) ~[?:?]
	at javax.swing.text.DefaultCaret.handleSetDot(DefaultCaret.java:1212) ~[?:?]
	at javax.swing.text.DefaultCaret.setDot(DefaultCaret.java:1193) ~[?:?]
	at javax.swing.text.DefaultCaret$Handler.insertUpdate(DefaultCaret.java:1789) ~[?:?]
	at javax.swing.text.AbstractDocument.fireInsertUpdate(AbstractDocument.java:226) ~[?:?]
	at javax.swing.text.AbstractDocument.handleInsertString(AbstractDocument.java:780) ~[?:?]
	at javax.swing.text.AbstractDocument.insertString(AbstractDocument.java:739) ~[?:?]
	at javax.swing.text.PlainDocument.insertString(PlainDocument.java:131) ~[?:?]
	at javax.swing.text.AbstractDocument.replace(AbstractDocument.java:698) ~[?:?]
	at javax.swing.text.JTextComponent.setText(JTextComponent.java:1729) ~[?:?]
	at com.st.microxplorer.plugins.projectmanager.gui.ProjectChoiceTab.createHeapStackFields(ProjectChoiceTab.java:933) ~[filemanager.jar:?]
	at com.st.microxplorer.plugins.projectmanager.gui.ProjectChoiceTab.buildLinkSettingsPanel(ProjectChoiceTab.java:3426) ~[filemanager.jar:?]
	at com.st.microxplorer.plugins.projectmanager.gui.ProjectChoiceTab.defineWindowsFields(ProjectChoiceTab.java:1813) ~[filemanager.jar:?]
	at com.st.microxplorer.plugins.projectmanager.gui.ProjectChoiceTab.updateSettings(ProjectChoiceTab.java:533) ~[filemanager.jar:?]
	at com.st.microxplorer.plugins.projectmanager.gui.ProjectSettingsPanel.UpdateDialog(ProjectSettingsPanel.java:244) ~[filemanager.jar:?]
	at com.st.microxplorer.plugins.projectmanager.ProjectManagerView.propertyChange(ProjectManagerView.java:391) ~[filemanager.jar:?]
	at java.beans.PropertyChangeSupport.fire(PropertyChangeSupport.java:343) ~[?:?]
	at java.beans.PropertyChangeSupport.firePropertyChange(PropertyChangeSupport.java:335) ~[?:?]
	at java.beans.PropertyChangeSupport.firePropertyChange(PropertyChangeSupport.java:268) ~[?:?]
	at com.st.microxplorer.util.MXPropertyChangeSupport.firePropertyChange(MXPropertyChangeSupport.java:54) ~[STM32CubeMX.jar:?]
	at com.st.microxplorer.mxsystem.MxSystem.closeConfig(MxSystem.java:900) ~[STM32CubeMX.jar:?]
	at com.st.microxplorer.maingui.MainPanel.closeConfig(MainPanel.java:776) ~[STM32CubeMX.jar:?]
	at com.st.microxplorer.plugins.filemanager.engine.OpenFileManager.loadConfigurationFile(OpenFileManager.java:245) ~[filemanager.jar:?]
	at com.st.microxplorer.plugins.filemanager.engine.MainFileManager.userLoadConfig(MainFileManager.java:290) ~[filemanager.jar:?]
	at com.st.microxplorer.plugins.filemanager.FileManagerView.getSpecificTask(FileManagerView.java:247) ~[filemanager.jar:?]
	at com.st.stm32cube.common.mx.editor.CubeMxEditor.getMxTabbedPaneInstance(CubeMxEditor.java:1184) ~[com.st.stm32cube.common.mx_6.10.0.202311202037/:?]
	at com.st.stm32cube.common.mx.editor.CubeMxEditor$12$1.createSwingComponent(CubeMxEditor.java:1065) ~[com.st.stm32cube.common.mx_6.10.0.202311202037/:?]
	at com.st.stm32cube.common.mx.oss.core.awtswtbridge.EmbeddedSwingComposite.doComponentCreation(EmbeddedSwingComposite.java:492) ~[com.st.stm32cube.common.mx.oss_6.10.0.202311202037/:?]
	at com.st.stm32cube.common.mx.oss.core.awtswtbridge.EmbeddedSwingComposite$4.run(EmbeddedSwingComposite.java:291) ~[com.st.stm32cube.common.mx.oss_6.10.0.202311202037/:?]
	at com.st.stm32cube.common.mx.oss.core.awtswtbridge.AwtEnvironment$2.run(AwtEnvironment.java:166) ~[com.st.stm32cube.common.mx.oss_6.10.0.202311202037/:?]
	at java.awt.event.InvocationEvent.dispatch(InvocationEvent.java:318) ~[?:?]
	at java.awt.EventQueue.dispatchEventImpl(EventQueue.java:773) ~[?:?]
	at java.awt.EventQueue$4.run(EventQueue.java:720) ~[?:?]
	at java.awt.EventQueue$4.run(EventQueue.java:714) ~[?:?]
	at java.security.AccessController.doPrivileged(AccessController.java:399) ~[?:?]
	at java.security.ProtectionDomain$JavaSecurityAccessImpl.doIntersectionPrivilege(ProtectionDomain.java:86) ~[?:?]
	at java.awt.EventQueue.dispatchEvent(EventQueue.java:742) ~[?:?]
	at java.awt.EventDispatchThread.pumpOneEventForFilters(EventDispatchThread.java:203) ~[?:?]
	at java.awt.EventDispatchThread.pumpEventsForFilter(EventDispatchThread.java:124) ~[?:?]
	at java.awt.EventDispatchThread.pumpEventsForHierarchy(EventDispatchThread.java:113) ~[?:?]
	at java.awt.EventDispatchThread.pumpEvents(EventDispatchThread.java:109) ~[?:?]
	at java.awt.EventDispatchThread.pumpEvents(EventDispatchThread.java:101) ~[?:?]
	at java.awt.EventDispatchThread.run(EventDispatchThread.java:90) ~[?:?]
2024-06-03 00:23:21,950 [WARN] ThirdParty:871 - waiting for thirdparty lock release [close project]
2024-06-03 00:23:21,950 [INFO] ThirdParty:873 - entering critical section [close project]
2024-06-03 00:23:21,950 [INFO] ThirdParty:883 - exiting critical section [close project]
2024-06-03 00:23:21,950 [INFO] PinOutPanel:1499 - setPackage(No Configuration,No Configuration)
2024-06-03 00:23:21,971 [WARN] IpParametersView:151 - Warning: This peripheral hasn't parameters
2024-06-03 00:23:21,980 [WARN] MainPanel:272 - <html><b><center>Warning: This peripheral has no parameters to be configured<br></b></html>
2024-06-03 00:23:21,983 [INFO] UtilMem:75 - Begin LoadConfig() Used Memory: 814371168 Bytes (1073741824)
2024-06-03 00:23:21,983 [INFO] MicroXplorer:468 - Change Database Path : 
2024-06-03 00:23:21,983 [INFO] MicroXplorer:498 - Change Database Version : DB.6.0.100
2024-06-03 00:23:21,983 [INFO] OpenFileManager:312 - Change cursor
2024-06-03 00:23:22,007 [INFO] RulesReader:64 - Compatibility file has been processed (297 Rules)
2024-06-03 00:23:22,011 [INFO] Mcu:2016 - Initializing MCU STM32F407V(E-G)Tx STM32F407VGTx STM32F407VGT6
2024-06-03 00:23:23,941 [INFO] Context:659 - Trying to add GPIOservice into a context  which must be forbidden
2024-06-03 00:23:24,348 [INFO] RtosManager:555 - Registered RTOS mode: class=CMSIS, group=RTOS, mode=CMSIS_V1, owner=FREERTOS
2024-06-03 00:23:24,348 [INFO] RtosManager:555 - Registered RTOS mode: class=CMSIS, group=RTOS2, mode=CMSIS_V2, owner=FREERTOS
2024-06-03 00:23:24,348 [INFO] RtosManager:555 - Registered RTOS mode: class=RTOS, group=Core, mode=CMSIS_V1, owner=FREERTOS
2024-06-03 00:23:24,348 [INFO] RtosManager:555 - Registered RTOS mode: class=RTOS, group=Core, mode=CMSIS_V2, owner=FREERTOS
2024-06-03 00:23:24,348 [WARN] ModelIntegratedComponent:184 - Missing modes for component STMicroelectronics:FreeRTOS:0.0.1:STMicroelectronics:RTOS:FreeRTOS:Core:::10.2.0:
2024-06-03 00:23:24,364 [WARN] ModelIntegratedComponent:63 - No mode defined for component null
2024-06-03 00:23:24,364 [WARN] ModelIntegratedComponent:63 - No mode defined for component null
2024-06-03 00:23:24,364 [WARN] ModelIntegratedComponent:63 - No mode defined for component null
2024-06-03 00:23:24,364 [WARN] ModelIntegratedComponent:63 - No mode defined for component null
2024-06-03 00:23:24,364 [WARN] ModelIntegratedComponent:63 - No mode defined for component null
2024-06-03 00:23:24,364 [WARN] ModelIntegratedComponent:63 - No mode defined for component null
2024-06-03 00:23:24,364 [WARN] ModelIntegratedComponent:63 - No mode defined for component null
2024-06-03 00:23:24,364 [WARN] ModelIntegratedComponent:63 - No mode defined for component null
2024-06-03 00:23:24,364 [WARN] ModelIntegratedComponent:63 - No mode defined for component null
2024-06-03 00:23:24,364 [WARN] ModelIntegratedComponent:63 - No mode defined for component null
2024-06-03 00:23:24,364 [WARN] ModelIntegratedComponent:63 - No mode defined for component null
2024-06-03 00:23:24,364 [WARN] ModelIntegratedComponent:63 - No mode defined for component null
2024-06-03 00:23:24,364 [WARN] ModelIntegratedComponent:63 - No mode defined for component null
2024-06-03 00:23:24,364 [WARN] ModelIntegratedComponent:63 - No mode defined for component null
2024-06-03 00:23:24,364 [WARN] ModelIntegratedComponent:63 - No mode defined for component null
2024-06-03 00:23:24,364 [WARN] ModelIntegratedComponent:63 - No mode defined for component null
2024-06-03 00:23:24,364 [WARN] ModelIntegratedComponent:63 - No mode defined for component null
2024-06-03 00:23:24,364 [WARN] ModelIntegratedComponent:63 - No mode defined for component null
2024-06-03 00:23:24,364 [WARN] ModelIntegratedComponent:63 - No mode defined for component null
2024-06-03 00:23:24,364 [WARN] ModelIntegratedComponent:63 - No mode defined for component null
2024-06-03 00:23:24,364 [WARN] ModelIntegratedComponent:63 - No mode defined for component null
2024-06-03 00:23:24,364 [WARN] ModelIntegratedComponent:63 - No mode defined for component null
2024-06-03 00:23:24,364 [WARN] ModelIntegratedComponent:63 - No mode defined for component null
2024-06-03 00:23:24,364 [WARN] ModelIntegratedComponent:63 - No mode defined for component null
2024-06-03 00:23:24,364 [WARN] ModelIntegratedComponent:63 - No mode defined for component null
2024-06-03 00:23:24,364 [WARN] ModelIntegratedComponent:63 - No mode defined for component null
2024-06-03 00:23:24,364 [WARN] ModelIntegratedComponent:63 - No mode defined for component null
2024-06-03 00:23:24,364 [WARN] ModelIntegratedComponent:63 - No mode defined for component null
2024-06-03 00:23:24,364 [WARN] ModelIntegratedComponent:63 - No mode defined for component null
2024-06-03 00:23:24,369 [WARN] ModelIntegratedComponent:63 - No mode defined for component null
2024-06-03 00:23:24,369 [WARN] ModelIntegratedComponent:63 - No mode defined for component null
2024-06-03 00:23:24,369 [WARN] ModelIntegratedComponent:63 - No mode defined for component null
2024-06-03 00:23:24,369 [WARN] ModelIntegratedComponent:63 - No mode defined for component null
2024-06-03 00:23:24,529 [INFO] ThirdPartyModel:298 - Start build external matchings
2024-06-03 00:23:25,268 [INFO] ThirdPartyModel:316 - End build external matchings
2024-06-03 00:23:25,674 [INFO] UtilMem:75 - End LoadConfig() Used Memory: 686384072 Bytes (1073741824)
2024-06-03 00:23:25,757 [INFO] MicroXplorer:468 - Change Database Path : 
2024-06-03 00:23:25,757 [INFO] MicroXplorer:498 - Change Database Version : DB.6.0.100
2024-06-03 00:23:25,759 [WARN] ThirdParty:833 - waiting for thirdparty lock release [change project]
2024-06-03 00:23:25,759 [INFO] ThirdParty:835 - entering critical section [change project]
2024-06-03 00:23:25,759 [INFO] ThirdParty:1030 - CMSIS Pack Vendor :STMicroelectronics USBPD 4.1
2024-06-03 00:23:25,759 [INFO] ThirdParty:1030 - CMSIS Pack Vendor :STMicroelectronics X-CUBE-GNSS1 6.0.0
2024-06-03 00:23:25,759 [INFO] ThirdParty:1030 - CMSIS Pack Vendor :STMicroelectronics USB_HOST 2.0.0
2024-06-03 00:23:25,759 [INFO] ThirdParty:1030 - CMSIS Pack Vendor :STMicroelectronics FP-SNS-MOTENVWB1 1.4.0
2024-06-03 00:23:25,759 [INFO] ThirdParty:1030 - CMSIS Pack Vendor :STMicroelectronics X-CUBE-AZRTOS-F4 1.1.0
2024-06-03 00:23:25,759 [INFO] ThirdParty:1030 - CMSIS Pack Vendor :STMicroelectronics LIBJPEG 8.0.0
2024-06-03 00:23:25,759 [INFO] ThirdParty:1030 - CMSIS Pack Vendor :STMicroelectronics X-CUBE-SMBUS 2.1.0
2024-06-03 00:23:25,759 [INFO] ThirdParty:1030 - CMSIS Pack Vendor :STMicroelectronics USB_DEVICE 3.0.0
2024-06-03 00:23:25,759 [INFO] ThirdParty:1030 - CMSIS Pack Vendor :STMicroelectronics X-CUBE-TCPP 4.1.0
2024-06-03 00:23:25,759 [INFO] ThirdParty:1030 - CMSIS Pack Vendor :STMicroelectronics X-CUBE-FREERTOS 1.2.0
2024-06-03 00:23:25,759 [INFO] ThirdParty:1030 - CMSIS Pack Vendor :STMicroelectronics X-CUBE-AZRTOS-WB 2.0.0
2024-06-03 00:23:25,759 [INFO] ThirdParty:1030 - CMSIS Pack Vendor :wolfSSL I-CUBE-wolfSSL 5.6.6
2024-06-03 00:23:25,759 [INFO] ThirdParty:1030 - CMSIS Pack Vendor :STMicroelectronics X-CUBE-TOUCHGFX 4.23.1
2024-06-03 00:23:25,759 [INFO] ThirdParty:1030 - CMSIS Pack Vendor :STMicroelectronics X-CUBE-TOUCHGFX 4.23.0
2024-06-03 00:23:25,760 [INFO] ThirdParty:1030 - CMSIS Pack Vendor :STMicroelectronics X-CUBE-TOUCHGFX 4.23.2
2024-06-03 00:23:25,760 [INFO] ThirdParty:1030 - CMSIS Pack Vendor :STMicroelectronics X-CUBE-AZRTOS-F7 1.1.0
2024-06-03 00:23:25,760 [INFO] ThirdParty:1030 - CMSIS Pack Vendor :STMicroelectronics X-CUBE-AZRTOS-L5 2.0.0
2024-06-03 00:23:25,760 [INFO] ThirdParty:1030 - CMSIS Pack Vendor :STMicroelectronics USB_DEVICE 2.0.0
2024-06-03 00:23:25,760 [INFO] ThirdParty:1030 - CMSIS Pack Vendor :STMicroelectronics X-CUBE-NFC6 3.1.0
2024-06-03 00:23:25,760 [INFO] ThirdParty:1030 - CMSIS Pack Vendor :ITTIA_DB I-CUBE-ITTIADB 8.8.0
2024-06-03 00:23:25,760 [INFO] ThirdParty:1030 - CMSIS Pack Vendor :STMicroelectronics FP-SNS-MOTENV1 4.3.2
2024-06-03 00:23:25,760 [INFO] ThirdParty:1030 - CMSIS Pack Vendor :STMicroelectronics X-CUBE-ALGOBUILD 1.3.0
2024-06-03 00:23:25,761 [INFO] ThirdParty:1030 - CMSIS Pack Vendor :STMicroelectronics FreeRTOS 0.0.1
2024-06-03 00:23:25,761 [INFO] ThirdParty:1030 - CMSIS Pack Vendor :STMicroelectronics X-CUBE-AZRTOS-G0 1.1.0
2024-06-03 00:23:25,761 [INFO] ThirdParty:1030 - CMSIS Pack Vendor :STMicroelectronics X-CUBE-SAFEA1 1.2.2
2024-06-03 00:23:25,761 [INFO] ThirdParty:1030 - CMSIS Pack Vendor :STMicroelectronics X-CUBE-NFC4 3.0.0
2024-06-03 00:23:25,761 [INFO] ThirdParty:1030 - CMSIS Pack Vendor :STMicroelectronics X-CUBE-SUBG2 5.0.0
2024-06-03 00:23:25,761 [INFO] ThirdParty:1030 - CMSIS Pack Vendor :STMicroelectronics STM32_WPAN 1.0.0
2024-06-03 00:23:25,761 [INFO] ThirdParty:1030 - CMSIS Pack Vendor :wolfSSL I-CUBE-wolfMQTT 1.18.0
2024-06-03 00:23:25,761 [INFO] ThirdParty:1030 - CMSIS Pack Vendor :STMicroelectronics lwIP 2.0.3
2024-06-03 00:23:25,761 [INFO] ThirdParty:1030 - CMSIS Pack Vendor :STMicroelectronics FP-SNS-FLIGHT1 5.0.2
2024-06-03 00:23:25,761 [INFO] ThirdParty:1030 - CMSIS Pack Vendor :STMicroelectronics USB_HOST 1.0.0
2024-06-03 00:23:25,761 [INFO] ThirdParty:1030 - CMSIS Pack Vendor :STMicroelectronics X-CUBE-AI 9.0.0
2024-06-03 00:23:25,761 [INFO] ThirdParty:1030 - CMSIS Pack Vendor :STMicroelectronics X-CUBE-AZRTOS-G4 2.0.0
2024-06-03 00:23:25,761 [INFO] ThirdParty:1030 - CMSIS Pack Vendor :STMicroelectronics PDM2PCM 3.1.0
2024-06-03 00:23:25,761 [INFO] ThirdParty:1030 - CMSIS Pack Vendor :Infineon AIROC-Wi-Fi-Bluetooth-STM32 1.5.1
2024-06-03 00:23:25,761 [INFO] ThirdParty:1030 - CMSIS Pack Vendor :STMicroelectronics X-CUBE-BLEMGR 3.0.0
2024-06-03 00:23:25,761 [INFO] ThirdParty:1030 - CMSIS Pack Vendor :STMicroelectronics PDM2PCM 3.3.0
2024-06-03 00:23:25,761 [INFO] ThirdParty:1030 - CMSIS Pack Vendor :STMicroelectronics X-CUBE-DISPLAY 3.0.0
2024-06-03 00:23:25,761 [INFO] ThirdParty:1030 - CMSIS Pack Vendor :STMicroelectronics FP-SNS-MOTENVWB1 1.3.1
2024-06-03 00:23:25,761 [INFO] ThirdParty:1030 - CMSIS Pack Vendor :STMicroelectronics X-CUBE-BLE1 7.0.0
2024-06-03 00:23:25,761 [INFO] ThirdParty:1030 - CMSIS Pack Vendor :STMicroelectronics FP-ATR-SIGFOX1 3.2.0
2024-06-03 00:23:25,761 [INFO] ThirdParty:1030 - CMSIS Pack Vendor :STMicroelectronics X-CUBE-ISPU 2.0.0
2024-06-03 00:23:25,761 [INFO] ThirdParty:1030 - CMSIS Pack Vendor :STMicroelectronics X-CUBE-EEPRMA1 5.1.0
2024-06-03 00:23:25,761 [INFO] ThirdParty:1030 - CMSIS Pack Vendor :STMicroelectronics HAL Drivers 0.0.0
2024-06-03 00:23:25,761 [INFO] ThirdParty:1030 - CMSIS Pack Vendor :STMicroelectronics MBEDTLS 2.16.2
2024-06-03 00:23:25,761 [INFO] ThirdParty:1030 - CMSIS Pack Vendor :STMicroelectronics X-CUBE-ALS 1.0.2
2024-06-03 00:23:25,763 [INFO] ThirdParty:1030 - CMSIS Pack Vendor :emotas I-CUBE-CANOPEN 1.3.0
2024-06-03 00:23:25,763 [INFO] ThirdParty:1030 - CMSIS Pack Vendor :STMicroelectronics X-CUBE-MEMS1 10.0.0
2024-06-03 00:23:25,763 [INFO] ThirdParty:1030 - CMSIS Pack Vendor :STMicroelectronics X-CUBE-FREERTOS 1.1.0
2024-06-03 00:23:25,763 [INFO] ThirdParty:1030 - CMSIS Pack Vendor :STMicroelectronics X-CUBE-NFC7 1.0.1
2024-06-03 00:23:25,763 [INFO] ThirdParty:1030 - CMSIS Pack Vendor :STMicroelectronics MBEDTLS 2.14.1
2024-06-03 00:23:25,763 [INFO] ThirdParty:1030 - CMSIS Pack Vendor :STMicroelectronics X-CUBE-NFC6 3.0.0
2024-06-03 00:23:25,763 [INFO] ThirdParty:1030 - CMSIS Pack Vendor :portGmbH I-Cube-SoM-uGOAL 1.1.0
2024-06-03 00:23:25,763 [INFO] ThirdParty:1030 - CMSIS Pack Vendor :STMicroelectronics X-CUBE-ALS 1.0.1
2024-06-03 00:23:25,763 [INFO] ThirdParty:1030 - CMSIS Pack Vendor :STMicroelectronics X-CUBE-BLEMGR 3.1.0
2024-06-03 00:23:25,763 [INFO] ThirdParty:1030 - CMSIS Pack Vendor :STMicroelectronics ThreadX 1.0.0
2024-06-03 00:23:25,763 [INFO] ThirdParty:1030 - CMSIS Pack Vendor :STMicroelectronics FP-SNS-SMARTAG2 1.2.0
2024-06-03 00:23:25,763 [INFO] ThirdParty:1030 - CMSIS Pack Vendor :STMicroelectronics X-CUBE-AZRTOS-WL 2.0.0
2024-06-03 00:23:25,763 [INFO] ThirdParty:1030 - CMSIS Pack Vendor :SEGGER I-CUBE-embOS 1.3.1
2024-06-03 00:23:25,763 [INFO] ThirdParty:1030 - CMSIS Pack Vendor :STMicroelectronics X-CUBE-ALGOBUILD 1.4.0
2024-06-03 00:23:25,763 [INFO] ThirdParty:1030 - CMSIS Pack Vendor :STMicroelectronics FP-SNS-MOTENV1 5.0.0
2024-06-03 00:23:25,764 [INFO] ThirdParty:1030 - CMSIS Pack Vendor :STMicroelectronics USB_DEVICE 1.0.0
2024-06-03 00:23:25,764 [INFO] ThirdParty:1030 - CMSIS Pack Vendor :STMicroelectronics X-CUBE-AI 8.1.0
2024-06-03 00:23:25,764 [INFO] ThirdParty:1030 - CMSIS Pack Vendor :STMicroelectronics X-CUBE-AZRTOS-H7RS 1.0.0
2024-06-03 00:23:25,764 [INFO] ThirdParty:1030 - CMSIS Pack Vendor :STMicroelectronics X-CUBE-AZRTOS-L4 2.0.0
2024-06-03 00:23:25,764 [INFO] ThirdParty:1030 - CMSIS Pack Vendor :STMicroelectronics ThreadX 0.0.2
2024-06-03 00:23:25,764 [INFO] ThirdParty:1030 - CMSIS Pack Vendor :WES I-CUBE-Cesium 1.3.0
2024-06-03 00:23:25,764 [INFO] ThirdParty:1030 - CMSIS Pack Vendor :STMicroelectronics FP-ATR-ASTRA1 2.0.0
2024-06-03 00:23:25,764 [INFO] ThirdParty:1030 - CMSIS Pack Vendor :STMicroelectronics lwIP 2.1.2
2024-06-03 00:23:25,764 [INFO] ThirdParty:1030 - CMSIS Pack Vendor :STMicroelectronics X-CUBE-SFXS2LP1 4.0.0
2024-06-03 00:23:25,764 [INFO] ThirdParty:1030 - CMSIS Pack Vendor :STMicroelectronics X-CUBE-BLE2 3.3.0
2024-06-03 00:23:25,764 [INFO] ThirdParty:1030 - CMSIS Pack Vendor :STMicroelectronics X-CUBE-TOF1 3.4.0
2024-06-03 00:23:25,764 [INFO] ThirdParty:1030 - CMSIS Pack Vendor :STMicroelectronics X-CUBE-TOF1 3.4.1
2024-06-03 00:23:25,765 [INFO] ThirdParty:1030 - CMSIS Pack Vendor :STMicroelectronics X-CUBE-AZRTOS-H7 3.2.0
2024-06-03 00:23:25,765 [INFO] ThirdParty:1030 - CMSIS Pack Vendor :STMicroelectronics PDM2PCM 3.2.0
2024-06-03 00:23:25,765 [INFO] ThirdParty:841 - exiting critical section [change project]
2024-06-03 00:23:26,043 [INFO] PinOutPanel:1499 - setPackage(No Configuration,No Configuration)
2024-06-03 00:23:26,044 [INFO] PinOutPanel:1499 - setPackage(STM32F407VGTx,LQFP100)
2024-06-03 00:23:26,306 [INFO] UtilMem:75 - Before build in PCC Used Memory: 837701024 Bytes (1073741824)
2024-06-03 00:23:26,544 [INFO] UtilMem:75 - After build in PCC Used Memory: 883316128 Bytes (1073741824)
2024-06-03 00:23:26,574 [INFO] IPUIPlugin:80 - create IPUIPlugin
2024-06-03 00:23:26,575 [INFO] IPUIPlugin:80 - create IPUIPlugin
2024-06-03 00:23:26,575 [INFO] IPUIPlugin:80 - create IPUIPlugin
2024-06-03 00:23:26,575 [INFO] IPUIPlugin:80 - create IPUIPlugin
2024-06-03 00:23:26,575 [INFO] IPUIPlugin:80 - create IPUIPlugin
2024-06-03 00:23:26,575 [INFO] IPUIPlugin:80 - create IPUIPlugin
2024-06-03 00:23:26,575 [INFO] IPUIPlugin:80 - create IPUIPlugin
2024-06-03 00:23:26,575 [INFO] IPUIPlugin:80 - create IPUIPlugin
2024-06-03 00:23:26,575 [INFO] IPUIPlugin:80 - create IPUIPlugin
2024-06-03 00:23:26,576 [INFO] IPUIPlugin:80 - create IPUIPlugin
2024-06-03 00:23:26,576 [INFO] IPUIPlugin:80 - create IPUIPlugin
2024-06-03 00:23:26,576 [INFO] IPUIPlugin:80 - create IPUIPlugin
2024-06-03 00:23:26,576 [INFO] IPUIPlugin:80 - create IPUIPlugin
2024-06-03 00:23:26,576 [INFO] IPUIPlugin:80 - create IPUIPlugin
2024-06-03 00:23:26,576 [INFO] IPUIPlugin:80 - create IPUIPlugin
2024-06-03 00:23:26,576 [INFO] IPUIPlugin:80 - create IPUIPlugin
2024-06-03 00:23:26,576 [INFO] IPUIPlugin:80 - create IPUIPlugin
2024-06-03 00:23:26,577 [INFO] IPUIPlugin:80 - create IPUIPlugin
2024-06-03 00:23:26,577 [INFO] IPUIPlugin:80 - create IPUIPlugin
2024-06-03 00:23:26,577 [INFO] IPUIPlugin:80 - create IPUIPlugin
2024-06-03 00:23:26,577 [INFO] IPUIPlugin:80 - create IPUIPlugin
2024-06-03 00:23:26,577 [INFO] IPUIPlugin:80 - create IPUIPlugin
2024-06-03 00:23:26,578 [INFO] IPUIPlugin:80 - create IPUIPlugin
2024-06-03 00:23:26,579 [INFO] IPUIPlugin:80 - create IPUIPlugin
2024-06-03 00:23:26,579 [INFO] IPUIPlugin:80 - create IPUIPlugin
2024-06-03 00:23:26,579 [INFO] IPUIPlugin:80 - create IPUIPlugin
2024-06-03 00:23:26,580 [INFO] IPUIPlugin:80 - create IPUIPlugin
2024-06-03 00:23:26,580 [INFO] IPUIPlugin:80 - create IPUIPlugin
2024-06-03 00:23:26,580 [INFO] IPUIPlugin:80 - create IPUIPlugin
2024-06-03 00:23:26,581 [INFO] IPUIPlugin:80 - create IPUIPlugin
2024-06-03 00:23:26,581 [INFO] IPUIPlugin:80 - create IPUIPlugin
2024-06-03 00:23:26,582 [INFO] IPUIPlugin:80 - create IPUIPlugin
2024-06-03 00:23:26,582 [INFO] IPUIPlugin:80 - create IPUIPlugin
2024-06-03 00:23:26,582 [INFO] IPUIPlugin:80 - create IPUIPlugin
2024-06-03 00:23:26,583 [INFO] IPUIPlugin:80 - create IPUIPlugin
2024-06-03 00:23:26,583 [INFO] IPUIPlugin:80 - create IPUIPlugin
2024-06-03 00:23:26,584 [INFO] IPUIPlugin:80 - create IPUIPlugin
2024-06-03 00:23:26,584 [INFO] IPUIPlugin:80 - create IPUIPlugin
2024-06-03 00:23:26,585 [INFO] IPUIPlugin:80 - create IPUIPlugin
2024-06-03 00:23:26,585 [INFO] IPUIPlugin:80 - create IPUIPlugin
2024-06-03 00:23:26,585 [INFO] IPUIPlugin:80 - create IPUIPlugin
2024-06-03 00:23:26,585 [INFO] IPUIPlugin:80 - create IPUIPlugin
2024-06-03 00:23:26,586 [INFO] IPUIPlugin:80 - create IPUIPlugin
2024-06-03 00:23:26,586 [INFO] IPUIPlugin:80 - create IPUIPlugin
2024-06-03 00:23:26,586 [INFO] IPUIPlugin:80 - create IPUIPlugin
2024-06-03 00:23:26,586 [INFO] IPUIPlugin:80 - create IPUIPlugin
2024-06-03 00:23:26,587 [INFO] IPUIPlugin:80 - create IPUIPlugin
2024-06-03 00:23:26,587 [INFO] IPUIPlugin:80 - create IPUIPlugin
2024-06-03 00:23:26,587 [INFO] IPUIPlugin:80 - create IPUIPlugin
2024-06-03 00:23:26,588 [INFO] IPUIPlugin:80 - create IPUIPlugin
2024-06-03 00:23:26,588 [INFO] IPUIPlugin:80 - create IPUIPlugin
2024-06-03 00:23:26,588 [INFO] IPUIPlugin:80 - create IPUIPlugin
2024-06-03 00:23:26,589 [INFO] IPUIPlugin:80 - create IPUIPlugin
2024-06-03 00:23:26,589 [INFO] IPUIPlugin:80 - create IPUIPlugin
2024-06-03 00:23:26,589 [INFO] IPUIPlugin:80 - create IPUIPlugin
2024-06-03 00:23:26,590 [INFO] IPUIPlugin:80 - create IPUIPlugin
2024-06-03 00:23:26,591 [INFO] IPUIPlugin:80 - create IPUIPlugin
2024-06-03 00:23:26,591 [INFO] IPUIPlugin:80 - create IPUIPlugin
2024-06-03 00:23:26,594 [INFO] ApiDbMcu:508 - Load IP Config File for PDM2PCM
2024-06-03 00:23:26,622 [INFO] CADModel:165 - CPN selected for project levelSTM32F407VGT6
2024-06-03 00:23:26,623 [INFO] CADModel:114 - Register for checkConnection events
2024-06-03 00:23:26,684 [INFO] OpenFileManager:343 - Restore cursor
2024-06-03 00:23:26,688 [INFO] ApiDb:581 - Connected to CubeFinder SQLite database (C:\Users\ImadF\.stmcufinder\plugins\mcufinder\mcu\cube-finder-db.db)
2024-06-03 00:25:05,363 [INFO] UtilMem:75 - End SaveConfig() Used Memory: 868875968 Bytes (1073741824)
2024-06-03 00:25:07,362 [INFO] UtilMem:75 - End SaveConfig() Used Memory: 682219168 Bytes (1073741824)
2024-06-03 00:25:07,779 [INFO] BlockDiagram:2759 - set Specific Code input for plugin: SYS
2024-06-03 00:25:07,779 [INFO] BlockDiagram:2759 - set Specific Code input for plugin: RCC
2024-06-03 00:25:07,779 [INFO] BlockDiagram:2759 - set Specific Code input for plugin: NVIC
2024-06-03 00:25:07,779 [INFO] BlockDiagram:2759 - set Specific Code input for plugin: GPIO
2024-06-03 00:25:07,779 [INFO] CodeGenerator:807 - code generatio: config db path: C:\ST\STM32CubeIDE_1.14.1\STM32CubeIDE\plugins\com.st.stm32cube.common.mx_6.10.0.202311202037\\db\
2024-06-03 00:25:08,105 [INFO] CodeEngine:255 - oldGeneratedFile, C:\Workspace\RTOS_workspace\FreeRTOS_Projects\MXTmpFiles\license.tmp_save
2024-06-03 00:25:08,249 [INFO] CodeEngine:279 - Generated code: C:\Workspace\RTOS_workspace\FreeRTOS_Projects\MXTmpFiles\license.tmp
2024-06-03 00:25:08,338 [INFO] CodeEngine:255 - oldGeneratedFile, C:\Workspace\RTOS_workspace\FreeRTOS_Projects\MXTmpFiles\gpio.tmp_save
2024-06-03 00:25:08,540 [INFO] CodeEngine:279 - Generated code: C:\Workspace\RTOS_workspace\FreeRTOS_Projects\MXTmpFiles\gpio.tmp
2024-06-03 00:25:08,608 [INFO] CodeEngine:255 - oldGeneratedFile, C:\Workspace\RTOS_workspace\FreeRTOS_Projects\Core\Src\stm32f4xx_it.c_save
2024-06-03 00:25:09,060 [INFO] CodeEngine:279 - Generated code: C:\Workspace\RTOS_workspace\FreeRTOS_Projects\Core\Src\stm32f4xx_it.c
2024-06-03 00:25:09,068 [INFO] CodeEngine:255 - oldGeneratedFile, C:\Workspace\RTOS_workspace\FreeRTOS_Projects\Core\Inc\stm32f4xx_it.h_save
2024-06-03 00:25:09,202 [INFO] CodeEngine:279 - Generated code: C:\Workspace\RTOS_workspace\FreeRTOS_Projects\Core\Inc\stm32f4xx_it.h
2024-06-03 00:25:09,248 [INFO] CodeEngine:255 - oldGeneratedFile, C:\Workspace\RTOS_workspace\FreeRTOS_Projects\Core\Src\stm32f4xx_hal_msp.c_save
2024-06-03 00:25:09,419 [INFO] CodeEngine:279 - Generated code: C:\Workspace\RTOS_workspace\FreeRTOS_Projects\Core\Src\stm32f4xx_hal_msp.c
2024-06-03 00:25:09,427 [INFO] CodeEngine:255 - oldGeneratedFile, C:\Workspace\RTOS_workspace\FreeRTOS_Projects\MXTmpFiles\system.tmp_save
2024-06-03 00:25:09,589 [INFO] CodeEngine:279 - Generated code: C:\Workspace\RTOS_workspace\FreeRTOS_Projects\MXTmpFiles\system.tmp
2024-06-03 00:25:09,605 [INFO] CodeEngine:255 - oldGeneratedFile, C:\Workspace\RTOS_workspace\FreeRTOS_Projects\Core\Src\stm32f4xx_hal_timebase_tim.c_save
2024-06-03 00:25:09,770 [INFO] CodeEngine:279 - Generated code: C:\Workspace\RTOS_workspace\FreeRTOS_Projects\Core\Src\stm32f4xx_hal_timebase_tim.c
2024-06-03 00:25:09,799 [INFO] CodeEngine:311 - oldGeneratedFile, C:\Workspace\RTOS_workspace\FreeRTOS_Projects\Core\Inc\stm32f4xx_hal_conf.h_save
2024-06-03 00:25:09,968 [INFO] CodeEngine:335 - Generated code: C:\Workspace\RTOS_workspace\FreeRTOS_Projects\Core\Inc\stm32f4xx_hal_conf.h
2024-06-03 00:25:10,064 [INFO] CodeEngine:255 - oldGeneratedFile, C:\Workspace\RTOS_workspace\FreeRTOS_Projects\Core\Inc\main.h_save
2024-06-03 00:25:10,240 [INFO] CodeEngine:279 - Generated code: C:\Workspace\RTOS_workspace\FreeRTOS_Projects\Core\Inc\main.h
2024-06-03 00:25:10,260 [INFO] CodeEngine:255 - oldGeneratedFile, C:\Workspace\RTOS_workspace\FreeRTOS_Projects\Core\Src\main.c_save
2024-06-03 00:25:10,491 [INFO] CodeEngine:279 - Generated code: C:\Workspace\RTOS_workspace\FreeRTOS_Projects\Core\Src\main.c
2024-06-03 00:25:11,592 [INFO] ProjectBuilder:3076 - Time for Copy HAL[1] : 352mS.
2024-06-03 00:25:11,597 [INFO] ProjectBuilder:4485 - Project Generator version: 4.2.0-B44
2024-06-03 00:25:11,961 [INFO] ConfigFileManager:1495 - The Die is : DIE413
2024-06-03 00:25:11,968 [INFO] ApiDbMcu:508 - Load IP Config File for FATFS
2024-06-03 00:25:11,974 [INFO] ApiDbMcu:508 - Load IP Config File for FREERTOS
2024-06-03 00:25:11,976 [INFO] ApiDbMcu:508 - Load IP Config File for LIBJPEG
2024-06-03 00:25:11,987 [INFO] ApiDbMcu:508 - Load IP Config File for LWIP
2024-06-03 00:25:12,054 [INFO] ApiDbMcu:508 - Load IP Config File for MBEDTLS
2024-06-03 00:25:12,061 [INFO] ApiDbMcu:508 - Load IP Config File for USB_DEVICE
2024-06-03 00:25:12,066 [INFO] ApiDbMcu:508 - Load IP Config File for USB_HOST
2024-06-03 00:25:15,267 [INFO] ProjectBuilder:4747 - Time for Generating toolchain IDE Files: 3671mS.
2024-06-03 00:25:15,274 [INFO] ProjectBuilder:2947 - Time for Copy CMSIS : 0mS.
2024-06-03 00:25:15,276 [INFO] ProjectBuilder:2947 - Time for Copy CMSIS : 0mS.
