2024-10-09 01:39:19,153 [INFO] WebApp:354 - JxBrowser engine has been closed 
2024-10-09 23:34:06,953 [INFO] Activator:176 - 


2024-10-09 23:34:06,959 [INFO] Activator:177 - !SESSION log4j initialized
2024-10-09 23:34:16,933 [INFO] LogOutputStream:77 - [STDOUT_REDIRECT] 
2024-10-09 23:34:20,340 [INFO] ApplicationProperties:184 - Using Application install path: C:\ST\STM32CubeIDE_1.14.1\STM32CubeIDE\plugins\com.st.stm32cube.common.mx_6.10.0.202311202037
2024-10-09 23:34:20,377 [INFO] DbMcusXml:78 - Set database path to: C:\ST\STM32CubeIDE_1.14.1\STM32CubeIDE\plugins\com.st.stm32cube.common.mx_6.10.0.202311202037\\db\/mcu/
2024-10-09 23:34:20,378 [INFO] ApiDb:274 - Set plugin database path to: C:\ST\STM32CubeIDE_1.14.1\STM32CubeIDE\plugins\com.st.stm32cube.common.mx_6.10.0.202311202037\\db\/plugins/boardmanager/
2024-10-09 23:34:20,378 [WARN] ApiDb:259 - Overriding images path with different value:  => C:\ST\STM32CubeIDE_1.14.1\STM32CubeIDE\plugins\com.st.stm32cube.common.mx_6.10.0.202311202037\\db\/plugins/mcufinder/images/
2024-10-09 23:34:20,393 [INFO] ApiDb:250 - Set database path to: C:\Users\ImadF\.stmcufinder\plugins\mcufinder//mcu/
2024-10-09 23:34:20,396 [INFO] DbMcusAds:125 - Set database path to: C:\Users\ImadF\.stmcufinder\plugins\mcufinder//mcu/
2024-10-09 23:34:20,401 [INFO] CrossReferenceDbSqlite:203 - Set database path to: C:\Users\ImadF\.stmcufinder\plugins\mcufinder//mcu/cs/
2024-10-09 23:34:20,630 [INFO] RulesReader:64 - Compatibility file has been processed (297 Rules)
2024-10-09 23:34:20,773 [INFO] DbMcusXml:78 - Set database path to: C:\ST\STM32CubeIDE_1.14.1\STM32CubeIDE\plugins\com.st.stm32cube.common.mx_6.10.0.202311202037\\db\/mcu/
2024-10-09 23:34:20,773 [INFO] ApiDb:274 - Set plugin database path to: C:\ST\STM32CubeIDE_1.14.1\STM32CubeIDE\plugins\com.st.stm32cube.common.mx_6.10.0.202311202037\\db\/plugins/boardmanager/
2024-10-09 23:34:20,774 [INFO] ApiDb:261 - Set plugin images path to: C:\ST\STM32CubeIDE_1.14.1\STM32CubeIDE\plugins\com.st.stm32cube.common.mx_6.10.0.202311202037\\db\/plugins/mcufinder/images/
2024-10-09 23:34:20,774 [WARN] DbFile:41 - Overriding database path with different value: C:\Users\ImadF\.stmcufinder\plugins\mcufinder/ => C:\Users\ImadF\.stmcufinder\plugins\mcufinder
2024-10-09 23:34:20,774 [INFO] ApiDb:250 - Set database path to: C:\Users\ImadF\.stmcufinder\plugins\mcufinder//mcu/
2024-10-09 23:34:20,774 [WARN] DbFile:41 - Overriding database path with different value: C:\Users\ImadF\.stmcufinder\plugins\mcufinder/ => C:\Users\ImadF\.stmcufinder\plugins\mcufinder
2024-10-09 23:34:20,775 [INFO] DbMcusAds:125 - Set database path to: C:\Users\ImadF\.stmcufinder\plugins\mcufinder//mcu/
2024-10-09 23:34:20,775 [WARN] DbFile:41 - Overriding database path with different value: C:\Users\ImadF\.stmcufinder\plugins\mcufinder/ => C:\Users\ImadF\.stmcufinder\plugins\mcufinder
2024-10-09 23:34:20,775 [WARN] DbFile:41 - Overriding database path with different value: C:\Users\ImadF\.stmcufinder\plugins\mcufinder/ => C:\Users\ImadF\.stmcufinder\plugins\mcufinder
2024-10-09 23:34:20,775 [INFO] CrossReferenceDbSqlite:203 - Set database path to: C:\Users\ImadF\.stmcufinder\plugins\mcufinder//mcu/cs/
2024-10-09 23:34:20,903 [INFO] MainPanel:264 - HeapMemory: 268435456
2024-10-09 23:34:21,090 [INFO] DbMcusXml:78 - Set database path to: C:\ST\STM32CubeIDE_1.14.1\STM32CubeIDE\plugins\com.st.stm32cube.common.mx_6.10.0.202311202037\\db\/mcu/
2024-10-09 23:34:21,090 [INFO] ApiDb:274 - Set plugin database path to: C:\ST\STM32CubeIDE_1.14.1\STM32CubeIDE\plugins\com.st.stm32cube.common.mx_6.10.0.202311202037\\db\/plugins/boardmanager/
2024-10-09 23:34:21,090 [INFO] ApiDb:261 - Set plugin images path to: C:\ST\STM32CubeIDE_1.14.1\STM32CubeIDE\plugins\com.st.stm32cube.common.mx_6.10.0.202311202037\\db\/plugins/mcufinder/images/
2024-10-09 23:34:21,091 [WARN] DbFile:41 - Overriding database path with different value: C:\Users\ImadF\.stmcufinder\plugins\mcufinder/ => C:\Users\ImadF\.stmcufinder\plugins\mcufinder
2024-10-09 23:34:21,091 [INFO] ApiDb:250 - Set database path to: C:\Users\ImadF\.stmcufinder\plugins\mcufinder//mcu/
2024-10-09 23:34:21,091 [WARN] DbFile:41 - Overriding database path with different value: C:\Users\ImadF\.stmcufinder\plugins\mcufinder/ => C:\Users\ImadF\.stmcufinder\plugins\mcufinder
2024-10-09 23:34:21,091 [INFO] DbMcusAds:125 - Set database path to: C:\Users\ImadF\.stmcufinder\plugins\mcufinder//mcu/
2024-10-09 23:34:21,091 [WARN] DbFile:41 - Overriding database path with different value: C:\Users\ImadF\.stmcufinder\plugins\mcufinder/ => C:\Users\ImadF\.stmcufinder\plugins\mcufinder
2024-10-09 23:34:21,091 [WARN] DbFile:41 - Overriding database path with different value: C:\Users\ImadF\.stmcufinder\plugins\mcufinder/ => C:\Users\ImadF\.stmcufinder\plugins\mcufinder
2024-10-09 23:34:21,092 [INFO] CrossReferenceDbSqlite:203 - Set database path to: C:\Users\ImadF\.stmcufinder\plugins\mcufinder//mcu/cs/
2024-10-09 23:34:21,125 [INFO] ApplicationProperties:184 - Using Application install path: C:\ST\STM32CubeIDE_1.14.1\STM32CubeIDE\plugins\com.st.stm32cube.common.mx_6.10.0.202311202037
2024-10-09 23:34:21,128 [INFO] PluginManage:196 - Search for loadable plugins [exclusion list=, ]
2024-10-09 23:34:21,130 [INFO] PluginManage:310 - Check plugin analytics
2024-10-09 23:34:21,444 [INFO] AnalyticsPlugin:253 - Accepted Software Licenses: 
2024-10-09 23:34:21,445 [INFO] AnalyticsPlugin:255 - Accepted CMSIS Pack Licenses: 
2024-10-09 23:34:21,445 [INFO] AnalyticsPlugin:257 - Accepted Firmware Licenses: FW.F4.1.28.0
2024-10-09 23:34:21,450 [INFO] PluginManage:359 - Loaded plugin analytics (category:tool,tabindex:-1)
2024-10-09 23:34:21,450 [INFO] PluginManage:310 - Check plugin cadmodel
2024-10-09 23:34:21,472 [INFO] CADModel:105 - Init CAD model plugin
2024-10-09 23:34:21,473 [INFO] PluginManage:359 - Loaded plugin cadmodel (category:power,tabindex:5)
2024-10-09 23:34:21,473 [INFO] PluginManage:310 - Check plugin clock
2024-10-09 23:34:21,503 [INFO] PluginManage:359 - Loaded plugin clock (category:base,tabindex:2)
2024-10-09 23:34:21,503 [INFO] PluginManage:310 - Check plugin ddr
2024-10-09 23:34:21,506 [INFO] PluginManage:359 - Loaded plugin ddr (category:tool,tabindex:6)
2024-10-09 23:34:21,507 [INFO] PluginManage:310 - Check plugin filemanager
2024-10-09 23:34:21,794 [INFO] PluginManage:359 - Loaded plugin filemanager (category:base,tabindex:10)
2024-10-09 23:34:21,795 [INFO] PluginManage:310 - Check plugin ipmanager
2024-10-09 23:34:21,809 [INFO] PluginManage:359 - Loaded plugin ipmanager (category:base,tabindex:5)
2024-10-09 23:34:21,809 [INFO] PluginManage:310 - Check plugin lpbam
2024-10-09 23:34:21,837 [INFO] PluginManage:359 - Loaded plugin lpbam (category:base,tabindex:0)
2024-10-09 23:34:21,838 [INFO] PluginManage:310 - Check plugin memorymap
2024-10-09 23:34:21,885 [INFO] PluginManage:359 - Loaded plugin memorymap (category:base,tabindex:4)
2024-10-09 23:34:21,885 [INFO] PluginManage:310 - Check plugin pinoutandconfiguration
2024-10-09 23:34:21,916 [INFO] PluginManage:359 - Loaded plugin pinoutandconfiguration (category:base,tabindex:1)
2024-10-09 23:34:21,916 [INFO] PluginManage:310 - Check plugin pinoutconfig
2024-10-09 23:34:22,104 [WARN] SupportedApi:132 - Cannot load RTOS API schema: s4s-elt-must-match.1: The content of 'definitions' must match (annotation?, (simpleType | complexType)?, (unique | key | keyref)*)). A problem was found starting at: attribute.
2024-10-09 23:34:22,329 [INFO] PluginManage:359 - Loaded plugin pinoutconfig (category:base,tabindex:0)
2024-10-09 23:34:22,329 [INFO] PluginManage:310 - Check plugin power
2024-10-09 23:34:22,359 [INFO] PluginManage:359 - Loaded plugin power (category:power,tabindex:4)
2024-10-09 23:34:22,359 [INFO] PluginManage:310 - Check plugin projectmanager
2024-10-09 23:34:22,386 [INFO] PluginManage:359 - Loaded plugin projectmanager (category:projectmanager,tabindex:3)
2024-10-09 23:34:22,386 [INFO] PluginManage:310 - Check plugin thirdparty
2024-10-09 23:34:22,993 [INFO] PluginManage:359 - Loaded plugin thirdparty (category:base,tabindex:-1)
2024-10-09 23:34:22,994 [INFO] PluginManage:310 - Check plugin tools
2024-10-09 23:34:22,993 [WARN] IntegrityCheckThread:84 - waiting for thirdparty lock release [integrity check]
2024-10-09 23:34:22,997 [INFO] IntegrityCheckThread:86 - entering critical section [integrity check]
2024-10-09 23:34:22,997 [INFO] ThirdPartyUpdaterWithRetryManager:70 - Updater plugin not ready yet. [1/15]
2024-10-09 23:34:23,055 [INFO] PluginManage:359 - Loaded plugin tools (category:base,tabindex:7)
2024-10-09 23:34:23,056 [INFO] PluginManage:310 - Check plugin tutovideos
2024-10-09 23:34:23,403 [INFO] PluginManage:359 - Loaded plugin tutovideos (category:base,tabindex:-1)
2024-10-09 23:34:23,404 [INFO] PluginManage:310 - Check plugin updater
2024-10-09 23:34:23,422 [INFO] PluginManage:359 - Loaded plugin updater (category:base,tabindex:12)
2024-10-09 23:34:23,422 [INFO] PluginManage:310 - Check plugin userauth
2024-10-09 23:34:23,432 [INFO] UserAuth:114 - Init User Auth plugin
2024-10-09 23:34:23,432 [INFO] PluginManage:359 - Loaded plugin userauth (category:base,tabindex:14)
2024-10-09 23:34:23,434 [INFO] PluginManage:283 - PluginManage : Loaded plugins [17]
2024-10-09 23:34:23,788 [INFO] PinOutPanel:1499 - setPackage(No Configuration,No Configuration)
2024-10-09 23:34:23,908 [INFO] CADModel:165 - CPN selected for project level
2024-10-09 23:34:23,908 [INFO] CADModel:114 - Register for checkConnection events
2024-10-09 23:34:23,958 [INFO] IPUIPlugin:80 - create IPUIPlugin
2024-10-09 23:34:23,958 [INFO] PluginManager:220 - loadIPPluginJar : add adc
2024-10-09 23:34:24,020 [INFO] IPUIPlugin:80 - create IPUIPlugin
2024-10-09 23:34:24,020 [INFO] PluginManager:220 - loadIPPluginJar : add aes
2024-10-09 23:34:24,127 [INFO] IPUIPlugin:80 - create IPUIPlugin
2024-10-09 23:34:24,128 [INFO] PluginManager:220 - loadIPPluginJar : add can
2024-10-09 23:34:24,184 [INFO] IPUIPlugin:80 - create IPUIPlugin
2024-10-09 23:34:24,185 [INFO] PluginManager:220 - loadIPPluginJar : add comp
2024-10-09 23:34:24,245 [INFO] IPUIPlugin:80 - create IPUIPlugin
2024-10-09 23:34:24,245 [INFO] PluginManager:220 - loadIPPluginJar : add cryp
2024-10-09 23:34:24,307 [INFO] IPUIPlugin:80 - create IPUIPlugin
2024-10-09 23:34:24,307 [INFO] PluginManager:220 - loadIPPluginJar : add dfsdm
2024-10-09 23:34:24,332 [INFO] IPUIPlugin:80 - create IPUIPlugin
2024-10-09 23:34:24,334 [INFO] PluginManager:220 - loadIPPluginJar : add dma
2024-10-09 23:34:24,420 [INFO] IPUIPlugin:80 - create IPUIPlugin
2024-10-09 23:34:24,420 [INFO] PluginManager:220 - loadIPPluginJar : add dma3
2024-10-09 23:34:24,455 [INFO] IPUIPlugin:80 - create IPUIPlugin
2024-10-09 23:34:24,455 [INFO] PluginManager:220 - loadIPPluginJar : add fatfs
2024-10-09 23:34:24,526 [INFO] IPUIPlugin:80 - create IPUIPlugin
2024-10-09 23:34:24,527 [INFO] PluginManager:220 - loadIPPluginJar : add fmc
2024-10-09 23:34:24,551 [INFO] IPUIPlugin:80 - create IPUIPlugin
2024-10-09 23:34:24,551 [INFO] PluginManager:220 - loadIPPluginJar : add freertos
2024-10-09 23:34:24,591 [INFO] IPUIPlugin:80 - create IPUIPlugin
2024-10-09 23:34:24,591 [INFO] PluginManager:220 - loadIPPluginJar : add genericplugin
2024-10-09 23:34:24,753 [INFO] IPUIPlugin:80 - create IPUIPlugin
2024-10-09 23:34:24,754 [INFO] PluginManager:220 - loadIPPluginJar : add gfxmmu
2024-10-09 23:34:24,938 [INFO] IPUIPlugin:80 - create IPUIPlugin
2024-10-09 23:34:24,938 [INFO] PluginManager:220 - loadIPPluginJar : add gic
2024-10-09 23:34:24,958 [INFO] IPUIPlugin:80 - create IPUIPlugin
2024-10-09 23:34:24,958 [INFO] PluginManager:220 - loadIPPluginJar : add gpio
2024-10-09 23:34:25,085 [INFO] IPUIPlugin:80 - create IPUIPlugin
2024-10-09 23:34:25,085 [INFO] PluginManager:220 - loadIPPluginJar : add gtzc
2024-10-09 23:34:25,130 [INFO] IPUIPlugin:80 - create IPUIPlugin
2024-10-09 23:34:25,130 [INFO] PluginManager:220 - loadIPPluginJar : add hash
2024-10-09 23:34:25,207 [INFO] IPUIPlugin:80 - create IPUIPlugin
2024-10-09 23:34:25,208 [INFO] PluginManager:220 - loadIPPluginJar : add i2c
2024-10-09 23:34:25,260 [INFO] IPUIPlugin:80 - create IPUIPlugin
2024-10-09 23:34:25,261 [INFO] PluginManager:220 - loadIPPluginJar : add i2s
2024-10-09 23:34:25,315 [INFO] IPUIPlugin:80 - create IPUIPlugin
2024-10-09 23:34:25,315 [INFO] PluginManager:220 - loadIPPluginJar : add i3c
2024-10-09 23:34:25,464 [INFO] IPUIPlugin:80 - create IPUIPlugin
2024-10-09 23:34:25,464 [INFO] PluginManager:220 - loadIPPluginJar : add ipddr
2024-10-09 23:34:25,585 [INFO] IPUIPlugin:80 - create IPUIPlugin
2024-10-09 23:34:25,585 [INFO] PluginManager:220 - loadIPPluginJar : add linkedlist
2024-10-09 23:34:25,645 [INFO] IPUIPlugin:80 - create IPUIPlugin
2024-10-09 23:34:25,645 [INFO] PluginManager:220 - loadIPPluginJar : add lorawan
2024-10-09 23:34:25,694 [INFO] IPUIPlugin:80 - create IPUIPlugin
2024-10-09 23:34:25,694 [INFO] PluginManager:220 - loadIPPluginJar : add ltdc
2024-10-09 23:34:25,719 [INFO] IPUIPlugin:80 - create IPUIPlugin
2024-10-09 23:34:25,720 [INFO] PluginManager:220 - loadIPPluginJar : add mdma
2024-10-09 23:34:25,738 [INFO] IPUIPlugin:80 - create IPUIPlugin
2024-10-09 23:34:25,738 [INFO] PluginManager:220 - loadIPPluginJar : add nvic
2024-10-09 23:34:25,790 [INFO] IPUIPlugin:80 - create IPUIPlugin
2024-10-09 23:34:25,791 [INFO] PluginManager:220 - loadIPPluginJar : add opamp
2024-10-09 23:34:25,870 [INFO] IPUIPlugin:80 - create IPUIPlugin
2024-10-09 23:34:25,870 [INFO] PluginManager:220 - loadIPPluginJar : add openamp
2024-10-09 23:34:25,933 [INFO] IPUIPlugin:80 - create IPUIPlugin
2024-10-09 23:34:25,933 [INFO] PluginManager:220 - loadIPPluginJar : add pdm2pcm
2024-10-09 23:34:25,954 [INFO] IPUIPlugin:80 - create IPUIPlugin
2024-10-09 23:34:25,957 [INFO] PluginManager:220 - loadIPPluginJar : add plateformsettings
2024-10-09 23:34:25,998 [INFO] IPUIPlugin:80 - create IPUIPlugin
2024-10-09 23:34:25,999 [INFO] PluginManager:220 - loadIPPluginJar : add quadspi
2024-10-09 23:34:26,007 [INFO] ThirdPartyUpdaterWithRetryManager:70 - Updater plugin not ready yet. [2/15]
2024-10-09 23:34:26,015 [INFO] IPUIPlugin:80 - create IPUIPlugin
2024-10-09 23:34:26,015 [INFO] PluginManager:220 - loadIPPluginJar : add resmgrutility
2024-10-09 23:34:26,079 [INFO] IPUIPlugin:80 - create IPUIPlugin
2024-10-09 23:34:26,079 [INFO] PluginManager:220 - loadIPPluginJar : add sai
2024-10-09 23:34:26,129 [INFO] IPUIPlugin:80 - create IPUIPlugin
2024-10-09 23:34:26,129 [INFO] PluginManager:220 - loadIPPluginJar : add spi
2024-10-09 23:34:26,229 [INFO] IPUIPlugin:80 - create IPUIPlugin
2024-10-09 23:34:26,230 [INFO] PluginManager:220 - loadIPPluginJar : add stm32_wpan
2024-10-09 23:34:26,265 [INFO] IPUIPlugin:80 - create IPUIPlugin
2024-10-09 23:34:26,266 [INFO] PluginManager:220 - loadIPPluginJar : add tim
2024-10-09 23:34:26,339 [INFO] IPUIPlugin:80 - create IPUIPlugin
2024-10-09 23:34:26,339 [INFO] PluginManager:220 - loadIPPluginJar : add touchsensing
2024-10-09 23:34:26,393 [INFO] IPUIPlugin:80 - create IPUIPlugin
2024-10-09 23:34:26,393 [INFO] PluginManager:220 - loadIPPluginJar : add tracer_emb
2024-10-09 23:34:26,434 [INFO] IPUIPlugin:80 - create IPUIPlugin
2024-10-09 23:34:26,434 [INFO] PluginManager:220 - loadIPPluginJar : add ts
2024-10-09 23:34:26,467 [INFO] IPUIPlugin:80 - create IPUIPlugin
2024-10-09 23:34:26,467 [INFO] PluginManager:220 - loadIPPluginJar : add tsc
2024-10-09 23:34:26,501 [INFO] IPUIPlugin:80 - create IPUIPlugin
2024-10-09 23:34:26,502 [INFO] PluginManager:220 - loadIPPluginJar : add ucpd
2024-10-09 23:34:26,562 [INFO] IPUIPlugin:80 - create IPUIPlugin
2024-10-09 23:34:26,562 [INFO] PluginManager:220 - loadIPPluginJar : add usart
2024-10-09 23:34:26,620 [INFO] IPUIPlugin:80 - create IPUIPlugin
2024-10-09 23:34:26,620 [INFO] PluginManager:220 - loadIPPluginJar : add usbx
2024-10-09 23:34:26,788 [INFO] CADModel:165 - CPN selected for project level
2024-10-09 23:34:26,788 [INFO] CADModel:114 - Register for checkConnection events
2024-10-09 23:34:26,789 [FATAL] Updater:308 - Updater called before beeing initialized
2024-10-09 23:34:26,790 [ERROR] CADModel:125 - Updater not yet initialized, retry later 
2024-10-09 23:34:27,094 [INFO] CADModel:165 - CPN selected for project level
2024-10-09 23:34:27,094 [INFO] CADModel:114 - Register for checkConnection events
2024-10-09 23:34:27,095 [FATAL] Updater:308 - Updater called before beeing initialized
2024-10-09 23:34:27,095 [ERROR] CADModel:125 - Updater not yet initialized, retry later 
2024-10-09 23:34:27,099 [FATAL] Updater:308 - Updater called before beeing initialized
2024-10-09 23:34:27,271 [FATAL] Updater:308 - Updater called before beeing initialized
2024-10-09 23:34:27,286 [INFO] DbMcusAds:53 - JSON generation date=Thu May 16 05:22:00 EDT 2024 (1715851320667)
2024-10-09 23:34:27,286 [FATAL] Updater:308 - Updater called before beeing initialized
2024-10-09 23:34:27,421 [WARN] DetailPanel:346 - Failed to get advertising image, set to default
2024-10-09 23:34:27,612 [FATAL] Updater:308 - Updater called before beeing initialized
2024-10-09 23:34:27,615 [FATAL] Updater:308 - Updater called before beeing initialized
2024-10-09 23:34:27,615 [FATAL] Updater:308 - Updater called before beeing initialized
2024-10-09 23:34:27,615 [WARN] DetailPanel:346 - Failed to get advertising image, set to default
2024-10-09 23:34:27,616 [FATAL] Updater:308 - Updater called before beeing initialized
2024-10-09 23:34:27,784 [ERROR] Updater:1120 - MainUpdater not yet initialized. External WinMGr cannot be set.
2024-10-09 23:34:27,805 [INFO] Updater:1056 - Updater Version found : 6.10.0
2024-10-09 23:34:27,833 [INFO] ApplicationProperties:184 - Using Application install path: C:\ST\STM32CubeIDE_1.14.1\STM32CubeIDE\plugins\com.st.stm32cube.common.mx_6.10.0.202311202037
2024-10-09 23:34:29,008 [INFO] ThirdPartyUpdaterWithRetryManager:70 - Updater plugin not ready yet. [3/15]
2024-10-09 23:34:29,523 [ERROR] LogOutputStream:75 - [STDERR_REDIRECT] Oct 09, 2024 11:34:29 PM java.util.prefs.WindowsPreferences <init>
2024-10-09 23:34:29,525 [ERROR] LogOutputStream:75 - [STDERR_REDIRECT] WARNING: Could not open/create prefs root node Software\JavaSoft\Prefs at root 0xffffffff80000002. Windows RegCreateKeyEx(...) returned error code 5.
2024-10-09 23:34:29,526 [ERROR] LogOutputStream:75 - [STDERR_REDIRECT] 
2024-10-09 23:34:30,280 [INFO] MainUpdater:2873 - connection check result : 10
2024-10-09 23:34:30,281 [INFO] MainUpdater:3567 - Updater definition file requires update
2024-10-09 23:34:30,283 [INFO] MainUpdater:290 - Updater Check For Update Now.
2024-10-09 23:34:30,283 [INFO] MicroXplorer:498 - Change Database Version : DB.6.0.100
2024-10-09 23:34:30,311 [INFO] McuFinderGlobals:63 - Set McuFinder mode to 2 (CubeIDE integrated)
2024-10-09 23:34:30,465 [INFO] ServerAccessManage:473 - Download File updaters.zip
2024-10-09 23:34:30,578 [INFO] FileExtend:240 - Unzip File : updaters.zip
2024-10-09 23:34:30,579 [INFO] FileExtend:255 - Standard Zip Deflate
2024-10-09 23:34:30,872 [INFO] UserAuth:404 - Internet connection configuration mode: 1
2024-10-09 23:34:30,917 [INFO] JxBrowserEngine:152 - Initiate JxBrowser Engine with user profile folder
2024-10-09 23:34:31,551 [INFO] ServerAccessManage:473 - Download File PacksControlFlags.xml
2024-10-09 23:34:31,859 [INFO] ServerAccessManage:473 - Download File cubemx.pidx
2024-10-09 23:34:32,020 [WARN] MainUpdater:1194 - Updater busy. Cannot search thirdparties
2024-10-09 23:34:32,020 [INFO] ThirdPartyUpdaterWithRetryManager:96 - Updater plugin is busy. [1/15]
2024-10-09 23:34:33,017 [INFO] ServerAccessManage:473 - Download File STMicroelectronics.X-CUBE-AI.pdsc
2024-10-09 23:34:35,024 [WARN] MainUpdater:1194 - Updater busy. Cannot search thirdparties
2024-10-09 23:34:35,025 [INFO] ThirdPartyUpdaterWithRetryManager:96 - Updater plugin is busy. [2/15]
2024-10-09 23:34:36,947 [INFO] ServerAccessManage:473 - Download File STMicroelectronics.X-CUBE-IPS.pdsc
2024-10-09 23:34:38,038 [WARN] MainUpdater:1194 - Updater busy. Cannot search thirdparties
2024-10-09 23:34:38,038 [INFO] ThirdPartyUpdaterWithRetryManager:96 - Updater plugin is busy. [3/15]
2024-10-09 23:34:38,549 [INFO] ServerAccessManage:473 - Download File STMicroelectronics.X-CUBE-WB05N.pdsc
2024-10-09 23:34:39,565 [WARN] PackLoader:240 - Cannot read IP mode file for STMicroelectronics.X-CUBE-AI.9.1.0
2024-10-09 23:34:39,695 [WARN] PackLoader:240 - Cannot read IP mode file for STMicroelectronics.X-CUBE-IPS.3.0.0
2024-10-09 23:34:39,818 [WARN] PackLoader:240 - Cannot read IP mode file for STMicroelectronics.X-CUBE-WB05N.1.1.0
2024-10-09 23:34:39,826 [INFO] PopulateThirdPartyThread:66 - Ending populate Thread
2024-10-09 23:34:39,831 [INFO] ThirdParty:1030 - CMSIS Pack Vendor :STMicroelectronics X-CUBE-IPS 3.0.0
2024-10-09 23:34:39,832 [INFO] ThirdParty:1030 - CMSIS Pack Vendor :STMicroelectronics X-CUBE-AI 9.1.0
2024-10-09 23:34:39,832 [INFO] ThirdParty:1030 - CMSIS Pack Vendor :STMicroelectronics X-CUBE-WB05N 1.1.0
2024-10-09 23:34:39,832 [INFO] LoadServerUpdatesThread:375 - End of LoadServerUpdate Thread
2024-10-09 23:34:40,085 [INFO] CheckServerUpdateThread:120 - End of CheckServer Thread
2024-10-09 23:34:41,414 [WARN] PackLoader:240 - Cannot read IP mode file for STMicroelectronics.FP-SNS-MOTENVWB1.1.4.0
2024-10-09 23:34:41,441 [WARN] PackLoader:240 - Cannot read IP mode file for STMicroelectronics.X-CUBE-SMBUS.2.1.0
2024-10-09 23:34:41,448 [WARN] PackLoader:240 - Cannot read IP mode file for STMicroelectronics.X-CUBE-WB05N.1.1.0
2024-10-09 23:34:41,477 [WARN] PackLoader:240 - Cannot read IP mode file for STMicroelectronics.X-CUBE-TOUCHGFX.4.23.1
2024-10-09 23:34:41,499 [WARN] PackLoader:240 - Cannot read IP mode file for STMicroelectronics.X-CUBE-TOUCHGFX.4.23.0
2024-10-09 23:34:41,519 [WARN] PackLoader:240 - Cannot read IP mode file for STMicroelectronics.X-CUBE-TOUCHGFX.4.23.2
2024-10-09 23:34:41,590 [WARN] PackLoader:240 - Cannot read IP mode file for STMicroelectronics.X-CUBE-AZRTOS-F7.1.1.0
2024-10-09 23:34:41,637 [WARN] PackLoader:240 - Cannot read IP mode file for STMicroelectronics.FP-SNS-MOTENV1.4.3.2
2024-10-09 23:34:41,860 [WARN] PackLoader:240 - Cannot read IP mode file for STMicroelectronics.X-CUBE-MEMS1.11.0.0
2024-10-09 23:34:42,291 [WARN] PackLoader:240 - Cannot read IP mode file for STMicroelectronics.FP-SNS-FLIGHT1.5.0.2
2024-10-09 23:34:42,448 [WARN] PackLoader:240 - Cannot read IP mode file for STMicroelectronics.X-CUBE-DISPLAY.3.0.0
2024-10-09 23:34:42,514 [WARN] PackLoader:240 - Cannot read IP mode file for STMicroelectronics.X-CUBE-BLE1.7.0.0
2024-10-09 23:34:42,553 [WARN] PackLoader:240 - Cannot read IP mode file for STMicroelectronics.X-CUBE-NFC10.1.0.0
2024-10-09 23:34:42,588 [WARN] PackLoader:240 - Cannot read IP mode file for emotas.I-CUBE-CANOPEN.1.3.0
2024-10-09 23:34:42,689 [WARN] PackLoader:240 - Cannot read IP mode file for STMicroelectronics.X-CUBE-BLEMGR.3.1.0
2024-10-09 23:34:42,774 [WARN] PackLoader:240 - Cannot read IP mode file for STMicroelectronics.FP-SNS-SMARTAG2.1.2.0
2024-10-09 23:34:42,838 [INFO] LogOutputStream:77 - [STDOUT_REDIRECT] 1 : Invalid condition id : UX_CORESTACK_Condition cause : null
2024-10-09 23:34:42,839 [INFO] LogOutputStream:77 - [STDOUT_REDIRECT] 1 : Invalid condition id : UX_CORESTACK_Condition cause : null
2024-10-09 23:34:42,842 [INFO] LogOutputStream:77 - [STDOUT_REDIRECT] 1 : Invalid condition id : UX_CORESTACK_Condition cause : null
2024-10-09 23:34:42,844 [INFO] LogOutputStream:77 - [STDOUT_REDIRECT] 1 : Invalid condition id : UX_CORESTACK_Condition cause : null
2024-10-09 23:34:42,846 [INFO] LogOutputStream:77 - [STDOUT_REDIRECT] 1 : Invalid condition id : UX_CORESTACK_Condition cause : null
2024-10-09 23:34:42,853 [WARN] PackLoader:240 - Cannot read IP mode file for STMicroelectronics.X-CUBE-AZRTOS-WL.2.0.0
2024-10-09 23:34:42,887 [WARN] PackLoader:240 - Cannot read IP mode file for STMicroelectronics.FP-SNS-MOTENV1.5.0.0
2024-10-09 23:34:42,914 [WARN] PackLoader:240 - Cannot read IP mode file for wolfSSL.I-CUBE-wolfMQTT.1.19.0
2024-10-09 23:34:42,950 [WARN] PackLoader:240 - Cannot read IP mode file for WES.I-CUBE-Cesium.1.3.0
2024-10-09 23:34:42,992 [WARN] PackLoader:240 - Cannot read IP mode file for STMicroelectronics.X-CUBE-BLE2.3.3.0
2024-10-09 23:34:43,040 [WARN] PackLoader:240 - Cannot read IP mode file for STMicroelectronics.X-CUBE-NFC9.1.0.0
2024-10-09 23:34:43,146 [WARN] PackLoader:240 - Cannot read IP mode file for STMicroelectronics.X-CUBE-TCPP.4.1.0
2024-10-09 23:34:43,189 [WARN] PackLoader:240 - Cannot read IP mode file for STMicroelectronics.X-CUBE-ALGOBUILD.1.3.0
2024-10-09 23:34:43,295 [WARN] PackLoader:240 - Cannot read IP mode file for STMicroelectronics.X-CUBE-AZRTOS-G0.1.1.0
2024-10-09 23:34:43,340 [WARN] PackLoader:240 - Cannot read IP mode file for STMicroelectronics.X-CUBE-SAFEA1.1.2.2
2024-10-09 23:34:43,441 [WARN] PackLoader:240 - Cannot read IP mode file for STMicroelectronics.X-CUBE-NFC4.3.0.0
2024-10-09 23:34:43,527 [WARN] PackLoader:240 - Cannot read IP mode file for wolfSSL.I-CUBE-wolfMQTT.1.18.0
2024-10-09 23:34:43,586 [WARN] PackLoader:240 - Cannot read IP mode file for EmbeddedOffice.I-CUBE-FS-RTOS.1.0.1
2024-10-09 23:34:43,587 [ERROR] ConditionMgr:805 - Attr not supported : Dmpu
2024-10-09 23:34:43,587 [ERROR] ConditionMgr:805 - Attr not supported : Dmpu
2024-10-09 23:34:43,587 [ERROR] ConditionMgr:805 - Attr not supported : Dmpu
2024-10-09 23:34:43,587 [ERROR] ConditionMgr:805 - Attr not supported : Dmpu
2024-10-09 23:34:43,587 [ERROR] ConditionMgr:805 - Attr not supported : Dmpu
2024-10-09 23:34:43,587 [ERROR] ConditionMgr:805 - Attr not supported : Dmpu
2024-10-09 23:34:43,588 [ERROR] ConditionMgr:805 - Attr not supported : Dmpu
2024-10-09 23:34:43,588 [ERROR] ConditionMgr:805 - Attr not supported : Dmpu
2024-10-09 23:34:43,588 [ERROR] ConditionMgr:805 - Attr not supported : Dmpu
2024-10-09 23:34:43,588 [ERROR] ConditionMgr:805 - Attr not supported : Dmpu
2024-10-09 23:34:43,588 [ERROR] ConditionMgr:805 - Attr not supported : Dmpu
2024-10-09 23:34:43,588 [ERROR] ConditionMgr:805 - Attr not supported : Dmpu
2024-10-09 23:34:43,588 [ERROR] ConditionMgr:805 - Attr not supported : Dmpu
2024-10-09 23:34:43,588 [ERROR] ConditionMgr:805 - Attr not supported : Dmpu
2024-10-09 23:34:43,589 [ERROR] ConditionMgr:805 - Attr not supported : Dmpu
2024-10-09 23:34:43,589 [ERROR] ConditionMgr:805 - Attr not supported : Dmpu
2024-10-09 23:34:43,589 [ERROR] ConditionMgr:805 - Attr not supported : Dmpu
2024-10-09 23:34:43,589 [ERROR] ConditionMgr:805 - Attr not supported : Dmpu
2024-10-09 23:34:43,589 [ERROR] ConditionMgr:805 - Attr not supported : Dmpu
2024-10-09 23:34:43,589 [ERROR] ConditionMgr:805 - Attr not supported : Dmpu
2024-10-09 23:34:43,589 [ERROR] ConditionMgr:805 - Attr not supported : Dmpu
2024-10-09 23:34:43,589 [ERROR] ConditionMgr:805 - Attr not supported : Dmpu
2024-10-09 23:34:43,589 [ERROR] ConditionMgr:805 - Attr not supported : Dmpu
2024-10-09 23:34:43,590 [ERROR] ConditionMgr:805 - Attr not supported : Dmpu
2024-10-09 23:34:43,590 [ERROR] ConditionMgr:805 - Attr not supported : Dmpu
2024-10-09 23:34:43,590 [ERROR] ConditionMgr:805 - Attr not supported : Dmpu
2024-10-09 23:34:43,590 [ERROR] ConditionMgr:805 - Attr not supported : Dmpu
2024-10-09 23:34:43,591 [ERROR] ConditionMgr:805 - Attr not supported : Dmpu
2024-10-09 23:34:43,591 [ERROR] ConditionMgr:805 - Attr not supported : Dmpu
2024-10-09 23:34:43,591 [ERROR] ConditionMgr:805 - Attr not supported : Dmpu
2024-10-09 23:34:43,591 [ERROR] ConditionMgr:805 - Attr not supported : Dmpu
2024-10-09 23:34:43,591 [ERROR] ConditionMgr:805 - Attr not supported : Dmpu
2024-10-09 23:34:43,591 [ERROR] ConditionMgr:805 - Attr not supported : Dmpu
2024-10-09 23:34:43,591 [ERROR] ConditionMgr:805 - Attr not supported : Dmpu
2024-10-09 23:34:43,591 [ERROR] ConditionMgr:805 - Attr not supported : Dmpu
2024-10-09 23:34:43,591 [ERROR] ConditionMgr:805 - Attr not supported : Dmpu
2024-10-09 23:34:43,591 [ERROR] ConditionMgr:805 - Attr not supported : Dmpu
2024-10-09 23:34:43,592 [ERROR] ConditionMgr:805 - Attr not supported : Dmpu
2024-10-09 23:34:43,592 [ERROR] ConditionMgr:805 - Attr not supported : Dmpu
2024-10-09 23:34:43,592 [ERROR] ConditionMgr:805 - Attr not supported : Dmpu
2024-10-09 23:34:43,592 [ERROR] ConditionMgr:805 - Attr not supported : Dmpu
2024-10-09 23:34:43,592 [ERROR] ConditionMgr:805 - Attr not supported : Dmpu
2024-10-09 23:34:43,592 [ERROR] ConditionMgr:805 - Attr not supported : Dmpu
2024-10-09 23:34:43,592 [ERROR] ConditionMgr:805 - Attr not supported : Dmpu
2024-10-09 23:34:43,593 [ERROR] ConditionMgr:805 - Attr not supported : Dmpu
2024-10-09 23:34:43,593 [ERROR] ConditionMgr:805 - Attr not supported : Dmpu
2024-10-09 23:34:43,593 [ERROR] ConditionMgr:805 - Attr not supported : Dmpu
2024-10-09 23:34:43,593 [ERROR] ConditionMgr:805 - Attr not supported : Dmpu
2024-10-09 23:34:43,593 [ERROR] ConditionMgr:805 - Attr not supported : Dmpu
2024-10-09 23:34:43,593 [ERROR] ConditionMgr:805 - Attr not supported : Dmpu
2024-10-09 23:34:43,593 [ERROR] ConditionMgr:805 - Attr not supported : Dmpu
2024-10-09 23:34:43,593 [ERROR] ConditionMgr:805 - Attr not supported : Dmpu
2024-10-09 23:34:43,594 [ERROR] ConditionMgr:805 - Attr not supported : Dmpu
2024-10-09 23:34:43,594 [ERROR] ConditionMgr:805 - Attr not supported : Dmpu
2024-10-09 23:34:43,594 [ERROR] ConditionMgr:805 - Attr not supported : Dmpu
2024-10-09 23:34:43,594 [ERROR] ConditionMgr:805 - Attr not supported : Dmpu
2024-10-09 23:34:43,594 [ERROR] ConditionMgr:805 - Attr not supported : Dmpu
2024-10-09 23:34:43,594 [ERROR] ConditionMgr:805 - Attr not supported : Dmpu
2024-10-09 23:34:43,594 [ERROR] ConditionMgr:805 - Attr not supported : Dmpu
2024-10-09 23:34:43,594 [ERROR] ConditionMgr:805 - Attr not supported : Dmpu
2024-10-09 23:34:43,594 [ERROR] ConditionMgr:805 - Attr not supported : Dmpu
2024-10-09 23:34:43,595 [ERROR] ConditionMgr:805 - Attr not supported : Dmpu
2024-10-09 23:34:43,595 [ERROR] ConditionMgr:805 - Attr not supported : Dmpu
2024-10-09 23:34:43,595 [ERROR] ConditionMgr:805 - Attr not supported : Dmpu
2024-10-09 23:34:43,679 [WARN] PackLoader:240 - Cannot read IP mode file for STMicroelectronics.X-CUBE-BLEMGR.3.0.0
2024-10-09 23:34:43,744 [WARN] PackLoader:240 - Cannot read IP mode file for RealThread.X-CUBE-RT-Thread_Nano.4.1.1
2024-10-09 23:34:43,777 [WARN] PackLoader:240 - Cannot read IP mode file for STMicroelectronics.FP-ATR-SIGFOX1.3.2.0
2024-10-09 23:34:43,820 [WARN] PackLoader:240 - Cannot read IP mode file for STMicroelectronics.X-CUBE-EEPRMA1.5.1.0
2024-10-09 23:34:43,929 [WARN] PackLoader:240 - Cannot read IP mode file for SEGGER.I-CUBE-embOS.1.3.1
2024-10-09 23:34:44,071 [WARN] PackLoader:240 - Cannot read IP mode file for STMicroelectronics.X-CUBE-ALGOBUILD.1.4.0
2024-10-09 23:34:44,079 [WARN] PackLoader:240 - Cannot read IP mode file for STMicroelectronics.X-CUBE-AI.9.1.0
2024-10-09 23:34:44,143 [WARN] PackLoader:240 - Cannot read IP mode file for STMicroelectronics.X-CUBE-GNSS1.6.0.0
2024-10-09 23:34:44,249 [WARN] PackLoader:240 - Cannot read IP mode file for STMicroelectronics.X-CUBE-AZRTOS-F4.1.1.0
2024-10-09 23:34:44,336 [WARN] PackLoader:240 - Cannot read IP mode file for STMicroelectronics.X-CUBE-ISPU.2.1.0
2024-10-09 23:34:44,437 [WARN] PackLoader:240 - Cannot read IP mode file for STMicroelectronics.X-CUBE-FREERTOS.1.2.0
2024-10-09 23:34:44,476 [WARN] PackLoader:240 - Cannot read IP mode file for wolfSSL.I-CUBE-wolfSSL.5.6.6
2024-10-09 23:34:44,572 [WARN] PackLoader:240 - Cannot read IP mode file for STMicroelectronics.X-CUBE-AZRTOS-L5.2.0.0
2024-10-09 23:34:44,630 [WARN] PackLoader:240 - Cannot read IP mode file for STMicroelectronics.X-CUBE-NFC6.3.1.0
2024-10-09 23:34:44,668 [WARN] PackLoader:240 - Cannot read IP mode file for ITTIA_DB.I-CUBE-ITTIADB.8.8.0
2024-10-09 23:34:44,717 [WARN] PackLoader:240 - Cannot read IP mode file for STMicroelectronics.X-CUBE-DPower.1.2.0
2024-10-09 23:34:44,754 [WARN] PackLoader:240 - Cannot read IP mode file for STMicroelectronics.X-CUBE-AI.9.0.0
2024-10-09 23:34:44,796 [WARN] PackLoader:240 - Cannot read IP mode file for STMicroelectronics.X-CUBE-NFC7.1.0.1
2024-10-09 23:34:44,834 [WARN] PackLoader:240 - Cannot read IP mode file for STMicroelectronics.X-CUBE-NFC6.3.0.0
2024-10-09 23:34:44,913 [WARN] PackLoader:240 - Cannot read IP mode file for STMicroelectronics.X-CUBE-AI.8.1.0
2024-10-09 23:34:44,986 [WARN] ConditionMgr:438 - getConditionDescription Invalid condition id : LAN8742 Phy interface Condition cause : null
2024-10-09 23:34:44,990 [WARN] PackLoader:240 - Cannot read IP mode file for STMicroelectronics.X-CUBE-AZRTOS-L4.2.0.0
2024-10-09 23:34:44,994 [WARN] ConditionMgr:1039 - genDependencies : Invalid condition id : LAN8742 Phy interface Condition cause : null
2024-10-09 23:34:44,995 [WARN] ConditionMgr:1039 - genDependencies : Invalid condition id : LAN8742 Phy interface Condition cause : null
2024-10-09 23:34:44,996 [WARN] ConditionMgr:1039 - genDependencies : Invalid condition id : LAN8742 Phy interface Condition cause : null
2024-10-09 23:34:45,038 [WARN] PackLoader:240 - Cannot read IP mode file for STMicroelectronics.X-CUBE-SFXS2LP1.4.0.0
2024-10-09 23:34:45,121 [WARN] PackLoader:240 - Cannot read IP mode file for STMicroelectronics.X-CUBE-AZRTOS-H7.3.3.0
2024-10-09 23:34:45,147 [WARN] PackLoader:240 - Cannot read IP mode file for STMicroelectronics.X-CUBE-IPS.3.0.0
2024-10-09 23:34:45,209 [WARN] ConditionMgr:438 - getConditionDescription Invalid condition id : UX DEVICE CLASS RTOS Condition cause : null
2024-10-09 23:34:45,210 [WARN] ConditionMgr:438 - getConditionDescription Invalid condition id : UX DEVICE CLASS RTOS Condition cause : null
2024-10-09 23:34:45,213 [WARN] PackLoader:240 - Cannot read IP mode file for STMicroelectronics.X-CUBE-AZRTOS-WB.2.0.0
2024-10-09 23:34:45,214 [WARN] ConditionMgr:1039 - genDependencies : Invalid condition id : UX DEVICE CLASS RTOS Condition cause : null
2024-10-09 23:34:45,214 [WARN] ConditionMgr:1039 - genDependencies : Invalid condition id : UX DEVICE CLASS RTOS Condition cause : null
2024-10-09 23:34:45,215 [WARN] ConditionMgr:1039 - genDependencies : Invalid condition id : UX DEVICE CLASS RTOS Condition cause : null
2024-10-09 23:34:45,216 [WARN] ConditionMgr:1039 - genDependencies : Invalid condition id : UX DEVICE CLASS RTOS Condition cause : null
2024-10-09 23:34:45,216 [WARN] ConditionMgr:1039 - genDependencies : Invalid condition id : UX DEVICE CLASS RTOS Condition cause : null
2024-10-09 23:34:45,263 [WARN] PackLoader:240 - Cannot read IP mode file for STMicroelectronics.X-CUBE-GNSS1.7.0.0
2024-10-09 23:34:45,305 [WARN] PackLoader:240 - Cannot read IP mode file for STMicroelectronics.FP-SNS-STBOX1.2.0.0
2024-10-09 23:34:45,370 [WARN] PackLoader:240 - Cannot read IP mode file for STMicroelectronics.X-CUBE-SUBG2.5.0.0
2024-10-09 23:34:45,492 [WARN] PackLoader:240 - Cannot read IP mode file for STMicroelectronics.X-CUBE-AZRTOS-G4.2.0.0
2024-10-09 23:34:45,588 [WARN] PackLoader:240 - Cannot read IP mode file for Infineon.AIROC-Wi-Fi-Bluetooth-STM32.1.5.1
2024-10-09 23:34:45,753 [WARN] PackLoader:240 - Cannot read IP mode file for STMicroelectronics.FP-SNS-MOTENVWB1.1.3.1
2024-10-09 23:34:45,798 [WARN] PackLoader:240 - Cannot read IP mode file for STMicroelectronics.X-CUBE-ISPU.2.0.0
2024-10-09 23:34:45,856 [WARN] PackLoader:240 - Cannot read IP mode file for STMicroelectronics.X-CUBE-ALS.1.0.2
2024-10-09 23:34:46,170 [WARN] PackLoader:240 - Cannot read IP mode file for STMicroelectronics.X-CUBE-MEMS1.10.0.0
2024-10-09 23:34:46,532 [WARN] PackLoader:240 - Cannot read IP mode file for STMicroelectronics.X-CUBE-FREERTOS.1.1.0
2024-10-09 23:34:46,579 [WARN] PackLoader:240 - Cannot read IP mode file for STMicroelectronics.X-CUBE-TOUCHGFX.4.24.0
2024-10-09 23:34:46,608 [WARN] PackLoader:240 - Cannot read IP mode file for STMicroelectronics.X-CUBE-TOUCHGFX.4.24.1
2024-10-09 23:34:46,617 [WARN] PackLoader:240 - Cannot read IP mode file for wolfSSL.I-CUBE-wolfTPM.3.4.0
2024-10-09 23:34:46,624 [INFO] WebApp:161 - Instantiating new browser for Auth
2024-10-09 23:34:46,694 [WARN] PackLoader:240 - Cannot read IP mode file for portGmbH.I-Cube-SoM-uGOAL.1.1.0
2024-10-09 23:34:46,769 [WARN] PackLoader:240 - Cannot read IP mode file for STMicroelectronics.X-CUBE-ALS.1.0.1
2024-10-09 23:34:46,873 [WARN] PackLoader:240 - Cannot read IP mode file for STMicroelectronics.X-CUBE-AZRTOS-H7RS.1.0.0
2024-10-09 23:34:46,893 [WARN] PackLoader:240 - Cannot read IP mode file for STMicroelectronics.FP-ATR-ASTRA1.2.0.0
2024-10-09 23:34:46,962 [WARN] PackLoader:240 - Cannot read IP mode file for STMicroelectronics.X-CUBE-TOF1.3.4.2
2024-10-09 23:34:47,094 [WARN] PackLoader:240 - Cannot read IP mode file for STMicroelectronics.X-CUBE-TOF1.3.4.0
2024-10-09 23:34:47,173 [WARN] PackLoader:240 - Cannot read IP mode file for STMicroelectronics.X-CUBE-TOF1.3.4.1
2024-10-09 23:34:47,265 [WARN] PackLoader:240 - Cannot read IP mode file for STMicroelectronics.X-CUBE-AZRTOS-H7.3.2.0
2024-10-09 23:34:47,279 [WARN] PackLoader:240 - Cannot read IP mode file for wolfSSL.I-CUBE-wolfSSH.1.4.17
2024-10-09 23:34:47,280 [INFO] ThirdParty:978 - Integrity check success = true
2024-10-09 23:34:47,280 [INFO] IntegrityCheckThread:100 - exiting critical section [integrity check]
2024-10-09 23:34:47,280 [INFO] IntegrityCheckThread:103 - End integrity checks thread
2024-10-09 23:34:48,222 [INFO] WebApp:780 - Register for checkConnection events
2024-10-09 23:34:48,222 [INFO] WebApp:414 - Apply proxy settings
2024-10-09 23:34:48,223 [INFO] WebApp:499 - Chromium requires no authentication
2024-10-09 23:34:48,236 [INFO] WebApp:442 - Direct internet connection detected
2024-10-09 23:34:48,498 [INFO] WebApp:192 - Starting web application
2024-10-09 23:34:48,499 [INFO] WebApp:544 - Web application path used C:\ST\STM32CubeIDE_1.14.1\STM32CubeIDE\plugins\com.st.stm32cube.common.mx_6.10.0.202311202037\db\plugins\mcufinder\reactClient1\index.html
2024-10-09 23:35:10,182 [ERROR] LogOutputStream:75 - [STDERR_REDIRECT] SLF4J: Failed to load class "org.slf4j.impl.StaticLoggerBinder".
2024-10-09 23:35:10,183 [ERROR] LogOutputStream:75 - [STDERR_REDIRECT] SLF4J: Defaulting to no-operation (NOP) logger implementation
2024-10-09 23:35:10,186 [ERROR] LogOutputStream:75 - [STDERR_REDIRECT] SLF4J: See http://www.slf4j.org/codes.html#StaticLoggerBinder for further details.
