2024-09-16 23:16:18,478 [INFO] Activator:176 - 


2024-09-16 23:16:18,492 [INFO] Activator:177 - !SESSION log4j initialized
2024-09-16 23:16:30,021 [INFO] LogOutputStream:77 - [STDOUT_REDIRECT] 
2024-09-16 23:16:34,390 [INFO] ApplicationProperties:184 - Using Application install path: C:\ST\STM32CubeIDE_1.14.1\STM32CubeIDE\plugins\com.st.stm32cube.common.mx_6.10.0.202311202037
2024-09-16 23:16:34,429 [INFO] DbMcusXml:78 - Set database path to: C:\ST\STM32CubeIDE_1.14.1\STM32CubeIDE\plugins\com.st.stm32cube.common.mx_6.10.0.202311202037\\db\/mcu/
2024-09-16 23:16:34,429 [INFO] ApiDb:274 - Set plugin database path to: C:\ST\STM32CubeIDE_1.14.1\STM32CubeIDE\plugins\com.st.stm32cube.common.mx_6.10.0.202311202037\\db\/plugins/boardmanager/
2024-09-16 23:16:34,430 [WARN] ApiDb:259 - Overriding images path with different value:  => C:\ST\STM32CubeIDE_1.14.1\STM32CubeIDE\plugins\com.st.stm32cube.common.mx_6.10.0.202311202037\\db\/plugins/mcufinder/images/
2024-09-16 23:16:34,445 [INFO] ApiDb:250 - Set database path to: C:\Users\ImadF\.stmcufinder\plugins\mcufinder//mcu/
2024-09-16 23:16:34,446 [INFO] DbMcusAds:125 - Set database path to: C:\Users\ImadF\.stmcufinder\plugins\mcufinder//mcu/
2024-09-16 23:16:34,448 [INFO] CrossReferenceDbSqlite:203 - Set database path to: C:\Users\ImadF\.stmcufinder\plugins\mcufinder//mcu/cs/
2024-09-16 23:16:34,672 [INFO] RulesReader:64 - Compatibility file has been processed (297 Rules)
2024-09-16 23:16:34,812 [INFO] DbMcusXml:78 - Set database path to: C:\ST\STM32CubeIDE_1.14.1\STM32CubeIDE\plugins\com.st.stm32cube.common.mx_6.10.0.202311202037\\db\/mcu/
2024-09-16 23:16:34,812 [INFO] ApiDb:274 - Set plugin database path to: C:\ST\STM32CubeIDE_1.14.1\STM32CubeIDE\plugins\com.st.stm32cube.common.mx_6.10.0.202311202037\\db\/plugins/boardmanager/
2024-09-16 23:16:34,813 [INFO] ApiDb:261 - Set plugin images path to: C:\ST\STM32CubeIDE_1.14.1\STM32CubeIDE\plugins\com.st.stm32cube.common.mx_6.10.0.202311202037\\db\/plugins/mcufinder/images/
2024-09-16 23:16:34,813 [WARN] DbFile:41 - Overriding database path with different value: C:\Users\ImadF\.stmcufinder\plugins\mcufinder/ => C:\Users\ImadF\.stmcufinder\plugins\mcufinder
2024-09-16 23:16:34,813 [INFO] ApiDb:250 - Set database path to: C:\Users\ImadF\.stmcufinder\plugins\mcufinder//mcu/
2024-09-16 23:16:34,813 [WARN] DbFile:41 - Overriding database path with different value: C:\Users\ImadF\.stmcufinder\plugins\mcufinder/ => C:\Users\ImadF\.stmcufinder\plugins\mcufinder
2024-09-16 23:16:34,813 [INFO] DbMcusAds:125 - Set database path to: C:\Users\ImadF\.stmcufinder\plugins\mcufinder//mcu/
2024-09-16 23:16:34,813 [WARN] DbFile:41 - Overriding database path with different value: C:\Users\ImadF\.stmcufinder\plugins\mcufinder/ => C:\Users\ImadF\.stmcufinder\plugins\mcufinder
2024-09-16 23:16:34,814 [WARN] DbFile:41 - Overriding database path with different value: C:\Users\ImadF\.stmcufinder\plugins\mcufinder/ => C:\Users\ImadF\.stmcufinder\plugins\mcufinder
2024-09-16 23:16:34,814 [INFO] CrossReferenceDbSqlite:203 - Set database path to: C:\Users\ImadF\.stmcufinder\plugins\mcufinder//mcu/cs/
2024-09-16 23:16:34,975 [INFO] MainPanel:264 - HeapMemory: 268435456
2024-09-16 23:16:35,149 [INFO] DbMcusXml:78 - Set database path to: C:\ST\STM32CubeIDE_1.14.1\STM32CubeIDE\plugins\com.st.stm32cube.common.mx_6.10.0.202311202037\\db\/mcu/
2024-09-16 23:16:35,150 [INFO] ApiDb:274 - Set plugin database path to: C:\ST\STM32CubeIDE_1.14.1\STM32CubeIDE\plugins\com.st.stm32cube.common.mx_6.10.0.202311202037\\db\/plugins/boardmanager/
2024-09-16 23:16:35,150 [INFO] ApiDb:261 - Set plugin images path to: C:\ST\STM32CubeIDE_1.14.1\STM32CubeIDE\plugins\com.st.stm32cube.common.mx_6.10.0.202311202037\\db\/plugins/mcufinder/images/
2024-09-16 23:16:35,151 [WARN] DbFile:41 - Overriding database path with different value: C:\Users\ImadF\.stmcufinder\plugins\mcufinder/ => C:\Users\ImadF\.stmcufinder\plugins\mcufinder
2024-09-16 23:16:35,151 [INFO] ApiDb:250 - Set database path to: C:\Users\ImadF\.stmcufinder\plugins\mcufinder//mcu/
2024-09-16 23:16:35,151 [WARN] DbFile:41 - Overriding database path with different value: C:\Users\ImadF\.stmcufinder\plugins\mcufinder/ => C:\Users\ImadF\.stmcufinder\plugins\mcufinder
2024-09-16 23:16:35,153 [INFO] DbMcusAds:125 - Set database path to: C:\Users\ImadF\.stmcufinder\plugins\mcufinder//mcu/
2024-09-16 23:16:35,154 [WARN] DbFile:41 - Overriding database path with different value: C:\Users\ImadF\.stmcufinder\plugins\mcufinder/ => C:\Users\ImadF\.stmcufinder\plugins\mcufinder
2024-09-16 23:16:35,154 [WARN] DbFile:41 - Overriding database path with different value: C:\Users\ImadF\.stmcufinder\plugins\mcufinder/ => C:\Users\ImadF\.stmcufinder\plugins\mcufinder
2024-09-16 23:16:35,155 [INFO] CrossReferenceDbSqlite:203 - Set database path to: C:\Users\ImadF\.stmcufinder\plugins\mcufinder//mcu/cs/
2024-09-16 23:16:35,190 [INFO] ApplicationProperties:184 - Using Application install path: C:\ST\STM32CubeIDE_1.14.1\STM32CubeIDE\plugins\com.st.stm32cube.common.mx_6.10.0.202311202037
2024-09-16 23:16:35,194 [INFO] PluginManage:196 - Search for loadable plugins [exclusion list=, ]
2024-09-16 23:16:35,197 [INFO] PluginManage:310 - Check plugin analytics
2024-09-16 23:16:35,542 [INFO] AnalyticsPlugin:253 - Accepted Software Licenses: 
2024-09-16 23:16:35,543 [INFO] AnalyticsPlugin:255 - Accepted CMSIS Pack Licenses: 
2024-09-16 23:16:35,543 [INFO] AnalyticsPlugin:257 - Accepted Firmware Licenses: FW.F4.1.28.0
2024-09-16 23:16:35,548 [INFO] PluginManage:359 - Loaded plugin analytics (category:tool,tabindex:-1)
2024-09-16 23:16:35,549 [INFO] PluginManage:310 - Check plugin cadmodel
2024-09-16 23:16:35,577 [INFO] CADModel:105 - Init CAD model plugin
2024-09-16 23:16:35,578 [INFO] PluginManage:359 - Loaded plugin cadmodel (category:power,tabindex:5)
2024-09-16 23:16:35,578 [INFO] PluginManage:310 - Check plugin clock
2024-09-16 23:16:35,618 [INFO] PluginManage:359 - Loaded plugin clock (category:base,tabindex:2)
2024-09-16 23:16:35,618 [INFO] PluginManage:310 - Check plugin ddr
2024-09-16 23:16:35,629 [INFO] PluginManage:359 - Loaded plugin ddr (category:tool,tabindex:6)
2024-09-16 23:16:35,631 [INFO] PluginManage:310 - Check plugin filemanager
2024-09-16 23:16:35,917 [INFO] PluginManage:359 - Loaded plugin filemanager (category:base,tabindex:10)
2024-09-16 23:16:35,918 [INFO] PluginManage:310 - Check plugin ipmanager
2024-09-16 23:16:35,929 [INFO] PluginManage:359 - Loaded plugin ipmanager (category:base,tabindex:5)
2024-09-16 23:16:35,929 [INFO] PluginManage:310 - Check plugin lpbam
2024-09-16 23:16:35,964 [INFO] PluginManage:359 - Loaded plugin lpbam (category:base,tabindex:0)
2024-09-16 23:16:35,964 [INFO] PluginManage:310 - Check plugin memorymap
2024-09-16 23:16:36,006 [INFO] PluginManage:359 - Loaded plugin memorymap (category:base,tabindex:4)
2024-09-16 23:16:36,007 [INFO] PluginManage:310 - Check plugin pinoutandconfiguration
2024-09-16 23:16:36,040 [INFO] PluginManage:359 - Loaded plugin pinoutandconfiguration (category:base,tabindex:1)
2024-09-16 23:16:36,040 [INFO] PluginManage:310 - Check plugin pinoutconfig
2024-09-16 23:16:36,224 [WARN] SupportedApi:132 - Cannot load RTOS API schema: s4s-elt-must-match.1: The content of 'definitions' must match (annotation?, (simpleType | complexType)?, (unique | key | keyref)*)). A problem was found starting at: attribute.
2024-09-16 23:16:36,527 [INFO] PluginManage:359 - Loaded plugin pinoutconfig (category:base,tabindex:0)
2024-09-16 23:16:36,527 [INFO] PluginManage:310 - Check plugin power
2024-09-16 23:16:36,581 [INFO] PluginManage:359 - Loaded plugin power (category:power,tabindex:4)
2024-09-16 23:16:36,581 [INFO] PluginManage:310 - Check plugin projectmanager
2024-09-16 23:16:36,624 [INFO] PluginManage:359 - Loaded plugin projectmanager (category:projectmanager,tabindex:3)
2024-09-16 23:16:36,624 [INFO] PluginManage:310 - Check plugin thirdparty
2024-09-16 23:16:37,250 [INFO] PluginManage:359 - Loaded plugin thirdparty (category:base,tabindex:-1)
2024-09-16 23:16:37,250 [INFO] PluginManage:310 - Check plugin tools
2024-09-16 23:16:37,250 [WARN] IntegrityCheckThread:84 - waiting for thirdparty lock release [integrity check]
2024-09-16 23:16:37,251 [INFO] IntegrityCheckThread:86 - entering critical section [integrity check]
2024-09-16 23:16:37,252 [INFO] ThirdPartyUpdaterWithRetryManager:70 - Updater plugin not ready yet. [1/15]
2024-09-16 23:16:37,330 [INFO] PluginManage:359 - Loaded plugin tools (category:base,tabindex:7)
2024-09-16 23:16:37,331 [INFO] PluginManage:310 - Check plugin tutovideos
2024-09-16 23:16:37,752 [INFO] PluginManage:359 - Loaded plugin tutovideos (category:base,tabindex:-1)
2024-09-16 23:16:37,754 [INFO] PluginManage:310 - Check plugin updater
2024-09-16 23:16:37,773 [INFO] PluginManage:359 - Loaded plugin updater (category:base,tabindex:12)
2024-09-16 23:16:37,773 [INFO] PluginManage:310 - Check plugin userauth
2024-09-16 23:16:37,783 [INFO] UserAuth:114 - Init User Auth plugin
2024-09-16 23:16:37,784 [INFO] PluginManage:359 - Loaded plugin userauth (category:base,tabindex:14)
2024-09-16 23:16:37,785 [INFO] PluginManage:283 - PluginManage : Loaded plugins [17]
2024-09-16 23:16:38,231 [INFO] PinOutPanel:1499 - setPackage(No Configuration,No Configuration)
2024-09-16 23:16:38,373 [INFO] CADModel:165 - CPN selected for project level
2024-09-16 23:16:38,373 [INFO] CADModel:114 - Register for checkConnection events
2024-09-16 23:16:38,430 [INFO] IPUIPlugin:80 - create IPUIPlugin
2024-09-16 23:16:38,430 [INFO] PluginManager:220 - loadIPPluginJar : add adc
2024-09-16 23:16:38,500 [INFO] IPUIPlugin:80 - create IPUIPlugin
2024-09-16 23:16:38,501 [INFO] PluginManager:220 - loadIPPluginJar : add aes
2024-09-16 23:16:38,592 [INFO] IPUIPlugin:80 - create IPUIPlugin
2024-09-16 23:16:38,593 [INFO] PluginManager:220 - loadIPPluginJar : add can
2024-09-16 23:16:38,655 [INFO] IPUIPlugin:80 - create IPUIPlugin
2024-09-16 23:16:38,656 [INFO] PluginManager:220 - loadIPPluginJar : add comp
2024-09-16 23:16:38,733 [INFO] IPUIPlugin:80 - create IPUIPlugin
2024-09-16 23:16:38,734 [INFO] PluginManager:220 - loadIPPluginJar : add cryp
2024-09-16 23:16:38,800 [INFO] IPUIPlugin:80 - create IPUIPlugin
2024-09-16 23:16:38,800 [INFO] PluginManager:220 - loadIPPluginJar : add dfsdm
2024-09-16 23:16:38,829 [INFO] IPUIPlugin:80 - create IPUIPlugin
2024-09-16 23:16:38,830 [INFO] PluginManager:220 - loadIPPluginJar : add dma
2024-09-16 23:16:38,928 [INFO] IPUIPlugin:80 - create IPUIPlugin
2024-09-16 23:16:38,929 [INFO] PluginManager:220 - loadIPPluginJar : add dma3
2024-09-16 23:16:38,971 [INFO] IPUIPlugin:80 - create IPUIPlugin
2024-09-16 23:16:38,971 [INFO] PluginManager:220 - loadIPPluginJar : add fatfs
2024-09-16 23:16:39,102 [INFO] IPUIPlugin:80 - create IPUIPlugin
2024-09-16 23:16:39,103 [INFO] PluginManager:220 - loadIPPluginJar : add fmc
2024-09-16 23:16:39,130 [INFO] IPUIPlugin:80 - create IPUIPlugin
2024-09-16 23:16:39,130 [INFO] PluginManager:220 - loadIPPluginJar : add freertos
2024-09-16 23:16:39,173 [INFO] IPUIPlugin:80 - create IPUIPlugin
2024-09-16 23:16:39,173 [INFO] PluginManager:220 - loadIPPluginJar : add genericplugin
2024-09-16 23:16:39,378 [INFO] IPUIPlugin:80 - create IPUIPlugin
2024-09-16 23:16:39,380 [INFO] PluginManager:220 - loadIPPluginJar : add gfxmmu
2024-09-16 23:16:39,668 [INFO] IPUIPlugin:80 - create IPUIPlugin
2024-09-16 23:16:39,668 [INFO] PluginManager:220 - loadIPPluginJar : add gic
2024-09-16 23:16:39,694 [INFO] IPUIPlugin:80 - create IPUIPlugin
2024-09-16 23:16:39,694 [INFO] PluginManager:220 - loadIPPluginJar : add gpio
2024-09-16 23:16:39,931 [INFO] IPUIPlugin:80 - create IPUIPlugin
2024-09-16 23:16:39,932 [INFO] PluginManager:220 - loadIPPluginJar : add gtzc
2024-09-16 23:16:40,009 [INFO] IPUIPlugin:80 - create IPUIPlugin
2024-09-16 23:16:40,010 [INFO] PluginManager:220 - loadIPPluginJar : add hash
2024-09-16 23:16:40,132 [INFO] IPUIPlugin:80 - create IPUIPlugin
2024-09-16 23:16:40,132 [INFO] PluginManager:220 - loadIPPluginJar : add i2c
2024-09-16 23:16:40,214 [INFO] IPUIPlugin:80 - create IPUIPlugin
2024-09-16 23:16:40,214 [INFO] PluginManager:220 - loadIPPluginJar : add i2s
2024-09-16 23:16:40,255 [INFO] ThirdPartyUpdaterWithRetryManager:70 - Updater plugin not ready yet. [2/15]
2024-09-16 23:16:40,303 [INFO] IPUIPlugin:80 - create IPUIPlugin
2024-09-16 23:16:40,303 [INFO] PluginManager:220 - loadIPPluginJar : add i3c
2024-09-16 23:16:40,561 [INFO] IPUIPlugin:80 - create IPUIPlugin
2024-09-16 23:16:40,561 [INFO] PluginManager:220 - loadIPPluginJar : add ipddr
2024-09-16 23:16:40,762 [INFO] IPUIPlugin:80 - create IPUIPlugin
2024-09-16 23:16:40,762 [INFO] PluginManager:220 - loadIPPluginJar : add linkedlist
2024-09-16 23:16:40,836 [INFO] IPUIPlugin:80 - create IPUIPlugin
2024-09-16 23:16:40,837 [INFO] PluginManager:220 - loadIPPluginJar : add lorawan
2024-09-16 23:16:40,916 [INFO] IPUIPlugin:80 - create IPUIPlugin
2024-09-16 23:16:40,916 [INFO] PluginManager:220 - loadIPPluginJar : add ltdc
2024-09-16 23:16:40,945 [INFO] IPUIPlugin:80 - create IPUIPlugin
2024-09-16 23:16:40,945 [INFO] PluginManager:220 - loadIPPluginJar : add mdma
2024-09-16 23:16:40,968 [INFO] IPUIPlugin:80 - create IPUIPlugin
2024-09-16 23:16:40,969 [INFO] PluginManager:220 - loadIPPluginJar : add nvic
2024-09-16 23:16:41,043 [INFO] IPUIPlugin:80 - create IPUIPlugin
2024-09-16 23:16:41,044 [INFO] PluginManager:220 - loadIPPluginJar : add opamp
2024-09-16 23:16:41,178 [INFO] IPUIPlugin:80 - create IPUIPlugin
2024-09-16 23:16:41,178 [INFO] PluginManager:220 - loadIPPluginJar : add openamp
2024-09-16 23:16:41,269 [INFO] IPUIPlugin:80 - create IPUIPlugin
2024-09-16 23:16:41,270 [INFO] PluginManager:220 - loadIPPluginJar : add pdm2pcm
2024-09-16 23:16:41,294 [INFO] IPUIPlugin:80 - create IPUIPlugin
2024-09-16 23:16:41,297 [INFO] PluginManager:220 - loadIPPluginJar : add plateformsettings
2024-09-16 23:16:41,342 [INFO] IPUIPlugin:80 - create IPUIPlugin
2024-09-16 23:16:41,342 [INFO] PluginManager:220 - loadIPPluginJar : add quadspi
2024-09-16 23:16:41,367 [INFO] IPUIPlugin:80 - create IPUIPlugin
2024-09-16 23:16:41,368 [INFO] PluginManager:220 - loadIPPluginJar : add resmgrutility
2024-09-16 23:16:41,469 [INFO] IPUIPlugin:80 - create IPUIPlugin
2024-09-16 23:16:41,469 [INFO] PluginManager:220 - loadIPPluginJar : add sai
2024-09-16 23:16:41,547 [INFO] IPUIPlugin:80 - create IPUIPlugin
2024-09-16 23:16:41,548 [INFO] PluginManager:220 - loadIPPluginJar : add spi
2024-09-16 23:16:41,702 [INFO] IPUIPlugin:80 - create IPUIPlugin
2024-09-16 23:16:41,702 [INFO] PluginManager:220 - loadIPPluginJar : add stm32_wpan
2024-09-16 23:16:41,792 [INFO] IPUIPlugin:80 - create IPUIPlugin
2024-09-16 23:16:41,792 [INFO] PluginManager:220 - loadIPPluginJar : add tim
2024-09-16 23:16:41,909 [INFO] IPUIPlugin:80 - create IPUIPlugin
2024-09-16 23:16:41,909 [INFO] PluginManager:220 - loadIPPluginJar : add touchsensing
2024-09-16 23:16:41,957 [INFO] IPUIPlugin:80 - create IPUIPlugin
2024-09-16 23:16:41,957 [INFO] PluginManager:220 - loadIPPluginJar : add tracer_emb
2024-09-16 23:16:42,006 [INFO] IPUIPlugin:80 - create IPUIPlugin
2024-09-16 23:16:42,007 [INFO] PluginManager:220 - loadIPPluginJar : add ts
2024-09-16 23:16:42,050 [INFO] IPUIPlugin:80 - create IPUIPlugin
2024-09-16 23:16:42,053 [INFO] PluginManager:220 - loadIPPluginJar : add tsc
2024-09-16 23:16:42,098 [INFO] IPUIPlugin:80 - create IPUIPlugin
2024-09-16 23:16:42,098 [INFO] PluginManager:220 - loadIPPluginJar : add ucpd
2024-09-16 23:16:42,190 [INFO] IPUIPlugin:80 - create IPUIPlugin
2024-09-16 23:16:42,190 [INFO] PluginManager:220 - loadIPPluginJar : add usart
2024-09-16 23:16:42,316 [INFO] IPUIPlugin:80 - create IPUIPlugin
2024-09-16 23:16:42,316 [INFO] PluginManager:220 - loadIPPluginJar : add usbx
2024-09-16 23:16:42,507 [INFO] CADModel:165 - CPN selected for project level
2024-09-16 23:16:42,507 [INFO] CADModel:114 - Register for checkConnection events
2024-09-16 23:16:42,507 [FATAL] Updater:308 - Updater called before beeing initialized
2024-09-16 23:16:42,508 [ERROR] CADModel:125 - Updater not yet initialized, retry later 
2024-09-16 23:16:42,757 [INFO] CADModel:165 - CPN selected for project level
2024-09-16 23:16:42,758 [INFO] CADModel:114 - Register for checkConnection events
2024-09-16 23:16:42,758 [FATAL] Updater:308 - Updater called before beeing initialized
2024-09-16 23:16:42,758 [ERROR] CADModel:125 - Updater not yet initialized, retry later 
2024-09-16 23:16:42,764 [FATAL] Updater:308 - Updater called before beeing initialized
2024-09-16 23:16:42,977 [FATAL] Updater:308 - Updater called before beeing initialized
2024-09-16 23:16:43,000 [INFO] DbMcusAds:53 - JSON generation date=Thu May 16 05:22:00 EDT 2024 (1715851320667)
2024-09-16 23:16:43,000 [FATAL] Updater:308 - Updater called before beeing initialized
2024-09-16 23:16:43,190 [WARN] DetailPanel:346 - Failed to get advertising image, set to default
2024-09-16 23:16:43,257 [INFO] ThirdPartyUpdaterWithRetryManager:70 - Updater plugin not ready yet. [3/15]
2024-09-16 23:16:43,333 [FATAL] Updater:308 - Updater called before beeing initialized
2024-09-16 23:16:43,340 [FATAL] Updater:308 - Updater called before beeing initialized
2024-09-16 23:16:43,340 [FATAL] Updater:308 - Updater called before beeing initialized
2024-09-16 23:16:43,341 [WARN] DetailPanel:346 - Failed to get advertising image, set to default
2024-09-16 23:16:43,342 [FATAL] Updater:308 - Updater called before beeing initialized
2024-09-16 23:16:43,463 [ERROR] Updater:1120 - MainUpdater not yet initialized. External WinMGr cannot be set.
2024-09-16 23:16:43,485 [INFO] Updater:1056 - Updater Version found : 6.10.0
2024-09-16 23:16:43,520 [INFO] ApplicationProperties:184 - Using Application install path: C:\ST\STM32CubeIDE_1.14.1\STM32CubeIDE\plugins\com.st.stm32cube.common.mx_6.10.0.202311202037
2024-09-16 23:16:45,173 [ERROR] LogOutputStream:75 - [STDERR_REDIRECT] Sep 16, 2024 11:16:45 PM java.util.prefs.WindowsPreferences <init>
2024-09-16 23:16:45,176 [ERROR] LogOutputStream:75 - [STDERR_REDIRECT] WARNING: Could not open/create prefs root node Software\JavaSoft\Prefs at root 0xffffffff80000002. Windows RegCreateKeyEx(...) returned error code 5.
2024-09-16 23:16:45,176 [ERROR] LogOutputStream:75 - [STDERR_REDIRECT] 
2024-09-16 23:16:45,790 [INFO] MainUpdater:2873 - connection check result : 10
2024-09-16 23:16:45,791 [INFO] MainUpdater:3567 - Updater definition file requires update
2024-09-16 23:16:45,793 [INFO] MainUpdater:290 - Updater Check For Update Now.
2024-09-16 23:16:45,794 [INFO] MicroXplorer:498 - Change Database Version : DB.6.0.100
2024-09-16 23:16:45,824 [INFO] McuFinderGlobals:63 - Set McuFinder mode to 2 (CubeIDE integrated)
2024-09-16 23:16:45,899 [INFO] ServerAccessManage:473 - Download File updaters.zip
2024-09-16 23:16:46,070 [INFO] FileExtend:240 - Unzip File : updaters.zip
2024-09-16 23:16:46,071 [INFO] FileExtend:255 - Standard Zip Deflate
2024-09-16 23:16:46,266 [WARN] MainUpdater:1194 - Updater busy. Cannot search thirdparties
2024-09-16 23:16:46,268 [INFO] ThirdPartyUpdaterWithRetryManager:96 - Updater plugin is busy. [1/15]
2024-09-16 23:16:46,671 [INFO] UserAuth:404 - Internet connection configuration mode: 1
2024-09-16 23:16:46,743 [INFO] JxBrowserEngine:152 - Initiate JxBrowser Engine with user profile folder
2024-09-16 23:16:47,096 [INFO] ServerAccessManage:473 - Download File PacksControlFlags.xml
2024-09-16 23:16:47,375 [INFO] ServerAccessManage:473 - Download File cubemx.pidx
2024-09-16 23:16:49,188 [INFO] ServerAccessManage:473 - Download File STMicroelectronics.X-CUBE-GNSS1.pdsc
2024-09-16 23:16:49,281 [WARN] MainUpdater:1194 - Updater busy. Cannot search thirdparties
2024-09-16 23:16:49,281 [INFO] ThirdPartyUpdaterWithRetryManager:96 - Updater plugin is busy. [2/15]
2024-09-16 23:16:49,983 [ERROR] ServerAccessManage:1089 - Problem, file not found on Server
2024-09-16 23:16:50,476 [ERROR] ServerAccessManage:1089 - Problem, file not found on Server
2024-09-16 23:16:50,914 [ERROR] ServerAccessManage:1089 - Problem, file not found on Server
2024-09-16 23:16:51,142 [ERROR] ServerAccessManage:1089 - Problem, file not found on Server
2024-09-16 23:16:51,540 [ERROR] ServerAccessManage:1089 - Problem, file not found on Server
2024-09-16 23:16:51,977 [ERROR] ServerAccessManage:1089 - Problem, file not found on Server
2024-09-16 23:16:52,053 [INFO] ServerAccessManage:473 - Download File STMicroelectronics.X-CUBE-ISPU.pdsc
2024-09-16 23:16:52,289 [WARN] MainUpdater:1194 - Updater busy. Cannot search thirdparties
2024-09-16 23:16:52,289 [INFO] ThirdPartyUpdaterWithRetryManager:96 - Updater plugin is busy. [3/15]
2024-09-16 23:16:52,604 [INFO] WebApp:161 - Instantiating new browser for Auth
2024-09-16 23:16:54,083 [INFO] WebApp:780 - Register for checkConnection events
2024-09-16 23:16:54,084 [INFO] WebApp:414 - Apply proxy settings
2024-09-16 23:16:54,084 [INFO] WebApp:499 - Chromium requires no authentication
2024-09-16 23:16:54,131 [INFO] WebApp:442 - Direct internet connection detected
2024-09-16 23:16:54,648 [WARN] PackLoader:240 - Cannot read IP mode file for STMicroelectronics.X-CUBE-GNSS1.7.0.0
2024-09-16 23:16:54,677 [WARN] PackLoader:240 - Cannot read IP mode file for STMicroelectronics.X-CUBE-ISPU.2.1.0
2024-09-16 23:16:54,681 [INFO] PopulateThirdPartyThread:66 - Ending populate Thread
2024-09-16 23:16:54,684 [INFO] ThirdParty:1030 - CMSIS Pack Vendor :STMicroelectronics X-CUBE-GNSS1 7.0.0
2024-09-16 23:16:54,684 [INFO] ThirdParty:1030 - CMSIS Pack Vendor :STMicroelectronics X-CUBE-ISPU 2.1.0
2024-09-16 23:16:54,685 [INFO] LoadServerUpdatesThread:375 - End of LoadServerUpdate Thread
2024-09-16 23:16:54,729 [INFO] WebApp:192 - Starting web application
2024-09-16 23:16:54,731 [INFO] WebApp:544 - Web application path used C:\ST\STM32CubeIDE_1.14.1\STM32CubeIDE\plugins\com.st.stm32cube.common.mx_6.10.0.202311202037\db\plugins\mcufinder\reactClient1\index.html
2024-09-16 23:16:54,914 [INFO] CheckServerUpdateThread:120 - End of CheckServer Thread
2024-09-16 23:16:55,898 [WARN] PackLoader:240 - Cannot read IP mode file for STMicroelectronics.FP-SNS-MOTENVWB1.1.4.0
2024-09-16 23:16:55,944 [WARN] PackLoader:240 - Cannot read IP mode file for STMicroelectronics.X-CUBE-SMBUS.2.1.0
2024-09-16 23:16:55,975 [WARN] PackLoader:240 - Cannot read IP mode file for STMicroelectronics.X-CUBE-TOUCHGFX.4.23.1
2024-09-16 23:16:55,995 [WARN] PackLoader:240 - Cannot read IP mode file for STMicroelectronics.X-CUBE-TOUCHGFX.4.23.0
2024-09-16 23:16:56,023 [WARN] PackLoader:240 - Cannot read IP mode file for STMicroelectronics.X-CUBE-TOUCHGFX.4.23.2
2024-09-16 23:16:56,108 [WARN] PackLoader:240 - Cannot read IP mode file for STMicroelectronics.X-CUBE-AZRTOS-F7.1.1.0
2024-09-16 23:16:56,148 [WARN] PackLoader:240 - Cannot read IP mode file for STMicroelectronics.FP-SNS-MOTENV1.4.3.2
2024-09-16 23:16:56,310 [WARN] PackLoader:240 - Cannot read IP mode file for STMicroelectronics.X-CUBE-MEMS1.11.0.0
2024-09-16 23:16:56,653 [WARN] PackLoader:240 - Cannot read IP mode file for STMicroelectronics.FP-SNS-FLIGHT1.5.0.2
2024-09-16 23:16:56,694 [WARN] PackLoader:240 - Cannot read IP mode file for STMicroelectronics.X-CUBE-DISPLAY.3.0.0
2024-09-16 23:16:56,731 [WARN] PackLoader:240 - Cannot read IP mode file for STMicroelectronics.X-CUBE-BLE1.7.0.0
2024-09-16 23:16:56,767 [WARN] PackLoader:240 - Cannot read IP mode file for emotas.I-CUBE-CANOPEN.1.3.0
2024-09-16 23:16:56,847 [WARN] PackLoader:240 - Cannot read IP mode file for STMicroelectronics.X-CUBE-BLEMGR.3.1.0
2024-09-16 23:16:56,889 [WARN] PackLoader:240 - Cannot read IP mode file for STMicroelectronics.FP-SNS-SMARTAG2.1.2.0
2024-09-16 23:16:56,936 [INFO] LogOutputStream:77 - [STDOUT_REDIRECT] 1 : Invalid condition id : UX_CORESTACK_Condition cause : null
2024-09-16 23:16:56,938 [INFO] LogOutputStream:77 - [STDOUT_REDIRECT] 1 : Invalid condition id : UX_CORESTACK_Condition cause : null
2024-09-16 23:16:56,943 [INFO] LogOutputStream:77 - [STDOUT_REDIRECT] 1 : Invalid condition id : UX_CORESTACK_Condition cause : null
2024-09-16 23:16:56,945 [INFO] LogOutputStream:77 - [STDOUT_REDIRECT] 1 : Invalid condition id : UX_CORESTACK_Condition cause : null
2024-09-16 23:16:56,947 [INFO] LogOutputStream:77 - [STDOUT_REDIRECT] 1 : Invalid condition id : UX_CORESTACK_Condition cause : null
2024-09-16 23:16:56,955 [WARN] PackLoader:240 - Cannot read IP mode file for STMicroelectronics.X-CUBE-AZRTOS-WL.2.0.0
2024-09-16 23:16:56,991 [WARN] PackLoader:240 - Cannot read IP mode file for STMicroelectronics.FP-SNS-MOTENV1.5.0.0
2024-09-16 23:16:57,000 [WARN] PackLoader:240 - Cannot read IP mode file for wolfSSL.I-CUBE-wolfMQTT.1.19.0
2024-09-16 23:16:57,043 [WARN] PackLoader:240 - Cannot read IP mode file for WES.I-CUBE-Cesium.1.3.0
2024-09-16 23:16:57,067 [WARN] PackLoader:240 - Cannot read IP mode file for STMicroelectronics.X-CUBE-BLE2.3.3.0
2024-09-16 23:16:57,110 [WARN] PackLoader:240 - Cannot read IP mode file for STMicroelectronics.X-CUBE-TCPP.4.1.0
2024-09-16 23:16:57,143 [WARN] PackLoader:240 - Cannot read IP mode file for STMicroelectronics.X-CUBE-ALGOBUILD.1.3.0
2024-09-16 23:16:57,210 [WARN] PackLoader:240 - Cannot read IP mode file for STMicroelectronics.X-CUBE-AZRTOS-G0.1.1.0
2024-09-16 23:16:57,248 [WARN] PackLoader:240 - Cannot read IP mode file for STMicroelectronics.X-CUBE-SAFEA1.1.2.2
2024-09-16 23:16:57,282 [WARN] PackLoader:240 - Cannot read IP mode file for STMicroelectronics.X-CUBE-NFC4.3.0.0
2024-09-16 23:16:57,313 [WARN] PackLoader:240 - Cannot read IP mode file for wolfSSL.I-CUBE-wolfMQTT.1.18.0
2024-09-16 23:16:57,358 [WARN] PackLoader:240 - Cannot read IP mode file for EmbeddedOffice.I-CUBE-FS-RTOS.1.0.1
2024-09-16 23:16:57,358 [ERROR] ConditionMgr:805 - Attr not supported : Dmpu
2024-09-16 23:16:57,359 [ERROR] ConditionMgr:805 - Attr not supported : Dmpu
2024-09-16 23:16:57,359 [ERROR] ConditionMgr:805 - Attr not supported : Dmpu
2024-09-16 23:16:57,359 [ERROR] ConditionMgr:805 - Attr not supported : Dmpu
2024-09-16 23:16:57,359 [ERROR] ConditionMgr:805 - Attr not supported : Dmpu
2024-09-16 23:16:57,359 [ERROR] ConditionMgr:805 - Attr not supported : Dmpu
2024-09-16 23:16:57,359 [ERROR] ConditionMgr:805 - Attr not supported : Dmpu
2024-09-16 23:16:57,359 [ERROR] ConditionMgr:805 - Attr not supported : Dmpu
2024-09-16 23:16:57,359 [ERROR] ConditionMgr:805 - Attr not supported : Dmpu
2024-09-16 23:16:57,359 [ERROR] ConditionMgr:805 - Attr not supported : Dmpu
2024-09-16 23:16:57,359 [ERROR] ConditionMgr:805 - Attr not supported : Dmpu
2024-09-16 23:16:57,359 [ERROR] ConditionMgr:805 - Attr not supported : Dmpu
2024-09-16 23:16:57,359 [ERROR] ConditionMgr:805 - Attr not supported : Dmpu
2024-09-16 23:16:57,359 [ERROR] ConditionMgr:805 - Attr not supported : Dmpu
2024-09-16 23:16:57,359 [ERROR] ConditionMgr:805 - Attr not supported : Dmpu
2024-09-16 23:16:57,360 [ERROR] ConditionMgr:805 - Attr not supported : Dmpu
2024-09-16 23:16:57,360 [ERROR] ConditionMgr:805 - Attr not supported : Dmpu
2024-09-16 23:16:57,360 [ERROR] ConditionMgr:805 - Attr not supported : Dmpu
2024-09-16 23:16:57,360 [ERROR] ConditionMgr:805 - Attr not supported : Dmpu
2024-09-16 23:16:57,360 [ERROR] ConditionMgr:805 - Attr not supported : Dmpu
2024-09-16 23:16:57,361 [ERROR] ConditionMgr:805 - Attr not supported : Dmpu
2024-09-16 23:16:57,361 [ERROR] ConditionMgr:805 - Attr not supported : Dmpu
2024-09-16 23:16:57,361 [ERROR] ConditionMgr:805 - Attr not supported : Dmpu
2024-09-16 23:16:57,361 [ERROR] ConditionMgr:805 - Attr not supported : Dmpu
2024-09-16 23:16:57,361 [ERROR] ConditionMgr:805 - Attr not supported : Dmpu
2024-09-16 23:16:57,361 [ERROR] ConditionMgr:805 - Attr not supported : Dmpu
2024-09-16 23:16:57,361 [ERROR] ConditionMgr:805 - Attr not supported : Dmpu
2024-09-16 23:16:57,361 [ERROR] ConditionMgr:805 - Attr not supported : Dmpu
2024-09-16 23:16:57,361 [ERROR] ConditionMgr:805 - Attr not supported : Dmpu
2024-09-16 23:16:57,361 [ERROR] ConditionMgr:805 - Attr not supported : Dmpu
2024-09-16 23:16:57,361 [ERROR] ConditionMgr:805 - Attr not supported : Dmpu
2024-09-16 23:16:57,362 [ERROR] ConditionMgr:805 - Attr not supported : Dmpu
2024-09-16 23:16:57,362 [ERROR] ConditionMgr:805 - Attr not supported : Dmpu
2024-09-16 23:16:57,362 [ERROR] ConditionMgr:805 - Attr not supported : Dmpu
2024-09-16 23:16:57,362 [ERROR] ConditionMgr:805 - Attr not supported : Dmpu
2024-09-16 23:16:57,362 [ERROR] ConditionMgr:805 - Attr not supported : Dmpu
2024-09-16 23:16:57,362 [ERROR] ConditionMgr:805 - Attr not supported : Dmpu
2024-09-16 23:16:57,362 [ERROR] ConditionMgr:805 - Attr not supported : Dmpu
2024-09-16 23:16:57,362 [ERROR] ConditionMgr:805 - Attr not supported : Dmpu
2024-09-16 23:16:57,362 [ERROR] ConditionMgr:805 - Attr not supported : Dmpu
2024-09-16 23:16:57,362 [ERROR] ConditionMgr:805 - Attr not supported : Dmpu
2024-09-16 23:16:57,363 [ERROR] ConditionMgr:805 - Attr not supported : Dmpu
2024-09-16 23:16:57,363 [ERROR] ConditionMgr:805 - Attr not supported : Dmpu
2024-09-16 23:16:57,363 [ERROR] ConditionMgr:805 - Attr not supported : Dmpu
2024-09-16 23:16:57,363 [ERROR] ConditionMgr:805 - Attr not supported : Dmpu
2024-09-16 23:16:57,363 [ERROR] ConditionMgr:805 - Attr not supported : Dmpu
2024-09-16 23:16:57,363 [ERROR] ConditionMgr:805 - Attr not supported : Dmpu
2024-09-16 23:16:57,363 [ERROR] ConditionMgr:805 - Attr not supported : Dmpu
2024-09-16 23:16:57,363 [ERROR] ConditionMgr:805 - Attr not supported : Dmpu
2024-09-16 23:16:57,363 [ERROR] ConditionMgr:805 - Attr not supported : Dmpu
2024-09-16 23:16:57,364 [ERROR] ConditionMgr:805 - Attr not supported : Dmpu
2024-09-16 23:16:57,364 [ERROR] ConditionMgr:805 - Attr not supported : Dmpu
2024-09-16 23:16:57,364 [ERROR] ConditionMgr:805 - Attr not supported : Dmpu
2024-09-16 23:16:57,364 [ERROR] ConditionMgr:805 - Attr not supported : Dmpu
2024-09-16 23:16:57,364 [ERROR] ConditionMgr:805 - Attr not supported : Dmpu
2024-09-16 23:16:57,364 [ERROR] ConditionMgr:805 - Attr not supported : Dmpu
2024-09-16 23:16:57,364 [ERROR] ConditionMgr:805 - Attr not supported : Dmpu
2024-09-16 23:16:57,364 [ERROR] ConditionMgr:805 - Attr not supported : Dmpu
2024-09-16 23:16:57,364 [ERROR] ConditionMgr:805 - Attr not supported : Dmpu
2024-09-16 23:16:57,364 [ERROR] ConditionMgr:805 - Attr not supported : Dmpu
2024-09-16 23:16:57,364 [ERROR] ConditionMgr:805 - Attr not supported : Dmpu
2024-09-16 23:16:57,365 [ERROR] ConditionMgr:805 - Attr not supported : Dmpu
2024-09-16 23:16:57,365 [ERROR] ConditionMgr:805 - Attr not supported : Dmpu
2024-09-16 23:16:57,365 [ERROR] ConditionMgr:805 - Attr not supported : Dmpu
2024-09-16 23:16:57,411 [WARN] PackLoader:240 - Cannot read IP mode file for STMicroelectronics.X-CUBE-BLEMGR.3.0.0
2024-09-16 23:16:57,453 [WARN] PackLoader:240 - Cannot read IP mode file for RealThread.X-CUBE-RT-Thread_Nano.4.1.1
2024-09-16 23:16:57,462 [WARN] PackLoader:240 - Cannot read IP mode file for STMicroelectronics.FP-ATR-SIGFOX1.3.2.0
2024-09-16 23:16:57,493 [WARN] PackLoader:240 - Cannot read IP mode file for STMicroelectronics.X-CUBE-EEPRMA1.5.1.0
2024-09-16 23:16:57,580 [WARN] PackLoader:240 - Cannot read IP mode file for SEGGER.I-CUBE-embOS.1.3.1
2024-09-16 23:16:57,678 [WARN] PackLoader:240 - Cannot read IP mode file for STMicroelectronics.X-CUBE-ALGOBUILD.1.4.0
2024-09-16 23:16:57,714 [WARN] PackLoader:240 - Cannot read IP mode file for STMicroelectronics.X-CUBE-GNSS1.6.0.0
2024-09-16 23:16:57,805 [WARN] PackLoader:240 - Cannot read IP mode file for STMicroelectronics.X-CUBE-AZRTOS-F4.1.1.0
2024-09-16 23:16:57,815 [WARN] PackLoader:240 - Cannot read IP mode file for STMicroelectronics.X-CUBE-ISPU.2.1.0
2024-09-16 23:16:57,850 [WARN] PackLoader:240 - Cannot read IP mode file for STMicroelectronics.X-CUBE-FREERTOS.1.2.0
2024-09-16 23:16:57,881 [WARN] PackLoader:240 - Cannot read IP mode file for wolfSSL.I-CUBE-wolfSSL.5.6.6
2024-09-16 23:16:57,965 [WARN] PackLoader:240 - Cannot read IP mode file for STMicroelectronics.X-CUBE-AZRTOS-L5.2.0.0
2024-09-16 23:16:58,025 [WARN] PackLoader:240 - Cannot read IP mode file for STMicroelectronics.X-CUBE-NFC6.3.1.0
2024-09-16 23:16:58,061 [WARN] PackLoader:240 - Cannot read IP mode file for ITTIA_DB.I-CUBE-ITTIADB.8.8.0
2024-09-16 23:16:58,107 [WARN] PackLoader:240 - Cannot read IP mode file for STMicroelectronics.X-CUBE-DPower.1.2.0
2024-09-16 23:16:58,134 [WARN] PackLoader:240 - Cannot read IP mode file for STMicroelectronics.X-CUBE-AI.9.0.0
2024-09-16 23:16:58,162 [WARN] PackLoader:240 - Cannot read IP mode file for STMicroelectronics.X-CUBE-NFC7.1.0.1
2024-09-16 23:16:58,230 [WARN] PackLoader:240 - Cannot read IP mode file for STMicroelectronics.X-CUBE-NFC6.3.0.0
2024-09-16 23:16:58,261 [WARN] PackLoader:240 - Cannot read IP mode file for STMicroelectronics.X-CUBE-AI.8.1.0
2024-09-16 23:16:58,333 [WARN] ConditionMgr:438 - getConditionDescription Invalid condition id : LAN8742 Phy interface Condition cause : null
2024-09-16 23:16:58,336 [WARN] PackLoader:240 - Cannot read IP mode file for STMicroelectronics.X-CUBE-AZRTOS-L4.2.0.0
2024-09-16 23:16:58,340 [WARN] ConditionMgr:1039 - genDependencies : Invalid condition id : LAN8742 Phy interface Condition cause : null
2024-09-16 23:16:58,341 [WARN] ConditionMgr:1039 - genDependencies : Invalid condition id : LAN8742 Phy interface Condition cause : null
2024-09-16 23:16:58,342 [WARN] ConditionMgr:1039 - genDependencies : Invalid condition id : LAN8742 Phy interface Condition cause : null
2024-09-16 23:16:58,392 [WARN] PackLoader:240 - Cannot read IP mode file for STMicroelectronics.X-CUBE-SFXS2LP1.4.0.0
2024-09-16 23:16:58,464 [WARN] PackLoader:240 - Cannot read IP mode file for STMicroelectronics.X-CUBE-AZRTOS-H7.3.3.0
2024-09-16 23:16:58,531 [WARN] ConditionMgr:438 - getConditionDescription Invalid condition id : UX DEVICE CLASS RTOS Condition cause : null
2024-09-16 23:16:58,532 [WARN] ConditionMgr:438 - getConditionDescription Invalid condition id : UX DEVICE CLASS RTOS Condition cause : null
2024-09-16 23:16:58,538 [WARN] PackLoader:240 - Cannot read IP mode file for STMicroelectronics.X-CUBE-AZRTOS-WB.2.0.0
2024-09-16 23:16:58,539 [WARN] ConditionMgr:1039 - genDependencies : Invalid condition id : UX DEVICE CLASS RTOS Condition cause : null
2024-09-16 23:16:58,539 [WARN] ConditionMgr:1039 - genDependencies : Invalid condition id : UX DEVICE CLASS RTOS Condition cause : null
2024-09-16 23:16:58,540 [WARN] ConditionMgr:1039 - genDependencies : Invalid condition id : UX DEVICE CLASS RTOS Condition cause : null
2024-09-16 23:16:58,540 [WARN] ConditionMgr:1039 - genDependencies : Invalid condition id : UX DEVICE CLASS RTOS Condition cause : null
2024-09-16 23:16:58,540 [WARN] ConditionMgr:1039 - genDependencies : Invalid condition id : UX DEVICE CLASS RTOS Condition cause : null
2024-09-16 23:16:58,548 [WARN] PackLoader:240 - Cannot read IP mode file for STMicroelectronics.X-CUBE-GNSS1.7.0.0
2024-09-16 23:16:58,583 [WARN] PackLoader:240 - Cannot read IP mode file for STMicroelectronics.FP-SNS-STBOX1.2.0.0
2024-09-16 23:16:58,645 [WARN] PackLoader:240 - Cannot read IP mode file for STMicroelectronics.X-CUBE-SUBG2.5.0.0
2024-09-16 23:16:58,713 [WARN] PackLoader:240 - Cannot read IP mode file for STMicroelectronics.X-CUBE-AZRTOS-G4.2.0.0
2024-09-16 23:16:58,772 [WARN] PackLoader:240 - Cannot read IP mode file for Infineon.AIROC-Wi-Fi-Bluetooth-STM32.1.5.1
2024-09-16 23:16:58,800 [WARN] PackLoader:240 - Cannot read IP mode file for STMicroelectronics.FP-SNS-MOTENVWB1.1.3.1
2024-09-16 23:16:58,827 [WARN] PackLoader:240 - Cannot read IP mode file for STMicroelectronics.X-CUBE-ISPU.2.0.0
2024-09-16 23:16:58,854 [WARN] PackLoader:240 - Cannot read IP mode file for STMicroelectronics.X-CUBE-ALS.1.0.2
2024-09-16 23:16:58,957 [WARN] PackLoader:240 - Cannot read IP mode file for STMicroelectronics.X-CUBE-MEMS1.10.0.0
2024-09-16 23:16:59,183 [WARN] PackLoader:240 - Cannot read IP mode file for STMicroelectronics.X-CUBE-FREERTOS.1.1.0
2024-09-16 23:16:59,214 [WARN] PackLoader:240 - Cannot read IP mode file for STMicroelectronics.X-CUBE-TOUCHGFX.4.24.0
2024-09-16 23:16:59,225 [WARN] PackLoader:240 - Cannot read IP mode file for wolfSSL.I-CUBE-wolfTPM.3.4.0
2024-09-16 23:16:59,258 [WARN] PackLoader:240 - Cannot read IP mode file for portGmbH.I-Cube-SoM-uGOAL.1.1.0
2024-09-16 23:16:59,287 [WARN] PackLoader:240 - Cannot read IP mode file for STMicroelectronics.X-CUBE-ALS.1.0.1
2024-09-16 23:16:59,363 [WARN] PackLoader:240 - Cannot read IP mode file for STMicroelectronics.X-CUBE-AZRTOS-H7RS.1.0.0
2024-09-16 23:16:59,428 [WARN] PackLoader:240 - Cannot read IP mode file for STMicroelectronics.FP-ATR-ASTRA1.2.0.0
2024-09-16 23:16:59,495 [WARN] PackLoader:240 - Cannot read IP mode file for STMicroelectronics.X-CUBE-TOF1.3.4.2
2024-09-16 23:16:59,595 [WARN] PackLoader:240 - Cannot read IP mode file for STMicroelectronics.X-CUBE-TOF1.3.4.0
2024-09-16 23:16:59,659 [WARN] PackLoader:240 - Cannot read IP mode file for STMicroelectronics.X-CUBE-TOF1.3.4.1
2024-09-16 23:16:59,734 [WARN] PackLoader:240 - Cannot read IP mode file for STMicroelectronics.X-CUBE-AZRTOS-H7.3.2.0
2024-09-16 23:16:59,763 [WARN] PackLoader:240 - Cannot read IP mode file for wolfSSL.I-CUBE-wolfSSH.1.4.17
2024-09-16 23:16:59,764 [INFO] ThirdParty:978 - Integrity check success = true
2024-09-16 23:16:59,764 [INFO] IntegrityCheckThread:100 - exiting critical section [integrity check]
2024-09-16 23:16:59,765 [INFO] IntegrityCheckThread:103 - End integrity checks thread
2024-09-16 23:17:16,807 [ERROR] LogOutputStream:75 - [STDERR_REDIRECT] SLF4J: Failed to load class "org.slf4j.impl.StaticLoggerBinder".
2024-09-16 23:17:16,809 [ERROR] LogOutputStream:75 - [STDERR_REDIRECT] SLF4J: Defaulting to no-operation (NOP) logger implementation
2024-09-16 23:17:16,811 [ERROR] LogOutputStream:75 - [STDERR_REDIRECT] SLF4J: See http://www.slf4j.org/codes.html#StaticLoggerBinder for further details.
