2024-09-12 01:17:02,714 [ERROR] LogOutputStream:75 - [STDERR_REDIRECT] 
2024-09-12 23:04:53,845 [INFO] Activator:176 - 


2024-09-12 23:04:53,850 [INFO] Activator:177 - !SESSION log4j initialized
2024-09-12 23:05:02,364 [INFO] LogOutputStream:77 - [STDOUT_REDIRECT] 
2024-09-12 23:05:05,822 [INFO] ApplicationProperties:184 - Using Application install path: C:\ST\STM32CubeIDE_1.14.1\STM32CubeIDE\plugins\com.st.stm32cube.common.mx_6.10.0.202311202037
2024-09-12 23:05:05,850 [INFO] DbMcusXml:78 - Set database path to: C:\ST\STM32CubeIDE_1.14.1\STM32CubeIDE\plugins\com.st.stm32cube.common.mx_6.10.0.202311202037\\db\/mcu/
2024-09-12 23:05:05,851 [INFO] ApiDb:274 - Set plugin database path to: C:\ST\STM32CubeIDE_1.14.1\STM32CubeIDE\plugins\com.st.stm32cube.common.mx_6.10.0.202311202037\\db\/plugins/boardmanager/
2024-09-12 23:05:05,852 [WARN] ApiDb:259 - Overriding images path with different value:  => C:\ST\STM32CubeIDE_1.14.1\STM32CubeIDE\plugins\com.st.stm32cube.common.mx_6.10.0.202311202037\\db\/plugins/mcufinder/images/
2024-09-12 23:05:05,860 [INFO] ApiDb:250 - Set database path to: C:\Users\ImadF\.stmcufinder\plugins\mcufinder//mcu/
2024-09-12 23:05:05,862 [INFO] DbMcusAds:125 - Set database path to: C:\Users\ImadF\.stmcufinder\plugins\mcufinder//mcu/
2024-09-12 23:05:05,865 [INFO] CrossReferenceDbSqlite:203 - Set database path to: C:\Users\ImadF\.stmcufinder\plugins\mcufinder//mcu/cs/
2024-09-12 23:05:06,050 [INFO] RulesReader:64 - Compatibility file has been processed (297 Rules)
2024-09-12 23:05:06,179 [INFO] DbMcusXml:78 - Set database path to: C:\ST\STM32CubeIDE_1.14.1\STM32CubeIDE\plugins\com.st.stm32cube.common.mx_6.10.0.202311202037\\db\/mcu/
2024-09-12 23:05:06,179 [INFO] ApiDb:274 - Set plugin database path to: C:\ST\STM32CubeIDE_1.14.1\STM32CubeIDE\plugins\com.st.stm32cube.common.mx_6.10.0.202311202037\\db\/plugins/boardmanager/
2024-09-12 23:05:06,179 [INFO] ApiDb:261 - Set plugin images path to: C:\ST\STM32CubeIDE_1.14.1\STM32CubeIDE\plugins\com.st.stm32cube.common.mx_6.10.0.202311202037\\db\/plugins/mcufinder/images/
2024-09-12 23:05:06,179 [WARN] DbFile:41 - Overriding database path with different value: C:\Users\ImadF\.stmcufinder\plugins\mcufinder/ => C:\Users\ImadF\.stmcufinder\plugins\mcufinder
2024-09-12 23:05:06,179 [INFO] ApiDb:250 - Set database path to: C:\Users\ImadF\.stmcufinder\plugins\mcufinder//mcu/
2024-09-12 23:05:06,179 [WARN] DbFile:41 - Overriding database path with different value: C:\Users\ImadF\.stmcufinder\plugins\mcufinder/ => C:\Users\ImadF\.stmcufinder\plugins\mcufinder
2024-09-12 23:05:06,180 [INFO] DbMcusAds:125 - Set database path to: C:\Users\ImadF\.stmcufinder\plugins\mcufinder//mcu/
2024-09-12 23:05:06,180 [WARN] DbFile:41 - Overriding database path with different value: C:\Users\ImadF\.stmcufinder\plugins\mcufinder/ => C:\Users\ImadF\.stmcufinder\plugins\mcufinder
2024-09-12 23:05:06,180 [WARN] DbFile:41 - Overriding database path with different value: C:\Users\ImadF\.stmcufinder\plugins\mcufinder/ => C:\Users\ImadF\.stmcufinder\plugins\mcufinder
2024-09-12 23:05:06,180 [INFO] CrossReferenceDbSqlite:203 - Set database path to: C:\Users\ImadF\.stmcufinder\plugins\mcufinder//mcu/cs/
2024-09-12 23:05:06,308 [INFO] MainPanel:264 - HeapMemory: 268435456
2024-09-12 23:05:06,469 [INFO] DbMcusXml:78 - Set database path to: C:\ST\STM32CubeIDE_1.14.1\STM32CubeIDE\plugins\com.st.stm32cube.common.mx_6.10.0.202311202037\\db\/mcu/
2024-09-12 23:05:06,469 [INFO] ApiDb:274 - Set plugin database path to: C:\ST\STM32CubeIDE_1.14.1\STM32CubeIDE\plugins\com.st.stm32cube.common.mx_6.10.0.202311202037\\db\/plugins/boardmanager/
2024-09-12 23:05:06,469 [INFO] ApiDb:261 - Set plugin images path to: C:\ST\STM32CubeIDE_1.14.1\STM32CubeIDE\plugins\com.st.stm32cube.common.mx_6.10.0.202311202037\\db\/plugins/mcufinder/images/
2024-09-12 23:05:06,470 [WARN] DbFile:41 - Overriding database path with different value: C:\Users\ImadF\.stmcufinder\plugins\mcufinder/ => C:\Users\ImadF\.stmcufinder\plugins\mcufinder
2024-09-12 23:05:06,470 [INFO] ApiDb:250 - Set database path to: C:\Users\ImadF\.stmcufinder\plugins\mcufinder//mcu/
2024-09-12 23:05:06,470 [WARN] DbFile:41 - Overriding database path with different value: C:\Users\ImadF\.stmcufinder\plugins\mcufinder/ => C:\Users\ImadF\.stmcufinder\plugins\mcufinder
2024-09-12 23:05:06,470 [INFO] DbMcusAds:125 - Set database path to: C:\Users\ImadF\.stmcufinder\plugins\mcufinder//mcu/
2024-09-12 23:05:06,470 [WARN] DbFile:41 - Overriding database path with different value: C:\Users\ImadF\.stmcufinder\plugins\mcufinder/ => C:\Users\ImadF\.stmcufinder\plugins\mcufinder
2024-09-12 23:05:06,470 [WARN] DbFile:41 - Overriding database path with different value: C:\Users\ImadF\.stmcufinder\plugins\mcufinder/ => C:\Users\ImadF\.stmcufinder\plugins\mcufinder
2024-09-12 23:05:06,470 [INFO] CrossReferenceDbSqlite:203 - Set database path to: C:\Users\ImadF\.stmcufinder\plugins\mcufinder//mcu/cs/
2024-09-12 23:05:06,500 [INFO] ApplicationProperties:184 - Using Application install path: C:\ST\STM32CubeIDE_1.14.1\STM32CubeIDE\plugins\com.st.stm32cube.common.mx_6.10.0.202311202037
2024-09-12 23:05:06,503 [INFO] PluginManage:196 - Search for loadable plugins [exclusion list=, ]
2024-09-12 23:05:06,504 [INFO] PluginManage:310 - Check plugin analytics
2024-09-12 23:05:06,802 [INFO] AnalyticsPlugin:253 - Accepted Software Licenses: 
2024-09-12 23:05:06,802 [INFO] AnalyticsPlugin:255 - Accepted CMSIS Pack Licenses: 
2024-09-12 23:05:06,803 [INFO] AnalyticsPlugin:257 - Accepted Firmware Licenses: FW.F4.1.28.0
2024-09-12 23:05:06,806 [INFO] PluginManage:359 - Loaded plugin analytics (category:tool,tabindex:-1)
2024-09-12 23:05:06,807 [INFO] PluginManage:310 - Check plugin cadmodel
2024-09-12 23:05:06,831 [INFO] CADModel:105 - Init CAD model plugin
2024-09-12 23:05:06,831 [INFO] PluginManage:359 - Loaded plugin cadmodel (category:power,tabindex:5)
2024-09-12 23:05:06,832 [INFO] PluginManage:310 - Check plugin clock
2024-09-12 23:05:06,870 [INFO] PluginManage:359 - Loaded plugin clock (category:base,tabindex:2)
2024-09-12 23:05:06,871 [INFO] PluginManage:310 - Check plugin ddr
2024-09-12 23:05:06,875 [INFO] PluginManage:359 - Loaded plugin ddr (category:tool,tabindex:6)
2024-09-12 23:05:06,875 [INFO] PluginManage:310 - Check plugin filemanager
2024-09-12 23:05:07,110 [INFO] PluginManage:359 - Loaded plugin filemanager (category:base,tabindex:10)
2024-09-12 23:05:07,110 [INFO] PluginManage:310 - Check plugin ipmanager
2024-09-12 23:05:07,122 [INFO] PluginManage:359 - Loaded plugin ipmanager (category:base,tabindex:5)
2024-09-12 23:05:07,122 [INFO] PluginManage:310 - Check plugin lpbam
2024-09-12 23:05:07,152 [INFO] PluginManage:359 - Loaded plugin lpbam (category:base,tabindex:0)
2024-09-12 23:05:07,152 [INFO] PluginManage:310 - Check plugin memorymap
2024-09-12 23:05:07,191 [INFO] PluginManage:359 - Loaded plugin memorymap (category:base,tabindex:4)
2024-09-12 23:05:07,192 [INFO] PluginManage:310 - Check plugin pinoutandconfiguration
2024-09-12 23:05:07,217 [INFO] PluginManage:359 - Loaded plugin pinoutandconfiguration (category:base,tabindex:1)
2024-09-12 23:05:07,217 [INFO] PluginManage:310 - Check plugin pinoutconfig
2024-09-12 23:05:07,430 [WARN] SupportedApi:132 - Cannot load RTOS API schema: s4s-elt-must-match.1: The content of 'definitions' must match (annotation?, (simpleType | complexType)?, (unique | key | keyref)*)). A problem was found starting at: attribute.
2024-09-12 23:05:07,697 [INFO] PluginManage:359 - Loaded plugin pinoutconfig (category:base,tabindex:0)
2024-09-12 23:05:07,697 [INFO] PluginManage:310 - Check plugin power
2024-09-12 23:05:07,732 [INFO] PluginManage:359 - Loaded plugin power (category:power,tabindex:4)
2024-09-12 23:05:07,732 [INFO] PluginManage:310 - Check plugin projectmanager
2024-09-12 23:05:07,759 [INFO] PluginManage:359 - Loaded plugin projectmanager (category:projectmanager,tabindex:3)
2024-09-12 23:05:07,759 [INFO] PluginManage:310 - Check plugin thirdparty
2024-09-12 23:05:08,247 [INFO] PluginManage:359 - Loaded plugin thirdparty (category:base,tabindex:-1)
2024-09-12 23:05:08,247 [WARN] IntegrityCheckThread:84 - waiting for thirdparty lock release [integrity check]
2024-09-12 23:05:08,247 [INFO] PluginManage:310 - Check plugin tools
2024-09-12 23:05:08,247 [INFO] IntegrityCheckThread:86 - entering critical section [integrity check]
2024-09-12 23:05:08,248 [INFO] ThirdPartyUpdaterWithRetryManager:70 - Updater plugin not ready yet. [1/15]
2024-09-12 23:05:08,305 [INFO] PluginManage:359 - Loaded plugin tools (category:base,tabindex:7)
2024-09-12 23:05:08,305 [INFO] PluginManage:310 - Check plugin tutovideos
2024-09-12 23:05:08,621 [INFO] PluginManage:359 - Loaded plugin tutovideos (category:base,tabindex:-1)
2024-09-12 23:05:08,622 [INFO] PluginManage:310 - Check plugin updater
2024-09-12 23:05:08,638 [INFO] PluginManage:359 - Loaded plugin updater (category:base,tabindex:12)
2024-09-12 23:05:08,639 [INFO] PluginManage:310 - Check plugin userauth
2024-09-12 23:05:08,647 [INFO] UserAuth:114 - Init User Auth plugin
2024-09-12 23:05:08,648 [INFO] PluginManage:359 - Loaded plugin userauth (category:base,tabindex:14)
2024-09-12 23:05:08,648 [INFO] PluginManage:283 - PluginManage : Loaded plugins [17]
2024-09-12 23:05:08,991 [INFO] PinOutPanel:1499 - setPackage(No Configuration,No Configuration)
2024-09-12 23:05:09,146 [INFO] CADModel:165 - CPN selected for project level
2024-09-12 23:05:09,147 [INFO] CADModel:114 - Register for checkConnection events
2024-09-12 23:05:09,191 [INFO] IPUIPlugin:80 - create IPUIPlugin
2024-09-12 23:05:09,192 [INFO] PluginManager:220 - loadIPPluginJar : add adc
2024-09-12 23:05:09,244 [INFO] IPUIPlugin:80 - create IPUIPlugin
2024-09-12 23:05:09,245 [INFO] PluginManager:220 - loadIPPluginJar : add aes
2024-09-12 23:05:09,311 [INFO] IPUIPlugin:80 - create IPUIPlugin
2024-09-12 23:05:09,311 [INFO] PluginManager:220 - loadIPPluginJar : add can
2024-09-12 23:05:09,348 [INFO] IPUIPlugin:80 - create IPUIPlugin
2024-09-12 23:05:09,348 [INFO] PluginManager:220 - loadIPPluginJar : add comp
2024-09-12 23:05:09,400 [INFO] IPUIPlugin:80 - create IPUIPlugin
2024-09-12 23:05:09,401 [INFO] PluginManager:220 - loadIPPluginJar : add cryp
2024-09-12 23:05:09,446 [INFO] IPUIPlugin:80 - create IPUIPlugin
2024-09-12 23:05:09,446 [INFO] PluginManager:220 - loadIPPluginJar : add dfsdm
2024-09-12 23:05:09,466 [INFO] IPUIPlugin:80 - create IPUIPlugin
2024-09-12 23:05:09,467 [INFO] PluginManager:220 - loadIPPluginJar : add dma
2024-09-12 23:05:09,555 [INFO] IPUIPlugin:80 - create IPUIPlugin
2024-09-12 23:05:09,555 [INFO] PluginManager:220 - loadIPPluginJar : add dma3
2024-09-12 23:05:09,603 [INFO] IPUIPlugin:80 - create IPUIPlugin
2024-09-12 23:05:09,604 [INFO] PluginManager:220 - loadIPPluginJar : add fatfs
2024-09-12 23:05:09,697 [INFO] IPUIPlugin:80 - create IPUIPlugin
2024-09-12 23:05:09,697 [INFO] PluginManager:220 - loadIPPluginJar : add fmc
2024-09-12 23:05:09,725 [INFO] IPUIPlugin:80 - create IPUIPlugin
2024-09-12 23:05:09,726 [INFO] PluginManager:220 - loadIPPluginJar : add freertos
2024-09-12 23:05:09,758 [INFO] IPUIPlugin:80 - create IPUIPlugin
2024-09-12 23:05:09,758 [INFO] PluginManager:220 - loadIPPluginJar : add genericplugin
2024-09-12 23:05:09,883 [INFO] IPUIPlugin:80 - create IPUIPlugin
2024-09-12 23:05:09,883 [INFO] PluginManager:220 - loadIPPluginJar : add gfxmmu
2024-09-12 23:05:10,062 [INFO] IPUIPlugin:80 - create IPUIPlugin
2024-09-12 23:05:10,064 [INFO] PluginManager:220 - loadIPPluginJar : add gic
2024-09-12 23:05:10,085 [INFO] IPUIPlugin:80 - create IPUIPlugin
2024-09-12 23:05:10,085 [INFO] PluginManager:220 - loadIPPluginJar : add gpio
2024-09-12 23:05:10,253 [INFO] IPUIPlugin:80 - create IPUIPlugin
2024-09-12 23:05:10,253 [INFO] PluginManager:220 - loadIPPluginJar : add gtzc
2024-09-12 23:05:10,331 [INFO] IPUIPlugin:80 - create IPUIPlugin
2024-09-12 23:05:10,332 [INFO] PluginManager:220 - loadIPPluginJar : add hash
2024-09-12 23:05:10,418 [INFO] IPUIPlugin:80 - create IPUIPlugin
2024-09-12 23:05:10,418 [INFO] PluginManager:220 - loadIPPluginJar : add i2c
2024-09-12 23:05:10,472 [INFO] IPUIPlugin:80 - create IPUIPlugin
2024-09-12 23:05:10,472 [INFO] PluginManager:220 - loadIPPluginJar : add i2s
2024-09-12 23:05:10,530 [INFO] IPUIPlugin:80 - create IPUIPlugin
2024-09-12 23:05:10,530 [INFO] PluginManager:220 - loadIPPluginJar : add i3c
2024-09-12 23:05:10,683 [INFO] IPUIPlugin:80 - create IPUIPlugin
2024-09-12 23:05:10,683 [INFO] PluginManager:220 - loadIPPluginJar : add ipddr
2024-09-12 23:05:10,813 [INFO] IPUIPlugin:80 - create IPUIPlugin
2024-09-12 23:05:10,814 [INFO] PluginManager:220 - loadIPPluginJar : add linkedlist
2024-09-12 23:05:10,874 [INFO] IPUIPlugin:80 - create IPUIPlugin
2024-09-12 23:05:10,875 [INFO] PluginManager:220 - loadIPPluginJar : add lorawan
2024-09-12 23:05:10,947 [INFO] IPUIPlugin:80 - create IPUIPlugin
2024-09-12 23:05:10,947 [INFO] PluginManager:220 - loadIPPluginJar : add ltdc
2024-09-12 23:05:10,969 [INFO] IPUIPlugin:80 - create IPUIPlugin
2024-09-12 23:05:10,970 [INFO] PluginManager:220 - loadIPPluginJar : add mdma
2024-09-12 23:05:10,997 [INFO] IPUIPlugin:80 - create IPUIPlugin
2024-09-12 23:05:10,997 [INFO] PluginManager:220 - loadIPPluginJar : add nvic
2024-09-12 23:05:11,059 [INFO] IPUIPlugin:80 - create IPUIPlugin
2024-09-12 23:05:11,059 [INFO] PluginManager:220 - loadIPPluginJar : add opamp
2024-09-12 23:05:11,164 [INFO] IPUIPlugin:80 - create IPUIPlugin
2024-09-12 23:05:11,164 [INFO] PluginManager:220 - loadIPPluginJar : add openamp
2024-09-12 23:05:11,227 [INFO] IPUIPlugin:80 - create IPUIPlugin
2024-09-12 23:05:11,227 [INFO] PluginManager:220 - loadIPPluginJar : add pdm2pcm
2024-09-12 23:05:11,249 [INFO] ThirdPartyUpdaterWithRetryManager:70 - Updater plugin not ready yet. [2/15]
2024-09-12 23:05:11,249 [INFO] IPUIPlugin:80 - create IPUIPlugin
2024-09-12 23:05:11,252 [INFO] PluginManager:220 - loadIPPluginJar : add plateformsettings
2024-09-12 23:05:11,286 [INFO] IPUIPlugin:80 - create IPUIPlugin
2024-09-12 23:05:11,286 [INFO] PluginManager:220 - loadIPPluginJar : add quadspi
2024-09-12 23:05:11,304 [INFO] IPUIPlugin:80 - create IPUIPlugin
2024-09-12 23:05:11,304 [INFO] PluginManager:220 - loadIPPluginJar : add resmgrutility
2024-09-12 23:05:11,370 [INFO] IPUIPlugin:80 - create IPUIPlugin
2024-09-12 23:05:11,370 [INFO] PluginManager:220 - loadIPPluginJar : add sai
2024-09-12 23:05:11,423 [INFO] IPUIPlugin:80 - create IPUIPlugin
2024-09-12 23:05:11,423 [INFO] PluginManager:220 - loadIPPluginJar : add spi
2024-09-12 23:05:11,519 [INFO] IPUIPlugin:80 - create IPUIPlugin
2024-09-12 23:05:11,519 [INFO] PluginManager:220 - loadIPPluginJar : add stm32_wpan
2024-09-12 23:05:11,555 [INFO] IPUIPlugin:80 - create IPUIPlugin
2024-09-12 23:05:11,555 [INFO] PluginManager:220 - loadIPPluginJar : add tim
2024-09-12 23:05:11,633 [INFO] IPUIPlugin:80 - create IPUIPlugin
2024-09-12 23:05:11,633 [INFO] PluginManager:220 - loadIPPluginJar : add touchsensing
2024-09-12 23:05:11,670 [INFO] IPUIPlugin:80 - create IPUIPlugin
2024-09-12 23:05:11,671 [INFO] PluginManager:220 - loadIPPluginJar : add tracer_emb
2024-09-12 23:05:11,708 [INFO] IPUIPlugin:80 - create IPUIPlugin
2024-09-12 23:05:11,708 [INFO] PluginManager:220 - loadIPPluginJar : add ts
2024-09-12 23:05:11,754 [INFO] IPUIPlugin:80 - create IPUIPlugin
2024-09-12 23:05:11,754 [INFO] PluginManager:220 - loadIPPluginJar : add tsc
2024-09-12 23:05:11,806 [INFO] IPUIPlugin:80 - create IPUIPlugin
2024-09-12 23:05:11,806 [INFO] PluginManager:220 - loadIPPluginJar : add ucpd
2024-09-12 23:05:11,902 [INFO] IPUIPlugin:80 - create IPUIPlugin
2024-09-12 23:05:11,902 [INFO] PluginManager:220 - loadIPPluginJar : add usart
2024-09-12 23:05:11,993 [INFO] IPUIPlugin:80 - create IPUIPlugin
2024-09-12 23:05:11,994 [INFO] PluginManager:220 - loadIPPluginJar : add usbx
2024-09-12 23:05:12,166 [INFO] CADModel:165 - CPN selected for project level
2024-09-12 23:05:12,166 [INFO] CADModel:114 - Register for checkConnection events
2024-09-12 23:05:12,167 [FATAL] Updater:308 - Updater called before beeing initialized
2024-09-12 23:05:12,167 [ERROR] CADModel:125 - Updater not yet initialized, retry later 
2024-09-12 23:05:12,382 [INFO] CADModel:165 - CPN selected for project level
2024-09-12 23:05:12,383 [INFO] CADModel:114 - Register for checkConnection events
2024-09-12 23:05:12,383 [FATAL] Updater:308 - Updater called before beeing initialized
2024-09-12 23:05:12,383 [ERROR] CADModel:125 - Updater not yet initialized, retry later 
2024-09-12 23:05:12,388 [FATAL] Updater:308 - Updater called before beeing initialized
2024-09-12 23:05:12,549 [FATAL] Updater:308 - Updater called before beeing initialized
2024-09-12 23:05:12,565 [INFO] DbMcusAds:53 - JSON generation date=Thu May 16 05:22:00 EDT 2024 (1715851320667)
2024-09-12 23:05:12,565 [FATAL] Updater:308 - Updater called before beeing initialized
2024-09-12 23:05:12,690 [WARN] DetailPanel:346 - Failed to get advertising image, set to default
2024-09-12 23:05:12,820 [FATAL] Updater:308 - Updater called before beeing initialized
2024-09-12 23:05:12,824 [FATAL] Updater:308 - Updater called before beeing initialized
2024-09-12 23:05:12,824 [FATAL] Updater:308 - Updater called before beeing initialized
2024-09-12 23:05:12,824 [WARN] DetailPanel:346 - Failed to get advertising image, set to default
2024-09-12 23:05:12,825 [FATAL] Updater:308 - Updater called before beeing initialized
2024-09-12 23:05:12,933 [ERROR] Updater:1120 - MainUpdater not yet initialized. External WinMGr cannot be set.
2024-09-12 23:05:12,958 [INFO] Updater:1056 - Updater Version found : 6.10.0
2024-09-12 23:05:12,991 [INFO] ApplicationProperties:184 - Using Application install path: C:\ST\STM32CubeIDE_1.14.1\STM32CubeIDE\plugins\com.st.stm32cube.common.mx_6.10.0.202311202037
2024-09-12 23:05:14,250 [INFO] ThirdPartyUpdaterWithRetryManager:70 - Updater plugin not ready yet. [3/15]
2024-09-12 23:05:14,623 [ERROR] LogOutputStream:75 - [STDERR_REDIRECT] Sep 12, 2024 11:05:14 PM java.util.prefs.WindowsPreferences <init>
2024-09-12 23:05:14,626 [ERROR] LogOutputStream:75 - [STDERR_REDIRECT] WARNING: Could not open/create prefs root node Software\JavaSoft\Prefs at root 0xffffffff80000002. Windows RegCreateKeyEx(...) returned error code 5.
2024-09-12 23:05:14,626 [ERROR] LogOutputStream:75 - [STDERR_REDIRECT] 
2024-09-12 23:05:15,164 [INFO] MainUpdater:2873 - connection check result : 10
2024-09-12 23:05:15,166 [INFO] MainUpdater:290 - Updater Check For Update Now.
2024-09-12 23:05:15,167 [INFO] MicroXplorer:498 - Change Database Version : DB.6.0.100
2024-09-12 23:05:15,218 [INFO] McuFinderGlobals:63 - Set McuFinder mode to 2 (CubeIDE integrated)
2024-09-12 23:05:15,495 [INFO] CheckServerUpdateThread:120 - End of CheckServer Thread
2024-09-12 23:05:15,563 [INFO] UserAuth:404 - Internet connection configuration mode: 1
2024-09-12 23:05:15,607 [INFO] JxBrowserEngine:152 - Initiate JxBrowser Engine with user profile folder
2024-09-12 23:05:17,511 [WARN] PackLoader:240 - Cannot read IP mode file for STMicroelectronics.FP-SNS-MOTENVWB1.1.4.0
2024-09-12 23:05:17,539 [WARN] PackLoader:240 - Cannot read IP mode file for STMicroelectronics.X-CUBE-SMBUS.2.1.0
2024-09-12 23:05:17,565 [WARN] PackLoader:240 - Cannot read IP mode file for STMicroelectronics.X-CUBE-TOUCHGFX.4.23.1
2024-09-12 23:05:17,588 [WARN] PackLoader:240 - Cannot read IP mode file for STMicroelectronics.X-CUBE-TOUCHGFX.4.23.0
2024-09-12 23:05:17,608 [WARN] PackLoader:240 - Cannot read IP mode file for STMicroelectronics.X-CUBE-TOUCHGFX.4.23.2
2024-09-12 23:05:17,672 [WARN] PackLoader:240 - Cannot read IP mode file for STMicroelectronics.X-CUBE-AZRTOS-F7.1.1.0
2024-09-12 23:05:17,725 [WARN] PackLoader:240 - Cannot read IP mode file for STMicroelectronics.FP-SNS-MOTENV1.4.3.2
2024-09-12 23:05:17,852 [WARN] PackLoader:240 - Cannot read IP mode file for STMicroelectronics.X-CUBE-MEMS1.11.0.0
2024-09-12 23:05:18,108 [WARN] PackLoader:240 - Cannot read IP mode file for STMicroelectronics.FP-SNS-FLIGHT1.5.0.2
2024-09-12 23:05:18,138 [WARN] PackLoader:240 - Cannot read IP mode file for STMicroelectronics.X-CUBE-DISPLAY.3.0.0
2024-09-12 23:05:18,174 [WARN] PackLoader:240 - Cannot read IP mode file for STMicroelectronics.X-CUBE-BLE1.7.0.0
2024-09-12 23:05:18,202 [WARN] PackLoader:240 - Cannot read IP mode file for emotas.I-CUBE-CANOPEN.1.3.0
2024-09-12 23:05:18,235 [WARN] PackLoader:240 - Cannot read IP mode file for STMicroelectronics.X-CUBE-BLEMGR.3.1.0
2024-09-12 23:05:18,267 [WARN] PackLoader:240 - Cannot read IP mode file for STMicroelectronics.FP-SNS-SMARTAG2.1.2.0
2024-09-12 23:05:18,307 [INFO] LogOutputStream:77 - [STDOUT_REDIRECT] 1 : Invalid condition id : UX_CORESTACK_Condition cause : null
2024-09-12 23:05:18,308 [INFO] LogOutputStream:77 - [STDOUT_REDIRECT] 1 : Invalid condition id : UX_CORESTACK_Condition cause : null
2024-09-12 23:05:18,310 [INFO] LogOutputStream:77 - [STDOUT_REDIRECT] 1 : Invalid condition id : UX_CORESTACK_Condition cause : null
2024-09-12 23:05:18,312 [INFO] LogOutputStream:77 - [STDOUT_REDIRECT] 1 : Invalid condition id : UX_CORESTACK_Condition cause : null
2024-09-12 23:05:18,316 [INFO] LogOutputStream:77 - [STDOUT_REDIRECT] 1 : Invalid condition id : UX_CORESTACK_Condition cause : null
2024-09-12 23:05:18,321 [WARN] PackLoader:240 - Cannot read IP mode file for STMicroelectronics.X-CUBE-AZRTOS-WL.2.0.0
2024-09-12 23:05:18,349 [WARN] PackLoader:240 - Cannot read IP mode file for STMicroelectronics.FP-SNS-MOTENV1.5.0.0
2024-09-12 23:05:18,371 [WARN] PackLoader:240 - Cannot read IP mode file for wolfSSL.I-CUBE-wolfMQTT.1.19.0
2024-09-12 23:05:18,399 [WARN] PackLoader:240 - Cannot read IP mode file for WES.I-CUBE-Cesium.1.3.0
2024-09-12 23:05:18,425 [WARN] PackLoader:240 - Cannot read IP mode file for STMicroelectronics.X-CUBE-BLE2.3.3.0
2024-09-12 23:05:18,445 [WARN] PackLoader:240 - Cannot read IP mode file for STMicroelectronics.X-CUBE-TCPP.4.1.0
2024-09-12 23:05:18,473 [WARN] PackLoader:240 - Cannot read IP mode file for STMicroelectronics.X-CUBE-ALGOBUILD.1.3.0
2024-09-12 23:05:18,537 [WARN] PackLoader:240 - Cannot read IP mode file for STMicroelectronics.X-CUBE-AZRTOS-G0.1.1.0
2024-09-12 23:05:18,572 [WARN] PackLoader:240 - Cannot read IP mode file for STMicroelectronics.X-CUBE-SAFEA1.1.2.2
2024-09-12 23:05:18,601 [WARN] PackLoader:240 - Cannot read IP mode file for STMicroelectronics.X-CUBE-NFC4.3.0.0
2024-09-12 23:05:18,625 [WARN] PackLoader:240 - Cannot read IP mode file for wolfSSL.I-CUBE-wolfMQTT.1.18.0
2024-09-12 23:05:18,657 [WARN] PackLoader:240 - Cannot read IP mode file for EmbeddedOffice.I-CUBE-FS-RTOS.1.0.1
2024-09-12 23:05:18,658 [ERROR] ConditionMgr:805 - Attr not supported : Dmpu
2024-09-12 23:05:18,658 [ERROR] ConditionMgr:805 - Attr not supported : Dmpu
2024-09-12 23:05:18,680 [ERROR] ConditionMgr:805 - Attr not supported : Dmpu
2024-09-12 23:05:18,680 [ERROR] ConditionMgr:805 - Attr not supported : Dmpu
2024-09-12 23:05:18,680 [ERROR] ConditionMgr:805 - Attr not supported : Dmpu
2024-09-12 23:05:18,680 [ERROR] ConditionMgr:805 - Attr not supported : Dmpu
2024-09-12 23:05:18,680 [ERROR] ConditionMgr:805 - Attr not supported : Dmpu
2024-09-12 23:05:18,680 [ERROR] ConditionMgr:805 - Attr not supported : Dmpu
2024-09-12 23:05:18,681 [ERROR] ConditionMgr:805 - Attr not supported : Dmpu
2024-09-12 23:05:18,681 [ERROR] ConditionMgr:805 - Attr not supported : Dmpu
2024-09-12 23:05:18,681 [ERROR] ConditionMgr:805 - Attr not supported : Dmpu
2024-09-12 23:05:18,681 [ERROR] ConditionMgr:805 - Attr not supported : Dmpu
2024-09-12 23:05:18,681 [ERROR] ConditionMgr:805 - Attr not supported : Dmpu
2024-09-12 23:05:18,681 [ERROR] ConditionMgr:805 - Attr not supported : Dmpu
2024-09-12 23:05:18,681 [ERROR] ConditionMgr:805 - Attr not supported : Dmpu
2024-09-12 23:05:18,681 [ERROR] ConditionMgr:805 - Attr not supported : Dmpu
2024-09-12 23:05:18,681 [ERROR] ConditionMgr:805 - Attr not supported : Dmpu
2024-09-12 23:05:18,682 [ERROR] ConditionMgr:805 - Attr not supported : Dmpu
2024-09-12 23:05:18,682 [ERROR] ConditionMgr:805 - Attr not supported : Dmpu
2024-09-12 23:05:18,682 [ERROR] ConditionMgr:805 - Attr not supported : Dmpu
2024-09-12 23:05:18,683 [ERROR] ConditionMgr:805 - Attr not supported : Dmpu
2024-09-12 23:05:18,683 [ERROR] ConditionMgr:805 - Attr not supported : Dmpu
2024-09-12 23:05:18,683 [ERROR] ConditionMgr:805 - Attr not supported : Dmpu
2024-09-12 23:05:18,683 [ERROR] ConditionMgr:805 - Attr not supported : Dmpu
2024-09-12 23:05:18,683 [ERROR] ConditionMgr:805 - Attr not supported : Dmpu
2024-09-12 23:05:18,683 [ERROR] ConditionMgr:805 - Attr not supported : Dmpu
2024-09-12 23:05:18,683 [ERROR] ConditionMgr:805 - Attr not supported : Dmpu
2024-09-12 23:05:18,683 [ERROR] ConditionMgr:805 - Attr not supported : Dmpu
2024-09-12 23:05:18,684 [ERROR] ConditionMgr:805 - Attr not supported : Dmpu
2024-09-12 23:05:18,684 [ERROR] ConditionMgr:805 - Attr not supported : Dmpu
2024-09-12 23:05:18,684 [ERROR] ConditionMgr:805 - Attr not supported : Dmpu
2024-09-12 23:05:18,684 [ERROR] ConditionMgr:805 - Attr not supported : Dmpu
2024-09-12 23:05:18,684 [ERROR] ConditionMgr:805 - Attr not supported : Dmpu
2024-09-12 23:05:18,684 [ERROR] ConditionMgr:805 - Attr not supported : Dmpu
2024-09-12 23:05:18,684 [ERROR] ConditionMgr:805 - Attr not supported : Dmpu
2024-09-12 23:05:18,684 [ERROR] ConditionMgr:805 - Attr not supported : Dmpu
2024-09-12 23:05:18,685 [ERROR] ConditionMgr:805 - Attr not supported : Dmpu
2024-09-12 23:05:18,685 [ERROR] ConditionMgr:805 - Attr not supported : Dmpu
2024-09-12 23:05:18,685 [ERROR] ConditionMgr:805 - Attr not supported : Dmpu
2024-09-12 23:05:18,685 [ERROR] ConditionMgr:805 - Attr not supported : Dmpu
2024-09-12 23:05:18,685 [ERROR] ConditionMgr:805 - Attr not supported : Dmpu
2024-09-12 23:05:18,685 [ERROR] ConditionMgr:805 - Attr not supported : Dmpu
2024-09-12 23:05:18,685 [ERROR] ConditionMgr:805 - Attr not supported : Dmpu
2024-09-12 23:05:18,685 [ERROR] ConditionMgr:805 - Attr not supported : Dmpu
2024-09-12 23:05:18,686 [ERROR] ConditionMgr:805 - Attr not supported : Dmpu
2024-09-12 23:05:18,686 [ERROR] ConditionMgr:805 - Attr not supported : Dmpu
2024-09-12 23:05:18,686 [ERROR] ConditionMgr:805 - Attr not supported : Dmpu
2024-09-12 23:05:18,686 [ERROR] ConditionMgr:805 - Attr not supported : Dmpu
2024-09-12 23:05:18,686 [ERROR] ConditionMgr:805 - Attr not supported : Dmpu
2024-09-12 23:05:18,686 [ERROR] ConditionMgr:805 - Attr not supported : Dmpu
2024-09-12 23:05:18,686 [ERROR] ConditionMgr:805 - Attr not supported : Dmpu
2024-09-12 23:05:18,686 [ERROR] ConditionMgr:805 - Attr not supported : Dmpu
2024-09-12 23:05:18,686 [ERROR] ConditionMgr:805 - Attr not supported : Dmpu
2024-09-12 23:05:18,687 [ERROR] ConditionMgr:805 - Attr not supported : Dmpu
2024-09-12 23:05:18,687 [ERROR] ConditionMgr:805 - Attr not supported : Dmpu
2024-09-12 23:05:18,687 [ERROR] ConditionMgr:805 - Attr not supported : Dmpu
2024-09-12 23:05:18,687 [ERROR] ConditionMgr:805 - Attr not supported : Dmpu
2024-09-12 23:05:18,687 [ERROR] ConditionMgr:805 - Attr not supported : Dmpu
2024-09-12 23:05:18,687 [ERROR] ConditionMgr:805 - Attr not supported : Dmpu
2024-09-12 23:05:18,687 [ERROR] ConditionMgr:805 - Attr not supported : Dmpu
2024-09-12 23:05:18,687 [ERROR] ConditionMgr:805 - Attr not supported : Dmpu
2024-09-12 23:05:18,688 [ERROR] ConditionMgr:805 - Attr not supported : Dmpu
2024-09-12 23:05:18,688 [ERROR] ConditionMgr:805 - Attr not supported : Dmpu
2024-09-12 23:05:18,688 [ERROR] ConditionMgr:805 - Attr not supported : Dmpu
2024-09-12 23:05:18,733 [WARN] PackLoader:240 - Cannot read IP mode file for STMicroelectronics.X-CUBE-BLEMGR.3.0.0
2024-09-12 23:05:18,774 [WARN] PackLoader:240 - Cannot read IP mode file for RealThread.X-CUBE-RT-Thread_Nano.4.1.1
2024-09-12 23:05:18,807 [WARN] PackLoader:240 - Cannot read IP mode file for STMicroelectronics.FP-ATR-SIGFOX1.3.2.0
2024-09-12 23:05:18,823 [WARN] PackLoader:240 - Cannot read IP mode file for STMicroelectronics.X-CUBE-EEPRMA1.5.1.0
2024-09-12 23:05:18,888 [WARN] PackLoader:240 - Cannot read IP mode file for SEGGER.I-CUBE-embOS.1.3.1
2024-09-12 23:05:18,959 [WARN] PackLoader:240 - Cannot read IP mode file for STMicroelectronics.X-CUBE-ALGOBUILD.1.4.0
2024-09-12 23:05:18,979 [WARN] PackLoader:240 - Cannot read IP mode file for STMicroelectronics.X-CUBE-GNSS1.6.0.0
2024-09-12 23:05:19,029 [WARN] PackLoader:240 - Cannot read IP mode file for STMicroelectronics.X-CUBE-AZRTOS-F4.1.1.0
2024-09-12 23:05:19,054 [WARN] PackLoader:240 - Cannot read IP mode file for STMicroelectronics.X-CUBE-FREERTOS.1.2.0
2024-09-12 23:05:19,074 [WARN] PackLoader:240 - Cannot read IP mode file for wolfSSL.I-CUBE-wolfSSL.5.6.6
2024-09-12 23:05:19,117 [WARN] PackLoader:240 - Cannot read IP mode file for STMicroelectronics.X-CUBE-AZRTOS-L5.2.0.0
2024-09-12 23:05:19,146 [WARN] PackLoader:240 - Cannot read IP mode file for STMicroelectronics.X-CUBE-NFC6.3.1.0
2024-09-12 23:05:19,175 [WARN] PackLoader:240 - Cannot read IP mode file for ITTIA_DB.I-CUBE-ITTIADB.8.8.0
2024-09-12 23:05:19,198 [WARN] PackLoader:240 - Cannot read IP mode file for STMicroelectronics.X-CUBE-DPower.1.2.0
2024-09-12 23:05:19,219 [WARN] PackLoader:240 - Cannot read IP mode file for STMicroelectronics.X-CUBE-AI.9.0.0
2024-09-12 23:05:19,242 [WARN] PackLoader:240 - Cannot read IP mode file for STMicroelectronics.X-CUBE-NFC7.1.0.1
2024-09-12 23:05:19,281 [WARN] PackLoader:240 - Cannot read IP mode file for STMicroelectronics.X-CUBE-NFC6.3.0.0
2024-09-12 23:05:19,307 [WARN] PackLoader:240 - Cannot read IP mode file for STMicroelectronics.X-CUBE-AI.8.1.0
2024-09-12 23:05:19,353 [WARN] ConditionMgr:438 - getConditionDescription Invalid condition id : LAN8742 Phy interface Condition cause : null
2024-09-12 23:05:19,354 [WARN] PackLoader:240 - Cannot read IP mode file for STMicroelectronics.X-CUBE-AZRTOS-L4.2.0.0
2024-09-12 23:05:19,356 [WARN] ConditionMgr:1039 - genDependencies : Invalid condition id : LAN8742 Phy interface Condition cause : null
2024-09-12 23:05:19,356 [WARN] ConditionMgr:1039 - genDependencies : Invalid condition id : LAN8742 Phy interface Condition cause : null
2024-09-12 23:05:19,357 [WARN] ConditionMgr:1039 - genDependencies : Invalid condition id : LAN8742 Phy interface Condition cause : null
2024-09-12 23:05:19,393 [WARN] PackLoader:240 - Cannot read IP mode file for STMicroelectronics.X-CUBE-SFXS2LP1.4.0.0
2024-09-12 23:05:19,490 [WARN] PackLoader:240 - Cannot read IP mode file for STMicroelectronics.X-CUBE-AZRTOS-H7.3.3.0
2024-09-12 23:05:19,535 [WARN] ConditionMgr:438 - getConditionDescription Invalid condition id : UX DEVICE CLASS RTOS Condition cause : null
2024-09-12 23:05:19,535 [WARN] ConditionMgr:438 - getConditionDescription Invalid condition id : UX DEVICE CLASS RTOS Condition cause : null
2024-09-12 23:05:19,540 [WARN] PackLoader:240 - Cannot read IP mode file for STMicroelectronics.X-CUBE-AZRTOS-WB.2.0.0
2024-09-12 23:05:19,541 [WARN] ConditionMgr:1039 - genDependencies : Invalid condition id : UX DEVICE CLASS RTOS Condition cause : null
2024-09-12 23:05:19,541 [WARN] ConditionMgr:1039 - genDependencies : Invalid condition id : UX DEVICE CLASS RTOS Condition cause : null
2024-09-12 23:05:19,541 [WARN] ConditionMgr:1039 - genDependencies : Invalid condition id : UX DEVICE CLASS RTOS Condition cause : null
2024-09-12 23:05:19,542 [WARN] ConditionMgr:1039 - genDependencies : Invalid condition id : UX DEVICE CLASS RTOS Condition cause : null
2024-09-12 23:05:19,542 [WARN] ConditionMgr:1039 - genDependencies : Invalid condition id : UX DEVICE CLASS RTOS Condition cause : null
2024-09-12 23:05:19,569 [WARN] PackLoader:240 - Cannot read IP mode file for STMicroelectronics.FP-SNS-STBOX1.2.0.0
2024-09-12 23:05:19,602 [WARN] PackLoader:240 - Cannot read IP mode file for STMicroelectronics.X-CUBE-SUBG2.5.0.0
2024-09-12 23:05:19,656 [WARN] PackLoader:240 - Cannot read IP mode file for STMicroelectronics.X-CUBE-AZRTOS-G4.2.0.0
2024-09-12 23:05:19,705 [WARN] PackLoader:240 - Cannot read IP mode file for Infineon.AIROC-Wi-Fi-Bluetooth-STM32.1.5.1
2024-09-12 23:05:19,755 [WARN] PackLoader:240 - Cannot read IP mode file for STMicroelectronics.FP-SNS-MOTENVWB1.1.3.1
2024-09-12 23:05:19,918 [WARN] PackLoader:240 - Cannot read IP mode file for STMicroelectronics.X-CUBE-ISPU.2.0.0
2024-09-12 23:05:19,943 [WARN] PackLoader:240 - Cannot read IP mode file for STMicroelectronics.X-CUBE-ALS.1.0.2
2024-09-12 23:05:20,030 [WARN] PackLoader:240 - Cannot read IP mode file for STMicroelectronics.X-CUBE-MEMS1.10.0.0
2024-09-12 23:05:20,324 [WARN] PackLoader:240 - Cannot read IP mode file for STMicroelectronics.X-CUBE-FREERTOS.1.1.0
2024-09-12 23:05:20,340 [INFO] WebApp:161 - Instantiating new browser for Auth
2024-09-12 23:05:20,349 [WARN] PackLoader:240 - Cannot read IP mode file for STMicroelectronics.X-CUBE-TOUCHGFX.4.24.0
2024-09-12 23:05:20,412 [WARN] PackLoader:240 - Cannot read IP mode file for wolfSSL.I-CUBE-wolfTPM.3.4.0
2024-09-12 23:05:20,441 [WARN] PackLoader:240 - Cannot read IP mode file for portGmbH.I-Cube-SoM-uGOAL.1.1.0
2024-09-12 23:05:20,490 [WARN] PackLoader:240 - Cannot read IP mode file for STMicroelectronics.X-CUBE-ALS.1.0.1
2024-09-12 23:05:20,562 [WARN] PackLoader:240 - Cannot read IP mode file for STMicroelectronics.X-CUBE-AZRTOS-H7RS.1.0.0
2024-09-12 23:05:20,591 [WARN] PackLoader:240 - Cannot read IP mode file for STMicroelectronics.FP-ATR-ASTRA1.2.0.0
2024-09-12 23:05:20,632 [WARN] PackLoader:240 - Cannot read IP mode file for STMicroelectronics.X-CUBE-TOF1.3.4.2
2024-09-12 23:05:20,706 [WARN] PackLoader:240 - Cannot read IP mode file for STMicroelectronics.X-CUBE-TOF1.3.4.0
2024-09-12 23:05:20,771 [WARN] PackLoader:240 - Cannot read IP mode file for STMicroelectronics.X-CUBE-TOF1.3.4.1
2024-09-12 23:05:20,844 [WARN] PackLoader:240 - Cannot read IP mode file for STMicroelectronics.X-CUBE-AZRTOS-H7.3.2.0
2024-09-12 23:05:20,872 [WARN] PackLoader:240 - Cannot read IP mode file for wolfSSL.I-CUBE-wolfSSH.1.4.17
2024-09-12 23:05:20,873 [INFO] ThirdParty:978 - Integrity check success = true
2024-09-12 23:05:20,873 [INFO] IntegrityCheckThread:100 - exiting critical section [integrity check]
2024-09-12 23:05:20,873 [INFO] IntegrityCheckThread:103 - End integrity checks thread
2024-09-12 23:05:21,446 [INFO] WebApp:780 - Register for checkConnection events
2024-09-12 23:05:21,446 [INFO] WebApp:414 - Apply proxy settings
2024-09-12 23:05:21,446 [INFO] WebApp:499 - Chromium requires no authentication
2024-09-12 23:05:21,457 [INFO] WebApp:442 - Direct internet connection detected
2024-09-12 23:05:21,686 [INFO] WebApp:192 - Starting web application
2024-09-12 23:05:21,687 [INFO] WebApp:544 - Web application path used C:\ST\STM32CubeIDE_1.14.1\STM32CubeIDE\plugins\com.st.stm32cube.common.mx_6.10.0.202311202037\db\plugins\mcufinder\reactClient1\index.html
2024-09-12 23:05:43,344 [ERROR] LogOutputStream:75 - [STDERR_REDIRECT] SLF4J: Failed to load class "org.slf4j.impl.StaticLoggerBinder".
2024-09-12 23:05:43,348 [ERROR] LogOutputStream:75 - [STDERR_REDIRECT] SLF4J: Defaulting to no-operation (NOP) logger implementation
2024-09-12 23:05:43,351 [ERROR] LogOutputStream:75 - [STDERR_REDIRECT] SLF4J: See http://www.slf4j.org/codes.html#StaticLoggerBinder for further details.
