2024-09-24 23:48:44,867 [INFO] Activator:176 - 


2024-09-24 23:48:44,878 [INFO] Activator:177 - !SESSION log4j initialized
2024-09-24 23:48:53,905 [INFO] LogOutputStream:77 - [STDOUT_REDIRECT] 
2024-09-24 23:48:57,103 [INFO] ApplicationProperties:184 - Using Application install path: C:\ST\STM32CubeIDE_1.14.1\STM32CubeIDE\plugins\com.st.stm32cube.common.mx_6.10.0.202311202037
2024-09-24 23:48:57,133 [INFO] DbMcusXml:78 - Set database path to: C:\ST\STM32CubeIDE_1.14.1\STM32CubeIDE\plugins\com.st.stm32cube.common.mx_6.10.0.202311202037\\db\/mcu/
2024-09-24 23:48:57,134 [INFO] ApiDb:274 - Set plugin database path to: C:\ST\STM32CubeIDE_1.14.1\STM32CubeIDE\plugins\com.st.stm32cube.common.mx_6.10.0.202311202037\\db\/plugins/boardmanager/
2024-09-24 23:48:57,134 [WARN] ApiDb:259 - Overriding images path with different value:  => C:\ST\STM32CubeIDE_1.14.1\STM32CubeIDE\plugins\com.st.stm32cube.common.mx_6.10.0.202311202037\\db\/plugins/mcufinder/images/
2024-09-24 23:48:57,145 [INFO] ApiDb:250 - Set database path to: C:\Users\ImadF\.stmcufinder\plugins\mcufinder//mcu/
2024-09-24 23:48:57,148 [INFO] DbMcusAds:125 - Set database path to: C:\Users\ImadF\.stmcufinder\plugins\mcufinder//mcu/
2024-09-24 23:48:57,151 [INFO] CrossReferenceDbSqlite:203 - Set database path to: C:\Users\ImadF\.stmcufinder\plugins\mcufinder//mcu/cs/
2024-09-24 23:48:57,344 [INFO] RulesReader:64 - Compatibility file has been processed (297 Rules)
2024-09-24 23:48:57,472 [INFO] DbMcusXml:78 - Set database path to: C:\ST\STM32CubeIDE_1.14.1\STM32CubeIDE\plugins\com.st.stm32cube.common.mx_6.10.0.202311202037\\db\/mcu/
2024-09-24 23:48:57,472 [INFO] ApiDb:274 - Set plugin database path to: C:\ST\STM32CubeIDE_1.14.1\STM32CubeIDE\plugins\com.st.stm32cube.common.mx_6.10.0.202311202037\\db\/plugins/boardmanager/
2024-09-24 23:48:57,473 [INFO] ApiDb:261 - Set plugin images path to: C:\ST\STM32CubeIDE_1.14.1\STM32CubeIDE\plugins\com.st.stm32cube.common.mx_6.10.0.202311202037\\db\/plugins/mcufinder/images/
2024-09-24 23:48:57,473 [WARN] DbFile:41 - Overriding database path with different value: C:\Users\ImadF\.stmcufinder\plugins\mcufinder/ => C:\Users\ImadF\.stmcufinder\plugins\mcufinder
2024-09-24 23:48:57,473 [INFO] ApiDb:250 - Set database path to: C:\Users\ImadF\.stmcufinder\plugins\mcufinder//mcu/
2024-09-24 23:48:57,473 [WARN] DbFile:41 - Overriding database path with different value: C:\Users\ImadF\.stmcufinder\plugins\mcufinder/ => C:\Users\ImadF\.stmcufinder\plugins\mcufinder
2024-09-24 23:48:57,473 [INFO] DbMcusAds:125 - Set database path to: C:\Users\ImadF\.stmcufinder\plugins\mcufinder//mcu/
2024-09-24 23:48:57,473 [WARN] DbFile:41 - Overriding database path with different value: C:\Users\ImadF\.stmcufinder\plugins\mcufinder/ => C:\Users\ImadF\.stmcufinder\plugins\mcufinder
2024-09-24 23:48:57,474 [WARN] DbFile:41 - Overriding database path with different value: C:\Users\ImadF\.stmcufinder\plugins\mcufinder/ => C:\Users\ImadF\.stmcufinder\plugins\mcufinder
2024-09-24 23:48:57,474 [INFO] CrossReferenceDbSqlite:203 - Set database path to: C:\Users\ImadF\.stmcufinder\plugins\mcufinder//mcu/cs/
2024-09-24 23:48:57,615 [INFO] MainPanel:264 - HeapMemory: 268435456
2024-09-24 23:48:57,771 [INFO] DbMcusXml:78 - Set database path to: C:\ST\STM32CubeIDE_1.14.1\STM32CubeIDE\plugins\com.st.stm32cube.common.mx_6.10.0.202311202037\\db\/mcu/
2024-09-24 23:48:57,771 [INFO] ApiDb:274 - Set plugin database path to: C:\ST\STM32CubeIDE_1.14.1\STM32CubeIDE\plugins\com.st.stm32cube.common.mx_6.10.0.202311202037\\db\/plugins/boardmanager/
2024-09-24 23:48:57,771 [INFO] ApiDb:261 - Set plugin images path to: C:\ST\STM32CubeIDE_1.14.1\STM32CubeIDE\plugins\com.st.stm32cube.common.mx_6.10.0.202311202037\\db\/plugins/mcufinder/images/
2024-09-24 23:48:57,772 [WARN] DbFile:41 - Overriding database path with different value: C:\Users\ImadF\.stmcufinder\plugins\mcufinder/ => C:\Users\ImadF\.stmcufinder\plugins\mcufinder
2024-09-24 23:48:57,772 [INFO] ApiDb:250 - Set database path to: C:\Users\ImadF\.stmcufinder\plugins\mcufinder//mcu/
2024-09-24 23:48:57,772 [WARN] DbFile:41 - Overriding database path with different value: C:\Users\ImadF\.stmcufinder\plugins\mcufinder/ => C:\Users\ImadF\.stmcufinder\plugins\mcufinder
2024-09-24 23:48:57,772 [INFO] DbMcusAds:125 - Set database path to: C:\Users\ImadF\.stmcufinder\plugins\mcufinder//mcu/
2024-09-24 23:48:57,772 [WARN] DbFile:41 - Overriding database path with different value: C:\Users\ImadF\.stmcufinder\plugins\mcufinder/ => C:\Users\ImadF\.stmcufinder\plugins\mcufinder
2024-09-24 23:48:57,772 [WARN] DbFile:41 - Overriding database path with different value: C:\Users\ImadF\.stmcufinder\plugins\mcufinder/ => C:\Users\ImadF\.stmcufinder\plugins\mcufinder
2024-09-24 23:48:57,772 [INFO] CrossReferenceDbSqlite:203 - Set database path to: C:\Users\ImadF\.stmcufinder\plugins\mcufinder//mcu/cs/
2024-09-24 23:48:57,803 [INFO] ApplicationProperties:184 - Using Application install path: C:\ST\STM32CubeIDE_1.14.1\STM32CubeIDE\plugins\com.st.stm32cube.common.mx_6.10.0.202311202037
2024-09-24 23:48:57,805 [INFO] PluginManage:196 - Search for loadable plugins [exclusion list=, ]
2024-09-24 23:48:57,808 [INFO] PluginManage:310 - Check plugin analytics
2024-09-24 23:48:58,119 [INFO] AnalyticsPlugin:253 - Accepted Software Licenses: 
2024-09-24 23:48:58,119 [INFO] AnalyticsPlugin:255 - Accepted CMSIS Pack Licenses: 
2024-09-24 23:48:58,120 [INFO] AnalyticsPlugin:257 - Accepted Firmware Licenses: FW.F4.1.28.0
2024-09-24 23:48:58,125 [INFO] PluginManage:359 - Loaded plugin analytics (category:tool,tabindex:-1)
2024-09-24 23:48:58,125 [INFO] PluginManage:310 - Check plugin cadmodel
2024-09-24 23:48:58,150 [INFO] CADModel:105 - Init CAD model plugin
2024-09-24 23:48:58,151 [INFO] PluginManage:359 - Loaded plugin cadmodel (category:power,tabindex:5)
2024-09-24 23:48:58,151 [INFO] PluginManage:310 - Check plugin clock
2024-09-24 23:48:58,181 [INFO] PluginManage:359 - Loaded plugin clock (category:base,tabindex:2)
2024-09-24 23:48:58,181 [INFO] PluginManage:310 - Check plugin ddr
2024-09-24 23:48:58,184 [INFO] PluginManage:359 - Loaded plugin ddr (category:tool,tabindex:6)
2024-09-24 23:48:58,185 [INFO] PluginManage:310 - Check plugin filemanager
2024-09-24 23:48:58,403 [INFO] PluginManage:359 - Loaded plugin filemanager (category:base,tabindex:10)
2024-09-24 23:48:58,404 [INFO] PluginManage:310 - Check plugin ipmanager
2024-09-24 23:48:58,414 [INFO] PluginManage:359 - Loaded plugin ipmanager (category:base,tabindex:5)
2024-09-24 23:48:58,414 [INFO] PluginManage:310 - Check plugin lpbam
2024-09-24 23:48:58,442 [INFO] PluginManage:359 - Loaded plugin lpbam (category:base,tabindex:0)
2024-09-24 23:48:58,442 [INFO] PluginManage:310 - Check plugin memorymap
2024-09-24 23:48:58,480 [INFO] PluginManage:359 - Loaded plugin memorymap (category:base,tabindex:4)
2024-09-24 23:48:58,480 [INFO] PluginManage:310 - Check plugin pinoutandconfiguration
2024-09-24 23:48:58,512 [INFO] PluginManage:359 - Loaded plugin pinoutandconfiguration (category:base,tabindex:1)
2024-09-24 23:48:58,512 [INFO] PluginManage:310 - Check plugin pinoutconfig
2024-09-24 23:48:58,668 [WARN] SupportedApi:132 - Cannot load RTOS API schema: s4s-elt-must-match.1: The content of 'definitions' must match (annotation?, (simpleType | complexType)?, (unique | key | keyref)*)). A problem was found starting at: attribute.
2024-09-24 23:48:58,880 [INFO] PluginManage:359 - Loaded plugin pinoutconfig (category:base,tabindex:0)
2024-09-24 23:48:58,880 [INFO] PluginManage:310 - Check plugin power
2024-09-24 23:48:58,913 [INFO] PluginManage:359 - Loaded plugin power (category:power,tabindex:4)
2024-09-24 23:48:58,914 [INFO] PluginManage:310 - Check plugin projectmanager
2024-09-24 23:48:58,938 [INFO] PluginManage:359 - Loaded plugin projectmanager (category:projectmanager,tabindex:3)
2024-09-24 23:48:58,938 [INFO] PluginManage:310 - Check plugin thirdparty
2024-09-24 23:48:59,427 [INFO] PluginManage:359 - Loaded plugin thirdparty (category:base,tabindex:-1)
2024-09-24 23:48:59,427 [WARN] IntegrityCheckThread:84 - waiting for thirdparty lock release [integrity check]
2024-09-24 23:48:59,427 [INFO] PluginManage:310 - Check plugin tools
2024-09-24 23:48:59,427 [INFO] IntegrityCheckThread:86 - entering critical section [integrity check]
2024-09-24 23:48:59,428 [INFO] ThirdPartyUpdaterWithRetryManager:70 - Updater plugin not ready yet. [1/15]
2024-09-24 23:48:59,477 [INFO] PluginManage:359 - Loaded plugin tools (category:base,tabindex:7)
2024-09-24 23:48:59,477 [INFO] PluginManage:310 - Check plugin tutovideos
2024-09-24 23:48:59,792 [INFO] PluginManage:359 - Loaded plugin tutovideos (category:base,tabindex:-1)
2024-09-24 23:48:59,792 [INFO] PluginManage:310 - Check plugin updater
2024-09-24 23:48:59,811 [INFO] PluginManage:359 - Loaded plugin updater (category:base,tabindex:12)
2024-09-24 23:48:59,811 [INFO] PluginManage:310 - Check plugin userauth
2024-09-24 23:48:59,821 [INFO] UserAuth:114 - Init User Auth plugin
2024-09-24 23:48:59,821 [INFO] PluginManage:359 - Loaded plugin userauth (category:base,tabindex:14)
2024-09-24 23:48:59,822 [INFO] PluginManage:283 - PluginManage : Loaded plugins [17]
2024-09-24 23:49:00,172 [INFO] PinOutPanel:1499 - setPackage(No Configuration,No Configuration)
2024-09-24 23:49:00,284 [INFO] CADModel:165 - CPN selected for project level
2024-09-24 23:49:00,284 [INFO] CADModel:114 - Register for checkConnection events
2024-09-24 23:49:00,323 [INFO] IPUIPlugin:80 - create IPUIPlugin
2024-09-24 23:49:00,324 [INFO] PluginManager:220 - loadIPPluginJar : add adc
2024-09-24 23:49:00,375 [INFO] IPUIPlugin:80 - create IPUIPlugin
2024-09-24 23:49:00,375 [INFO] PluginManager:220 - loadIPPluginJar : add aes
2024-09-24 23:49:00,427 [INFO] IPUIPlugin:80 - create IPUIPlugin
2024-09-24 23:49:00,428 [INFO] PluginManager:220 - loadIPPluginJar : add can
2024-09-24 23:49:00,460 [INFO] IPUIPlugin:80 - create IPUIPlugin
2024-09-24 23:49:00,460 [INFO] PluginManager:220 - loadIPPluginJar : add comp
2024-09-24 23:49:00,506 [INFO] IPUIPlugin:80 - create IPUIPlugin
2024-09-24 23:49:00,506 [INFO] PluginManager:220 - loadIPPluginJar : add cryp
2024-09-24 23:49:00,545 [INFO] IPUIPlugin:80 - create IPUIPlugin
2024-09-24 23:49:00,545 [INFO] PluginManager:220 - loadIPPluginJar : add dfsdm
2024-09-24 23:49:00,573 [INFO] IPUIPlugin:80 - create IPUIPlugin
2024-09-24 23:49:00,574 [INFO] PluginManager:220 - loadIPPluginJar : add dma
2024-09-24 23:49:00,633 [INFO] IPUIPlugin:80 - create IPUIPlugin
2024-09-24 23:49:00,634 [INFO] PluginManager:220 - loadIPPluginJar : add dma3
2024-09-24 23:49:00,667 [INFO] IPUIPlugin:80 - create IPUIPlugin
2024-09-24 23:49:00,667 [INFO] PluginManager:220 - loadIPPluginJar : add fatfs
2024-09-24 23:49:00,737 [INFO] IPUIPlugin:80 - create IPUIPlugin
2024-09-24 23:49:00,738 [INFO] PluginManager:220 - loadIPPluginJar : add fmc
2024-09-24 23:49:00,759 [INFO] IPUIPlugin:80 - create IPUIPlugin
2024-09-24 23:49:00,760 [INFO] PluginManager:220 - loadIPPluginJar : add freertos
2024-09-24 23:49:00,789 [INFO] IPUIPlugin:80 - create IPUIPlugin
2024-09-24 23:49:00,789 [INFO] PluginManager:220 - loadIPPluginJar : add genericplugin
2024-09-24 23:49:00,916 [INFO] IPUIPlugin:80 - create IPUIPlugin
2024-09-24 23:49:00,916 [INFO] PluginManager:220 - loadIPPluginJar : add gfxmmu
2024-09-24 23:49:01,085 [INFO] IPUIPlugin:80 - create IPUIPlugin
2024-09-24 23:49:01,085 [INFO] PluginManager:220 - loadIPPluginJar : add gic
2024-09-24 23:49:01,106 [INFO] IPUIPlugin:80 - create IPUIPlugin
2024-09-24 23:49:01,106 [INFO] PluginManager:220 - loadIPPluginJar : add gpio
2024-09-24 23:49:01,222 [INFO] IPUIPlugin:80 - create IPUIPlugin
2024-09-24 23:49:01,222 [INFO] PluginManager:220 - loadIPPluginJar : add gtzc
2024-09-24 23:49:01,265 [INFO] IPUIPlugin:80 - create IPUIPlugin
2024-09-24 23:49:01,265 [INFO] PluginManager:220 - loadIPPluginJar : add hash
2024-09-24 23:49:01,332 [INFO] IPUIPlugin:80 - create IPUIPlugin
2024-09-24 23:49:01,332 [INFO] PluginManager:220 - loadIPPluginJar : add i2c
2024-09-24 23:49:01,382 [INFO] IPUIPlugin:80 - create IPUIPlugin
2024-09-24 23:49:01,382 [INFO] PluginManager:220 - loadIPPluginJar : add i2s
2024-09-24 23:49:01,436 [INFO] IPUIPlugin:80 - create IPUIPlugin
2024-09-24 23:49:01,436 [INFO] PluginManager:220 - loadIPPluginJar : add i3c
2024-09-24 23:49:01,571 [INFO] IPUIPlugin:80 - create IPUIPlugin
2024-09-24 23:49:01,571 [INFO] PluginManager:220 - loadIPPluginJar : add ipddr
2024-09-24 23:49:01,687 [INFO] IPUIPlugin:80 - create IPUIPlugin
2024-09-24 23:49:01,688 [INFO] PluginManager:220 - loadIPPluginJar : add linkedlist
2024-09-24 23:49:01,744 [INFO] IPUIPlugin:80 - create IPUIPlugin
2024-09-24 23:49:01,744 [INFO] PluginManager:220 - loadIPPluginJar : add lorawan
2024-09-24 23:49:01,792 [INFO] IPUIPlugin:80 - create IPUIPlugin
2024-09-24 23:49:01,793 [INFO] PluginManager:220 - loadIPPluginJar : add ltdc
2024-09-24 23:49:01,813 [INFO] IPUIPlugin:80 - create IPUIPlugin
2024-09-24 23:49:01,814 [INFO] PluginManager:220 - loadIPPluginJar : add mdma
2024-09-24 23:49:01,832 [INFO] IPUIPlugin:80 - create IPUIPlugin
2024-09-24 23:49:01,832 [INFO] PluginManager:220 - loadIPPluginJar : add nvic
2024-09-24 23:49:01,883 [INFO] IPUIPlugin:80 - create IPUIPlugin
2024-09-24 23:49:01,883 [INFO] PluginManager:220 - loadIPPluginJar : add opamp
2024-09-24 23:49:01,963 [INFO] IPUIPlugin:80 - create IPUIPlugin
2024-09-24 23:49:01,963 [INFO] PluginManager:220 - loadIPPluginJar : add openamp
2024-09-24 23:49:02,043 [INFO] IPUIPlugin:80 - create IPUIPlugin
2024-09-24 23:49:02,043 [INFO] PluginManager:220 - loadIPPluginJar : add pdm2pcm
2024-09-24 23:49:02,063 [INFO] IPUIPlugin:80 - create IPUIPlugin
2024-09-24 23:49:02,066 [INFO] PluginManager:220 - loadIPPluginJar : add plateformsettings
2024-09-24 23:49:02,100 [INFO] IPUIPlugin:80 - create IPUIPlugin
2024-09-24 23:49:02,100 [INFO] PluginManager:220 - loadIPPluginJar : add quadspi
2024-09-24 23:49:02,117 [INFO] IPUIPlugin:80 - create IPUIPlugin
2024-09-24 23:49:02,117 [INFO] PluginManager:220 - loadIPPluginJar : add resmgrutility
2024-09-24 23:49:02,181 [INFO] IPUIPlugin:80 - create IPUIPlugin
2024-09-24 23:49:02,182 [INFO] PluginManager:220 - loadIPPluginJar : add sai
2024-09-24 23:49:02,231 [INFO] IPUIPlugin:80 - create IPUIPlugin
2024-09-24 23:49:02,232 [INFO] PluginManager:220 - loadIPPluginJar : add spi
2024-09-24 23:49:02,318 [INFO] IPUIPlugin:80 - create IPUIPlugin
2024-09-24 23:49:02,318 [INFO] PluginManager:220 - loadIPPluginJar : add stm32_wpan
2024-09-24 23:49:02,352 [INFO] IPUIPlugin:80 - create IPUIPlugin
2024-09-24 23:49:02,352 [INFO] PluginManager:220 - loadIPPluginJar : add tim
2024-09-24 23:49:02,459 [INFO] ThirdPartyUpdaterWithRetryManager:70 - Updater plugin not ready yet. [2/15]
2024-09-24 23:49:02,461 [INFO] IPUIPlugin:80 - create IPUIPlugin
2024-09-24 23:49:02,461 [INFO] PluginManager:220 - loadIPPluginJar : add touchsensing
2024-09-24 23:49:02,495 [INFO] IPUIPlugin:80 - create IPUIPlugin
2024-09-24 23:49:02,495 [INFO] PluginManager:220 - loadIPPluginJar : add tracer_emb
2024-09-24 23:49:02,529 [INFO] IPUIPlugin:80 - create IPUIPlugin
2024-09-24 23:49:02,530 [INFO] PluginManager:220 - loadIPPluginJar : add ts
2024-09-24 23:49:02,560 [INFO] IPUIPlugin:80 - create IPUIPlugin
2024-09-24 23:49:02,560 [INFO] PluginManager:220 - loadIPPluginJar : add tsc
2024-09-24 23:49:02,590 [INFO] IPUIPlugin:80 - create IPUIPlugin
2024-09-24 23:49:02,590 [INFO] PluginManager:220 - loadIPPluginJar : add ucpd
2024-09-24 23:49:02,651 [INFO] IPUIPlugin:80 - create IPUIPlugin
2024-09-24 23:49:02,651 [INFO] PluginManager:220 - loadIPPluginJar : add usart
2024-09-24 23:49:02,708 [INFO] IPUIPlugin:80 - create IPUIPlugin
2024-09-24 23:49:02,708 [INFO] PluginManager:220 - loadIPPluginJar : add usbx
2024-09-24 23:49:02,869 [INFO] CADModel:165 - CPN selected for project level
2024-09-24 23:49:02,870 [INFO] CADModel:114 - Register for checkConnection events
2024-09-24 23:49:02,870 [FATAL] Updater:308 - Updater called before beeing initialized
2024-09-24 23:49:02,871 [ERROR] CADModel:125 - Updater not yet initialized, retry later 
2024-09-24 23:49:03,142 [INFO] CADModel:165 - CPN selected for project level
2024-09-24 23:49:03,142 [INFO] CADModel:114 - Register for checkConnection events
2024-09-24 23:49:03,143 [FATAL] Updater:308 - Updater called before beeing initialized
2024-09-24 23:49:03,143 [ERROR] CADModel:125 - Updater not yet initialized, retry later 
2024-09-24 23:49:03,148 [FATAL] Updater:308 - Updater called before beeing initialized
2024-09-24 23:49:03,314 [FATAL] Updater:308 - Updater called before beeing initialized
2024-09-24 23:49:03,332 [INFO] DbMcusAds:53 - JSON generation date=Thu May 16 05:22:00 EDT 2024 (1715851320667)
2024-09-24 23:49:03,332 [FATAL] Updater:308 - Updater called before beeing initialized
2024-09-24 23:49:03,461 [WARN] DetailPanel:346 - Failed to get advertising image, set to default
2024-09-24 23:49:03,595 [FATAL] Updater:308 - Updater called before beeing initialized
2024-09-24 23:49:03,598 [FATAL] Updater:308 - Updater called before beeing initialized
2024-09-24 23:49:03,598 [FATAL] Updater:308 - Updater called before beeing initialized
2024-09-24 23:49:03,598 [WARN] DetailPanel:346 - Failed to get advertising image, set to default
2024-09-24 23:49:03,599 [FATAL] Updater:308 - Updater called before beeing initialized
2024-09-24 23:49:03,697 [ERROR] Updater:1120 - MainUpdater not yet initialized. External WinMGr cannot be set.
2024-09-24 23:49:03,712 [INFO] Updater:1056 - Updater Version found : 6.10.0
2024-09-24 23:49:03,743 [INFO] ApplicationProperties:184 - Using Application install path: C:\ST\STM32CubeIDE_1.14.1\STM32CubeIDE\plugins\com.st.stm32cube.common.mx_6.10.0.202311202037
2024-09-24 23:49:05,358 [ERROR] LogOutputStream:75 - [STDERR_REDIRECT] Sep 24, 2024 11:49:05 PM java.util.prefs.WindowsPreferences <init>
2024-09-24 23:49:05,363 [ERROR] LogOutputStream:75 - [STDERR_REDIRECT] WARNING: Could not open/create prefs root node Software\JavaSoft\Prefs at root 0xffffffff80000002. Windows RegCreateKeyEx(...) returned error code 5.
2024-09-24 23:49:05,364 [ERROR] LogOutputStream:75 - [STDERR_REDIRECT] 
2024-09-24 23:49:05,463 [INFO] ThirdPartyUpdaterWithRetryManager:70 - Updater plugin not ready yet. [3/15]
2024-09-24 23:49:05,851 [INFO] MainUpdater:2873 - connection check result : 10
2024-09-24 23:49:05,853 [INFO] MainUpdater:290 - Updater Check For Update Now.
2024-09-24 23:49:05,853 [INFO] MicroXplorer:498 - Change Database Version : DB.6.0.100
2024-09-24 23:49:05,917 [INFO] McuFinderGlobals:63 - Set McuFinder mode to 2 (CubeIDE integrated)
2024-09-24 23:49:06,182 [INFO] CheckServerUpdateThread:120 - End of CheckServer Thread
2024-09-24 23:49:06,301 [INFO] UserAuth:404 - Internet connection configuration mode: 1
2024-09-24 23:49:06,336 [INFO] JxBrowserEngine:152 - Initiate JxBrowser Engine with user profile folder
2024-09-24 23:49:08,739 [WARN] PackLoader:240 - Cannot read IP mode file for STMicroelectronics.FP-SNS-MOTENVWB1.1.4.0
2024-09-24 23:49:08,770 [WARN] PackLoader:240 - Cannot read IP mode file for STMicroelectronics.X-CUBE-SMBUS.2.1.0
2024-09-24 23:49:08,792 [WARN] PackLoader:240 - Cannot read IP mode file for STMicroelectronics.X-CUBE-TOUCHGFX.4.23.1
2024-09-24 23:49:08,813 [WARN] PackLoader:240 - Cannot read IP mode file for STMicroelectronics.X-CUBE-TOUCHGFX.4.23.0
2024-09-24 23:49:08,830 [WARN] PackLoader:240 - Cannot read IP mode file for STMicroelectronics.X-CUBE-TOUCHGFX.4.23.2
2024-09-24 23:49:08,893 [WARN] PackLoader:240 - Cannot read IP mode file for STMicroelectronics.X-CUBE-AZRTOS-F7.1.1.0
2024-09-24 23:49:08,926 [WARN] PackLoader:240 - Cannot read IP mode file for STMicroelectronics.FP-SNS-MOTENV1.4.3.2
2024-09-24 23:49:09,069 [WARN] PackLoader:240 - Cannot read IP mode file for STMicroelectronics.X-CUBE-MEMS1.11.0.0
2024-09-24 23:49:09,299 [WARN] PackLoader:240 - Cannot read IP mode file for STMicroelectronics.FP-SNS-FLIGHT1.5.0.2
2024-09-24 23:49:09,334 [WARN] PackLoader:240 - Cannot read IP mode file for STMicroelectronics.X-CUBE-DISPLAY.3.0.0
2024-09-24 23:49:09,361 [WARN] PackLoader:240 - Cannot read IP mode file for STMicroelectronics.X-CUBE-BLE1.7.0.0
2024-09-24 23:49:09,384 [WARN] PackLoader:240 - Cannot read IP mode file for emotas.I-CUBE-CANOPEN.1.3.0
2024-09-24 23:49:09,412 [WARN] PackLoader:240 - Cannot read IP mode file for STMicroelectronics.X-CUBE-BLEMGR.3.1.0
2024-09-24 23:49:09,444 [WARN] PackLoader:240 - Cannot read IP mode file for STMicroelectronics.FP-SNS-SMARTAG2.1.2.0
2024-09-24 23:49:09,499 [INFO] LogOutputStream:77 - [STDOUT_REDIRECT] 1 : Invalid condition id : UX_CORESTACK_Condition cause : null
2024-09-24 23:49:09,500 [INFO] LogOutputStream:77 - [STDOUT_REDIRECT] 1 : Invalid condition id : UX_CORESTACK_Condition cause : null
2024-09-24 23:49:09,503 [INFO] LogOutputStream:77 - [STDOUT_REDIRECT] 1 : Invalid condition id : UX_CORESTACK_Condition cause : null
2024-09-24 23:49:09,504 [INFO] LogOutputStream:77 - [STDOUT_REDIRECT] 1 : Invalid condition id : UX_CORESTACK_Condition cause : null
2024-09-24 23:49:09,506 [INFO] LogOutputStream:77 - [STDOUT_REDIRECT] 1 : Invalid condition id : UX_CORESTACK_Condition cause : null
2024-09-24 23:49:09,512 [WARN] PackLoader:240 - Cannot read IP mode file for STMicroelectronics.X-CUBE-AZRTOS-WL.2.0.0
2024-09-24 23:49:09,537 [WARN] PackLoader:240 - Cannot read IP mode file for STMicroelectronics.FP-SNS-MOTENV1.5.0.0
2024-09-24 23:49:09,560 [WARN] PackLoader:240 - Cannot read IP mode file for wolfSSL.I-CUBE-wolfMQTT.1.19.0
2024-09-24 23:49:09,591 [WARN] PackLoader:240 - Cannot read IP mode file for WES.I-CUBE-Cesium.1.3.0
2024-09-24 23:49:09,617 [WARN] PackLoader:240 - Cannot read IP mode file for STMicroelectronics.X-CUBE-BLE2.3.3.0
2024-09-24 23:49:09,637 [WARN] PackLoader:240 - Cannot read IP mode file for STMicroelectronics.X-CUBE-TCPP.4.1.0
2024-09-24 23:49:09,666 [WARN] PackLoader:240 - Cannot read IP mode file for STMicroelectronics.X-CUBE-ALGOBUILD.1.3.0
2024-09-24 23:49:09,731 [WARN] PackLoader:240 - Cannot read IP mode file for STMicroelectronics.X-CUBE-AZRTOS-G0.1.1.0
2024-09-24 23:49:09,944 [WARN] PackLoader:240 - Cannot read IP mode file for STMicroelectronics.X-CUBE-SAFEA1.1.2.2
2024-09-24 23:49:10,035 [WARN] PackLoader:240 - Cannot read IP mode file for STMicroelectronics.X-CUBE-NFC4.3.0.0
2024-09-24 23:49:10,065 [WARN] PackLoader:240 - Cannot read IP mode file for wolfSSL.I-CUBE-wolfMQTT.1.18.0
2024-09-24 23:49:10,096 [WARN] PackLoader:240 - Cannot read IP mode file for EmbeddedOffice.I-CUBE-FS-RTOS.1.0.1
2024-09-24 23:49:10,097 [ERROR] ConditionMgr:805 - Attr not supported : Dmpu
2024-09-24 23:49:10,097 [ERROR] ConditionMgr:805 - Attr not supported : Dmpu
2024-09-24 23:49:10,097 [ERROR] ConditionMgr:805 - Attr not supported : Dmpu
2024-09-24 23:49:10,097 [ERROR] ConditionMgr:805 - Attr not supported : Dmpu
2024-09-24 23:49:10,097 [ERROR] ConditionMgr:805 - Attr not supported : Dmpu
2024-09-24 23:49:10,097 [ERROR] ConditionMgr:805 - Attr not supported : Dmpu
2024-09-24 23:49:10,098 [ERROR] ConditionMgr:805 - Attr not supported : Dmpu
2024-09-24 23:49:10,098 [ERROR] ConditionMgr:805 - Attr not supported : Dmpu
2024-09-24 23:49:10,098 [ERROR] ConditionMgr:805 - Attr not supported : Dmpu
2024-09-24 23:49:10,098 [ERROR] ConditionMgr:805 - Attr not supported : Dmpu
2024-09-24 23:49:10,098 [ERROR] ConditionMgr:805 - Attr not supported : Dmpu
2024-09-24 23:49:10,098 [ERROR] ConditionMgr:805 - Attr not supported : Dmpu
2024-09-24 23:49:10,098 [ERROR] ConditionMgr:805 - Attr not supported : Dmpu
2024-09-24 23:49:10,098 [ERROR] ConditionMgr:805 - Attr not supported : Dmpu
2024-09-24 23:49:10,098 [ERROR] ConditionMgr:805 - Attr not supported : Dmpu
2024-09-24 23:49:10,098 [ERROR] ConditionMgr:805 - Attr not supported : Dmpu
2024-09-24 23:49:10,099 [ERROR] ConditionMgr:805 - Attr not supported : Dmpu
2024-09-24 23:49:10,099 [ERROR] ConditionMgr:805 - Attr not supported : Dmpu
2024-09-24 23:49:10,099 [ERROR] ConditionMgr:805 - Attr not supported : Dmpu
2024-09-24 23:49:10,099 [ERROR] ConditionMgr:805 - Attr not supported : Dmpu
2024-09-24 23:49:10,099 [ERROR] ConditionMgr:805 - Attr not supported : Dmpu
2024-09-24 23:49:10,099 [ERROR] ConditionMgr:805 - Attr not supported : Dmpu
2024-09-24 23:49:10,099 [ERROR] ConditionMgr:805 - Attr not supported : Dmpu
2024-09-24 23:49:10,099 [ERROR] ConditionMgr:805 - Attr not supported : Dmpu
2024-09-24 23:49:10,100 [ERROR] ConditionMgr:805 - Attr not supported : Dmpu
2024-09-24 23:49:10,100 [ERROR] ConditionMgr:805 - Attr not supported : Dmpu
2024-09-24 23:49:10,100 [ERROR] ConditionMgr:805 - Attr not supported : Dmpu
2024-09-24 23:49:10,100 [ERROR] ConditionMgr:805 - Attr not supported : Dmpu
2024-09-24 23:49:10,100 [ERROR] ConditionMgr:805 - Attr not supported : Dmpu
2024-09-24 23:49:10,100 [ERROR] ConditionMgr:805 - Attr not supported : Dmpu
2024-09-24 23:49:10,100 [ERROR] ConditionMgr:805 - Attr not supported : Dmpu
2024-09-24 23:49:10,100 [ERROR] ConditionMgr:805 - Attr not supported : Dmpu
2024-09-24 23:49:10,100 [ERROR] ConditionMgr:805 - Attr not supported : Dmpu
2024-09-24 23:49:10,100 [ERROR] ConditionMgr:805 - Attr not supported : Dmpu
2024-09-24 23:49:10,101 [ERROR] ConditionMgr:805 - Attr not supported : Dmpu
2024-09-24 23:49:10,101 [ERROR] ConditionMgr:805 - Attr not supported : Dmpu
2024-09-24 23:49:10,101 [ERROR] ConditionMgr:805 - Attr not supported : Dmpu
2024-09-24 23:49:10,101 [ERROR] ConditionMgr:805 - Attr not supported : Dmpu
2024-09-24 23:49:10,102 [ERROR] ConditionMgr:805 - Attr not supported : Dmpu
2024-09-24 23:49:10,102 [ERROR] ConditionMgr:805 - Attr not supported : Dmpu
2024-09-24 23:49:10,102 [ERROR] ConditionMgr:805 - Attr not supported : Dmpu
2024-09-24 23:49:10,102 [ERROR] ConditionMgr:805 - Attr not supported : Dmpu
2024-09-24 23:49:10,102 [ERROR] ConditionMgr:805 - Attr not supported : Dmpu
2024-09-24 23:49:10,102 [ERROR] ConditionMgr:805 - Attr not supported : Dmpu
2024-09-24 23:49:10,102 [ERROR] ConditionMgr:805 - Attr not supported : Dmpu
2024-09-24 23:49:10,103 [ERROR] ConditionMgr:805 - Attr not supported : Dmpu
2024-09-24 23:49:10,103 [ERROR] ConditionMgr:805 - Attr not supported : Dmpu
2024-09-24 23:49:10,103 [ERROR] ConditionMgr:805 - Attr not supported : Dmpu
2024-09-24 23:49:10,103 [ERROR] ConditionMgr:805 - Attr not supported : Dmpu
2024-09-24 23:49:10,103 [ERROR] ConditionMgr:805 - Attr not supported : Dmpu
2024-09-24 23:49:10,103 [ERROR] ConditionMgr:805 - Attr not supported : Dmpu
2024-09-24 23:49:10,103 [ERROR] ConditionMgr:805 - Attr not supported : Dmpu
2024-09-24 23:49:10,103 [ERROR] ConditionMgr:805 - Attr not supported : Dmpu
2024-09-24 23:49:10,104 [ERROR] ConditionMgr:805 - Attr not supported : Dmpu
2024-09-24 23:49:10,104 [ERROR] ConditionMgr:805 - Attr not supported : Dmpu
2024-09-24 23:49:10,104 [ERROR] ConditionMgr:805 - Attr not supported : Dmpu
2024-09-24 23:49:10,104 [ERROR] ConditionMgr:805 - Attr not supported : Dmpu
2024-09-24 23:49:10,104 [ERROR] ConditionMgr:805 - Attr not supported : Dmpu
2024-09-24 23:49:10,104 [ERROR] ConditionMgr:805 - Attr not supported : Dmpu
2024-09-24 23:49:10,104 [ERROR] ConditionMgr:805 - Attr not supported : Dmpu
2024-09-24 23:49:10,104 [ERROR] ConditionMgr:805 - Attr not supported : Dmpu
2024-09-24 23:49:10,105 [ERROR] ConditionMgr:805 - Attr not supported : Dmpu
2024-09-24 23:49:10,105 [ERROR] ConditionMgr:805 - Attr not supported : Dmpu
2024-09-24 23:49:10,105 [ERROR] ConditionMgr:805 - Attr not supported : Dmpu
2024-09-24 23:49:10,219 [INFO] WebApp:161 - Instantiating new browser for Auth
2024-09-24 23:49:10,220 [WARN] PackLoader:240 - Cannot read IP mode file for STMicroelectronics.X-CUBE-BLEMGR.3.0.0
2024-09-24 23:49:10,258 [WARN] PackLoader:240 - Cannot read IP mode file for RealThread.X-CUBE-RT-Thread_Nano.4.1.1
2024-09-24 23:49:10,285 [WARN] PackLoader:240 - Cannot read IP mode file for STMicroelectronics.FP-ATR-SIGFOX1.3.2.0
2024-09-24 23:49:10,316 [WARN] PackLoader:240 - Cannot read IP mode file for STMicroelectronics.X-CUBE-EEPRMA1.5.1.0
2024-09-24 23:49:10,413 [WARN] PackLoader:240 - Cannot read IP mode file for SEGGER.I-CUBE-embOS.1.3.1
2024-09-24 23:49:10,568 [WARN] PackLoader:240 - Cannot read IP mode file for STMicroelectronics.X-CUBE-ALGOBUILD.1.4.0
2024-09-24 23:49:10,597 [WARN] PackLoader:240 - Cannot read IP mode file for STMicroelectronics.X-CUBE-GNSS1.6.0.0
2024-09-24 23:49:10,657 [WARN] PackLoader:240 - Cannot read IP mode file for STMicroelectronics.X-CUBE-AZRTOS-F4.1.1.0
2024-09-24 23:49:10,681 [WARN] PackLoader:240 - Cannot read IP mode file for STMicroelectronics.X-CUBE-ISPU.2.1.0
2024-09-24 23:49:10,700 [WARN] PackLoader:240 - Cannot read IP mode file for STMicroelectronics.X-CUBE-FREERTOS.1.2.0
2024-09-24 23:49:10,719 [WARN] PackLoader:240 - Cannot read IP mode file for wolfSSL.I-CUBE-wolfSSL.5.6.6
2024-09-24 23:49:10,769 [WARN] PackLoader:240 - Cannot read IP mode file for STMicroelectronics.X-CUBE-AZRTOS-L5.2.0.0
2024-09-24 23:49:10,799 [WARN] PackLoader:240 - Cannot read IP mode file for STMicroelectronics.X-CUBE-NFC6.3.1.0
2024-09-24 23:49:10,825 [WARN] PackLoader:240 - Cannot read IP mode file for ITTIA_DB.I-CUBE-ITTIADB.8.8.0
2024-09-24 23:49:10,845 [WARN] PackLoader:240 - Cannot read IP mode file for STMicroelectronics.X-CUBE-DPower.1.2.0
2024-09-24 23:49:10,862 [WARN] PackLoader:240 - Cannot read IP mode file for STMicroelectronics.X-CUBE-AI.9.0.0
2024-09-24 23:49:10,883 [WARN] PackLoader:240 - Cannot read IP mode file for STMicroelectronics.X-CUBE-NFC7.1.0.1
2024-09-24 23:49:10,904 [WARN] PackLoader:240 - Cannot read IP mode file for STMicroelectronics.X-CUBE-NFC6.3.0.0
2024-09-24 23:49:10,929 [WARN] PackLoader:240 - Cannot read IP mode file for STMicroelectronics.X-CUBE-AI.8.1.0
2024-09-24 23:49:10,980 [WARN] ConditionMgr:438 - getConditionDescription Invalid condition id : LAN8742 Phy interface Condition cause : null
2024-09-24 23:49:10,981 [WARN] PackLoader:240 - Cannot read IP mode file for STMicroelectronics.X-CUBE-AZRTOS-L4.2.0.0
2024-09-24 23:49:10,983 [WARN] ConditionMgr:1039 - genDependencies : Invalid condition id : LAN8742 Phy interface Condition cause : null
2024-09-24 23:49:10,984 [WARN] ConditionMgr:1039 - genDependencies : Invalid condition id : LAN8742 Phy interface Condition cause : null
2024-09-24 23:49:10,985 [WARN] ConditionMgr:1039 - genDependencies : Invalid condition id : LAN8742 Phy interface Condition cause : null
2024-09-24 23:49:11,015 [WARN] PackLoader:240 - Cannot read IP mode file for STMicroelectronics.X-CUBE-SFXS2LP1.4.0.0
2024-09-24 23:49:11,079 [WARN] PackLoader:240 - Cannot read IP mode file for STMicroelectronics.X-CUBE-AZRTOS-H7.3.3.0
2024-09-24 23:49:11,131 [WARN] ConditionMgr:438 - getConditionDescription Invalid condition id : UX DEVICE CLASS RTOS Condition cause : null
2024-09-24 23:49:11,132 [WARN] ConditionMgr:438 - getConditionDescription Invalid condition id : UX DEVICE CLASS RTOS Condition cause : null
2024-09-24 23:49:11,135 [WARN] PackLoader:240 - Cannot read IP mode file for STMicroelectronics.X-CUBE-AZRTOS-WB.2.0.0
2024-09-24 23:49:11,136 [WARN] ConditionMgr:1039 - genDependencies : Invalid condition id : UX DEVICE CLASS RTOS Condition cause : null
2024-09-24 23:49:11,136 [WARN] ConditionMgr:1039 - genDependencies : Invalid condition id : UX DEVICE CLASS RTOS Condition cause : null
2024-09-24 23:49:11,137 [WARN] ConditionMgr:1039 - genDependencies : Invalid condition id : UX DEVICE CLASS RTOS Condition cause : null
2024-09-24 23:49:11,138 [WARN] ConditionMgr:1039 - genDependencies : Invalid condition id : UX DEVICE CLASS RTOS Condition cause : null
2024-09-24 23:49:11,138 [WARN] ConditionMgr:1039 - genDependencies : Invalid condition id : UX DEVICE CLASS RTOS Condition cause : null
2024-09-24 23:49:11,164 [WARN] PackLoader:240 - Cannot read IP mode file for STMicroelectronics.X-CUBE-GNSS1.7.0.0
2024-09-24 23:49:11,194 [WARN] PackLoader:240 - Cannot read IP mode file for STMicroelectronics.FP-SNS-STBOX1.2.0.0
2024-09-24 23:49:11,228 [WARN] PackLoader:240 - Cannot read IP mode file for STMicroelectronics.X-CUBE-SUBG2.5.0.0
2024-09-24 23:49:11,270 [WARN] PackLoader:240 - Cannot read IP mode file for STMicroelectronics.X-CUBE-AZRTOS-G4.2.0.0
2024-09-24 23:49:11,301 [WARN] PackLoader:240 - Cannot read IP mode file for Infineon.AIROC-Wi-Fi-Bluetooth-STM32.1.5.1
2024-09-24 23:49:11,323 [WARN] PackLoader:240 - Cannot read IP mode file for STMicroelectronics.FP-SNS-MOTENVWB1.1.3.1
2024-09-24 23:49:11,351 [WARN] PackLoader:240 - Cannot read IP mode file for STMicroelectronics.X-CUBE-ISPU.2.0.0
2024-09-24 23:49:11,378 [WARN] PackLoader:240 - Cannot read IP mode file for STMicroelectronics.X-CUBE-ALS.1.0.2
2024-09-24 23:49:11,511 [WARN] PackLoader:240 - Cannot read IP mode file for STMicroelectronics.X-CUBE-MEMS1.10.0.0
2024-09-24 23:49:11,525 [INFO] WebApp:780 - Register for checkConnection events
2024-09-24 23:49:11,525 [INFO] WebApp:414 - Apply proxy settings
2024-09-24 23:49:11,526 [INFO] WebApp:499 - Chromium requires no authentication
2024-09-24 23:49:11,542 [INFO] WebApp:442 - Direct internet connection detected
2024-09-24 23:49:11,681 [WARN] PackLoader:240 - Cannot read IP mode file for STMicroelectronics.X-CUBE-FREERTOS.1.1.0
2024-09-24 23:49:11,701 [WARN] PackLoader:240 - Cannot read IP mode file for STMicroelectronics.X-CUBE-TOUCHGFX.4.24.0
2024-09-24 23:49:11,733 [WARN] PackLoader:240 - Cannot read IP mode file for STMicroelectronics.X-CUBE-TOUCHGFX.4.24.1
2024-09-24 23:49:11,756 [WARN] PackLoader:240 - Cannot read IP mode file for wolfSSL.I-CUBE-wolfTPM.3.4.0
2024-09-24 23:49:11,780 [WARN] PackLoader:240 - Cannot read IP mode file for portGmbH.I-Cube-SoM-uGOAL.1.1.0
2024-09-24 23:49:11,799 [WARN] PackLoader:240 - Cannot read IP mode file for STMicroelectronics.X-CUBE-ALS.1.0.1
2024-09-24 23:49:11,860 [WARN] PackLoader:240 - Cannot read IP mode file for STMicroelectronics.X-CUBE-AZRTOS-H7RS.1.0.0
2024-09-24 23:49:11,885 [WARN] PackLoader:240 - Cannot read IP mode file for STMicroelectronics.FP-ATR-ASTRA1.2.0.0
2024-09-24 23:49:11,919 [WARN] PackLoader:240 - Cannot read IP mode file for STMicroelectronics.X-CUBE-TOF1.3.4.2
2024-09-24 23:49:11,932 [INFO] WebApp:192 - Starting web application
2024-09-24 23:49:11,932 [INFO] WebApp:544 - Web application path used C:\ST\STM32CubeIDE_1.14.1\STM32CubeIDE\plugins\com.st.stm32cube.common.mx_6.10.0.202311202037\db\plugins\mcufinder\reactClient1\index.html
2024-09-24 23:49:11,965 [WARN] PackLoader:240 - Cannot read IP mode file for STMicroelectronics.X-CUBE-TOF1.3.4.0
2024-09-24 23:49:12,016 [WARN] PackLoader:240 - Cannot read IP mode file for STMicroelectronics.X-CUBE-TOF1.3.4.1
2024-09-24 23:49:12,072 [WARN] PackLoader:240 - Cannot read IP mode file for STMicroelectronics.X-CUBE-AZRTOS-H7.3.2.0
2024-09-24 23:49:12,090 [WARN] PackLoader:240 - Cannot read IP mode file for wolfSSL.I-CUBE-wolfSSH.1.4.17
2024-09-24 23:49:12,091 [INFO] ThirdParty:978 - Integrity check success = true
2024-09-24 23:49:12,091 [INFO] IntegrityCheckThread:100 - exiting critical section [integrity check]
2024-09-24 23:49:12,091 [INFO] IntegrityCheckThread:103 - End integrity checks thread
2024-09-24 23:49:33,518 [ERROR] LogOutputStream:75 - [STDERR_REDIRECT] SLF4J: Failed to load class "org.slf4j.impl.StaticLoggerBinder".
2024-09-24 23:49:33,520 [ERROR] LogOutputStream:75 - [STDERR_REDIRECT] SLF4J: Defaulting to no-operation (NOP) logger implementation
2024-09-24 23:49:33,522 [ERROR] LogOutputStream:75 - [STDERR_REDIRECT] SLF4J: See http://www.slf4j.org/codes.html#StaticLoggerBinder for further details.
