2024-09-11 23:40:22,706 [INFO] Activator:176 - 


2024-09-11 23:40:22,714 [INFO] Activator:177 - !SESSION log4j initialized
2024-09-11 23:40:31,859 [INFO] LogOutputStream:77 - [STDOUT_REDIRECT] 
2024-09-11 23:40:35,298 [INFO] ApplicationProperties:184 - Using Application install path: C:\ST\STM32CubeIDE_1.14.1\STM32CubeIDE\plugins\com.st.stm32cube.common.mx_6.10.0.202311202037
2024-09-11 23:40:35,329 [INFO] DbMcusXml:78 - Set database path to: C:\ST\STM32CubeIDE_1.14.1\STM32CubeIDE\plugins\com.st.stm32cube.common.mx_6.10.0.202311202037\\db\/mcu/
2024-09-11 23:40:35,329 [INFO] ApiDb:274 - Set plugin database path to: C:\ST\STM32CubeIDE_1.14.1\STM32CubeIDE\plugins\com.st.stm32cube.common.mx_6.10.0.202311202037\\db\/plugins/boardmanager/
2024-09-11 23:40:35,331 [WARN] ApiDb:259 - Overriding images path with different value:  => C:\ST\STM32CubeIDE_1.14.1\STM32CubeIDE\plugins\com.st.stm32cube.common.mx_6.10.0.202311202037\\db\/plugins/mcufinder/images/
2024-09-11 23:40:35,340 [INFO] ApiDb:250 - Set database path to: C:\Users\ImadF\.stmcufinder\plugins\mcufinder//mcu/
2024-09-11 23:40:35,342 [INFO] DbMcusAds:125 - Set database path to: C:\Users\ImadF\.stmcufinder\plugins\mcufinder//mcu/
2024-09-11 23:40:35,344 [INFO] CrossReferenceDbSqlite:203 - Set database path to: C:\Users\ImadF\.stmcufinder\plugins\mcufinder//mcu/cs/
2024-09-11 23:40:35,536 [INFO] RulesReader:64 - Compatibility file has been processed (297 Rules)
2024-09-11 23:40:35,669 [INFO] DbMcusXml:78 - Set database path to: C:\ST\STM32CubeIDE_1.14.1\STM32CubeIDE\plugins\com.st.stm32cube.common.mx_6.10.0.202311202037\\db\/mcu/
2024-09-11 23:40:35,669 [INFO] ApiDb:274 - Set plugin database path to: C:\ST\STM32CubeIDE_1.14.1\STM32CubeIDE\plugins\com.st.stm32cube.common.mx_6.10.0.202311202037\\db\/plugins/boardmanager/
2024-09-11 23:40:35,670 [INFO] ApiDb:261 - Set plugin images path to: C:\ST\STM32CubeIDE_1.14.1\STM32CubeIDE\plugins\com.st.stm32cube.common.mx_6.10.0.202311202037\\db\/plugins/mcufinder/images/
2024-09-11 23:40:35,670 [WARN] DbFile:41 - Overriding database path with different value: C:\Users\ImadF\.stmcufinder\plugins\mcufinder/ => C:\Users\ImadF\.stmcufinder\plugins\mcufinder
2024-09-11 23:40:35,670 [INFO] ApiDb:250 - Set database path to: C:\Users\ImadF\.stmcufinder\plugins\mcufinder//mcu/
2024-09-11 23:40:35,670 [WARN] DbFile:41 - Overriding database path with different value: C:\Users\ImadF\.stmcufinder\plugins\mcufinder/ => C:\Users\ImadF\.stmcufinder\plugins\mcufinder
2024-09-11 23:40:35,670 [INFO] DbMcusAds:125 - Set database path to: C:\Users\ImadF\.stmcufinder\plugins\mcufinder//mcu/
2024-09-11 23:40:35,670 [WARN] DbFile:41 - Overriding database path with different value: C:\Users\ImadF\.stmcufinder\plugins\mcufinder/ => C:\Users\ImadF\.stmcufinder\plugins\mcufinder
2024-09-11 23:40:35,671 [WARN] DbFile:41 - Overriding database path with different value: C:\Users\ImadF\.stmcufinder\plugins\mcufinder/ => C:\Users\ImadF\.stmcufinder\plugins\mcufinder
2024-09-11 23:40:35,671 [INFO] CrossReferenceDbSqlite:203 - Set database path to: C:\Users\ImadF\.stmcufinder\plugins\mcufinder//mcu/cs/
2024-09-11 23:40:35,809 [INFO] MainPanel:264 - HeapMemory: 268435456
2024-09-11 23:40:35,963 [INFO] DbMcusXml:78 - Set database path to: C:\ST\STM32CubeIDE_1.14.1\STM32CubeIDE\plugins\com.st.stm32cube.common.mx_6.10.0.202311202037\\db\/mcu/
2024-09-11 23:40:35,963 [INFO] ApiDb:274 - Set plugin database path to: C:\ST\STM32CubeIDE_1.14.1\STM32CubeIDE\plugins\com.st.stm32cube.common.mx_6.10.0.202311202037\\db\/plugins/boardmanager/
2024-09-11 23:40:35,963 [INFO] ApiDb:261 - Set plugin images path to: C:\ST\STM32CubeIDE_1.14.1\STM32CubeIDE\plugins\com.st.stm32cube.common.mx_6.10.0.202311202037\\db\/plugins/mcufinder/images/
2024-09-11 23:40:35,964 [WARN] DbFile:41 - Overriding database path with different value: C:\Users\ImadF\.stmcufinder\plugins\mcufinder/ => C:\Users\ImadF\.stmcufinder\plugins\mcufinder
2024-09-11 23:40:35,964 [INFO] ApiDb:250 - Set database path to: C:\Users\ImadF\.stmcufinder\plugins\mcufinder//mcu/
2024-09-11 23:40:35,964 [WARN] DbFile:41 - Overriding database path with different value: C:\Users\ImadF\.stmcufinder\plugins\mcufinder/ => C:\Users\ImadF\.stmcufinder\plugins\mcufinder
2024-09-11 23:40:35,964 [INFO] DbMcusAds:125 - Set database path to: C:\Users\ImadF\.stmcufinder\plugins\mcufinder//mcu/
2024-09-11 23:40:35,964 [WARN] DbFile:41 - Overriding database path with different value: C:\Users\ImadF\.stmcufinder\plugins\mcufinder/ => C:\Users\ImadF\.stmcufinder\plugins\mcufinder
2024-09-11 23:40:35,964 [WARN] DbFile:41 - Overriding database path with different value: C:\Users\ImadF\.stmcufinder\plugins\mcufinder/ => C:\Users\ImadF\.stmcufinder\plugins\mcufinder
2024-09-11 23:40:35,964 [INFO] CrossReferenceDbSqlite:203 - Set database path to: C:\Users\ImadF\.stmcufinder\plugins\mcufinder//mcu/cs/
2024-09-11 23:40:35,993 [INFO] ApplicationProperties:184 - Using Application install path: C:\ST\STM32CubeIDE_1.14.1\STM32CubeIDE\plugins\com.st.stm32cube.common.mx_6.10.0.202311202037
2024-09-11 23:40:35,996 [INFO] PluginManage:196 - Search for loadable plugins [exclusion list=, ]
2024-09-11 23:40:35,997 [INFO] PluginManage:310 - Check plugin analytics
2024-09-11 23:40:36,297 [INFO] AnalyticsPlugin:253 - Accepted Software Licenses: 
2024-09-11 23:40:36,297 [INFO] AnalyticsPlugin:255 - Accepted CMSIS Pack Licenses: 
2024-09-11 23:40:36,297 [INFO] AnalyticsPlugin:257 - Accepted Firmware Licenses: FW.F4.1.28.0
2024-09-11 23:40:36,307 [INFO] PluginManage:359 - Loaded plugin analytics (category:tool,tabindex:-1)
2024-09-11 23:40:36,308 [INFO] PluginManage:310 - Check plugin cadmodel
2024-09-11 23:40:36,333 [INFO] CADModel:105 - Init CAD model plugin
2024-09-11 23:40:36,333 [INFO] PluginManage:359 - Loaded plugin cadmodel (category:power,tabindex:5)
2024-09-11 23:40:36,334 [INFO] PluginManage:310 - Check plugin clock
2024-09-11 23:40:36,364 [INFO] PluginManage:359 - Loaded plugin clock (category:base,tabindex:2)
2024-09-11 23:40:36,365 [INFO] PluginManage:310 - Check plugin ddr
2024-09-11 23:40:36,369 [INFO] PluginManage:359 - Loaded plugin ddr (category:tool,tabindex:6)
2024-09-11 23:40:36,370 [INFO] PluginManage:310 - Check plugin filemanager
2024-09-11 23:40:36,596 [INFO] PluginManage:359 - Loaded plugin filemanager (category:base,tabindex:10)
2024-09-11 23:40:36,596 [INFO] PluginManage:310 - Check plugin ipmanager
2024-09-11 23:40:36,609 [INFO] PluginManage:359 - Loaded plugin ipmanager (category:base,tabindex:5)
2024-09-11 23:40:36,610 [INFO] PluginManage:310 - Check plugin lpbam
2024-09-11 23:40:36,638 [INFO] PluginManage:359 - Loaded plugin lpbam (category:base,tabindex:0)
2024-09-11 23:40:36,639 [INFO] PluginManage:310 - Check plugin memorymap
2024-09-11 23:40:36,676 [INFO] PluginManage:359 - Loaded plugin memorymap (category:base,tabindex:4)
2024-09-11 23:40:36,676 [INFO] PluginManage:310 - Check plugin pinoutandconfiguration
2024-09-11 23:40:36,704 [INFO] PluginManage:359 - Loaded plugin pinoutandconfiguration (category:base,tabindex:1)
2024-09-11 23:40:36,705 [INFO] PluginManage:310 - Check plugin pinoutconfig
2024-09-11 23:40:36,860 [WARN] SupportedApi:132 - Cannot load RTOS API schema: s4s-elt-must-match.1: The content of 'definitions' must match (annotation?, (simpleType | complexType)?, (unique | key | keyref)*)). A problem was found starting at: attribute.
2024-09-11 23:40:37,093 [INFO] PluginManage:359 - Loaded plugin pinoutconfig (category:base,tabindex:0)
2024-09-11 23:40:37,093 [INFO] PluginManage:310 - Check plugin power
2024-09-11 23:40:37,128 [INFO] PluginManage:359 - Loaded plugin power (category:power,tabindex:4)
2024-09-11 23:40:37,128 [INFO] PluginManage:310 - Check plugin projectmanager
2024-09-11 23:40:37,151 [INFO] PluginManage:359 - Loaded plugin projectmanager (category:projectmanager,tabindex:3)
2024-09-11 23:40:37,151 [INFO] PluginManage:310 - Check plugin thirdparty
2024-09-11 23:40:37,685 [INFO] PluginManage:359 - Loaded plugin thirdparty (category:base,tabindex:-1)
2024-09-11 23:40:37,686 [INFO] PluginManage:310 - Check plugin tools
2024-09-11 23:40:37,685 [WARN] IntegrityCheckThread:84 - waiting for thirdparty lock release [integrity check]
2024-09-11 23:40:37,686 [INFO] IntegrityCheckThread:86 - entering critical section [integrity check]
2024-09-11 23:40:37,686 [INFO] ThirdPartyUpdaterWithRetryManager:70 - Updater plugin not ready yet. [1/15]
2024-09-11 23:40:37,739 [INFO] PluginManage:359 - Loaded plugin tools (category:base,tabindex:7)
2024-09-11 23:40:37,739 [INFO] PluginManage:310 - Check plugin tutovideos
2024-09-11 23:40:38,050 [INFO] PluginManage:359 - Loaded plugin tutovideos (category:base,tabindex:-1)
2024-09-11 23:40:38,051 [INFO] PluginManage:310 - Check plugin updater
2024-09-11 23:40:38,069 [INFO] PluginManage:359 - Loaded plugin updater (category:base,tabindex:12)
2024-09-11 23:40:38,069 [INFO] PluginManage:310 - Check plugin userauth
2024-09-11 23:40:38,078 [INFO] UserAuth:114 - Init User Auth plugin
2024-09-11 23:40:38,079 [INFO] PluginManage:359 - Loaded plugin userauth (category:base,tabindex:14)
2024-09-11 23:40:38,079 [INFO] PluginManage:283 - PluginManage : Loaded plugins [17]
2024-09-11 23:40:38,430 [INFO] PinOutPanel:1499 - setPackage(No Configuration,No Configuration)
2024-09-11 23:40:38,544 [INFO] CADModel:165 - CPN selected for project level
2024-09-11 23:40:38,545 [INFO] CADModel:114 - Register for checkConnection events
2024-09-11 23:40:38,585 [INFO] IPUIPlugin:80 - create IPUIPlugin
2024-09-11 23:40:38,586 [INFO] PluginManager:220 - loadIPPluginJar : add adc
2024-09-11 23:40:38,639 [INFO] IPUIPlugin:80 - create IPUIPlugin
2024-09-11 23:40:38,639 [INFO] PluginManager:220 - loadIPPluginJar : add aes
2024-09-11 23:40:38,701 [INFO] IPUIPlugin:80 - create IPUIPlugin
2024-09-11 23:40:38,701 [INFO] PluginManager:220 - loadIPPluginJar : add can
2024-09-11 23:40:38,735 [INFO] IPUIPlugin:80 - create IPUIPlugin
2024-09-11 23:40:38,735 [INFO] PluginManager:220 - loadIPPluginJar : add comp
2024-09-11 23:40:38,785 [INFO] IPUIPlugin:80 - create IPUIPlugin
2024-09-11 23:40:38,785 [INFO] PluginManager:220 - loadIPPluginJar : add cryp
2024-09-11 23:40:38,831 [INFO] IPUIPlugin:80 - create IPUIPlugin
2024-09-11 23:40:38,832 [INFO] PluginManager:220 - loadIPPluginJar : add dfsdm
2024-09-11 23:40:38,855 [INFO] IPUIPlugin:80 - create IPUIPlugin
2024-09-11 23:40:38,856 [INFO] PluginManager:220 - loadIPPluginJar : add dma
2024-09-11 23:40:38,918 [INFO] IPUIPlugin:80 - create IPUIPlugin
2024-09-11 23:40:38,918 [INFO] PluginManager:220 - loadIPPluginJar : add dma3
2024-09-11 23:40:38,948 [INFO] IPUIPlugin:80 - create IPUIPlugin
2024-09-11 23:40:38,948 [INFO] PluginManager:220 - loadIPPluginJar : add fatfs
2024-09-11 23:40:39,015 [INFO] IPUIPlugin:80 - create IPUIPlugin
2024-09-11 23:40:39,015 [INFO] PluginManager:220 - loadIPPluginJar : add fmc
2024-09-11 23:40:39,040 [INFO] IPUIPlugin:80 - create IPUIPlugin
2024-09-11 23:40:39,040 [INFO] PluginManager:220 - loadIPPluginJar : add freertos
2024-09-11 23:40:39,071 [INFO] IPUIPlugin:80 - create IPUIPlugin
2024-09-11 23:40:39,071 [INFO] PluginManager:220 - loadIPPluginJar : add genericplugin
2024-09-11 23:40:39,204 [INFO] IPUIPlugin:80 - create IPUIPlugin
2024-09-11 23:40:39,204 [INFO] PluginManager:220 - loadIPPluginJar : add gfxmmu
2024-09-11 23:40:39,383 [INFO] IPUIPlugin:80 - create IPUIPlugin
2024-09-11 23:40:39,384 [INFO] PluginManager:220 - loadIPPluginJar : add gic
2024-09-11 23:40:39,406 [INFO] IPUIPlugin:80 - create IPUIPlugin
2024-09-11 23:40:39,406 [INFO] PluginManager:220 - loadIPPluginJar : add gpio
2024-09-11 23:40:39,599 [INFO] IPUIPlugin:80 - create IPUIPlugin
2024-09-11 23:40:39,600 [INFO] PluginManager:220 - loadIPPluginJar : add gtzc
2024-09-11 23:40:39,653 [INFO] IPUIPlugin:80 - create IPUIPlugin
2024-09-11 23:40:39,654 [INFO] PluginManager:220 - loadIPPluginJar : add hash
2024-09-11 23:40:39,736 [INFO] IPUIPlugin:80 - create IPUIPlugin
2024-09-11 23:40:39,736 [INFO] PluginManager:220 - loadIPPluginJar : add i2c
2024-09-11 23:40:39,811 [INFO] IPUIPlugin:80 - create IPUIPlugin
2024-09-11 23:40:39,811 [INFO] PluginManager:220 - loadIPPluginJar : add i2s
2024-09-11 23:40:39,891 [INFO] IPUIPlugin:80 - create IPUIPlugin
2024-09-11 23:40:39,891 [INFO] PluginManager:220 - loadIPPluginJar : add i3c
2024-09-11 23:40:40,064 [INFO] IPUIPlugin:80 - create IPUIPlugin
2024-09-11 23:40:40,065 [INFO] PluginManager:220 - loadIPPluginJar : add ipddr
2024-09-11 23:40:40,217 [INFO] IPUIPlugin:80 - create IPUIPlugin
2024-09-11 23:40:40,217 [INFO] PluginManager:220 - loadIPPluginJar : add linkedlist
2024-09-11 23:40:40,285 [INFO] IPUIPlugin:80 - create IPUIPlugin
2024-09-11 23:40:40,285 [INFO] PluginManager:220 - loadIPPluginJar : add lorawan
2024-09-11 23:40:40,342 [INFO] IPUIPlugin:80 - create IPUIPlugin
2024-09-11 23:40:40,343 [INFO] PluginManager:220 - loadIPPluginJar : add ltdc
2024-09-11 23:40:40,365 [INFO] IPUIPlugin:80 - create IPUIPlugin
2024-09-11 23:40:40,365 [INFO] PluginManager:220 - loadIPPluginJar : add mdma
2024-09-11 23:40:40,382 [INFO] IPUIPlugin:80 - create IPUIPlugin
2024-09-11 23:40:40,382 [INFO] PluginManager:220 - loadIPPluginJar : add nvic
2024-09-11 23:40:40,438 [INFO] IPUIPlugin:80 - create IPUIPlugin
2024-09-11 23:40:40,438 [INFO] PluginManager:220 - loadIPPluginJar : add opamp
2024-09-11 23:40:40,526 [INFO] IPUIPlugin:80 - create IPUIPlugin
2024-09-11 23:40:40,526 [INFO] PluginManager:220 - loadIPPluginJar : add openamp
2024-09-11 23:40:40,588 [INFO] IPUIPlugin:80 - create IPUIPlugin
2024-09-11 23:40:40,589 [INFO] PluginManager:220 - loadIPPluginJar : add pdm2pcm
2024-09-11 23:40:40,608 [INFO] IPUIPlugin:80 - create IPUIPlugin
2024-09-11 23:40:40,611 [INFO] PluginManager:220 - loadIPPluginJar : add plateformsettings
2024-09-11 23:40:40,681 [INFO] IPUIPlugin:80 - create IPUIPlugin
2024-09-11 23:40:40,681 [INFO] PluginManager:220 - loadIPPluginJar : add quadspi
2024-09-11 23:40:40,696 [INFO] ThirdPartyUpdaterWithRetryManager:70 - Updater plugin not ready yet. [2/15]
2024-09-11 23:40:40,701 [INFO] IPUIPlugin:80 - create IPUIPlugin
2024-09-11 23:40:40,701 [INFO] PluginManager:220 - loadIPPluginJar : add resmgrutility
2024-09-11 23:40:40,791 [INFO] IPUIPlugin:80 - create IPUIPlugin
2024-09-11 23:40:40,791 [INFO] PluginManager:220 - loadIPPluginJar : add sai
2024-09-11 23:40:40,871 [INFO] IPUIPlugin:80 - create IPUIPlugin
2024-09-11 23:40:40,871 [INFO] PluginManager:220 - loadIPPluginJar : add spi
2024-09-11 23:40:41,008 [INFO] IPUIPlugin:80 - create IPUIPlugin
2024-09-11 23:40:41,008 [INFO] PluginManager:220 - loadIPPluginJar : add stm32_wpan
2024-09-11 23:40:41,063 [INFO] IPUIPlugin:80 - create IPUIPlugin
2024-09-11 23:40:41,064 [INFO] PluginManager:220 - loadIPPluginJar : add tim
2024-09-11 23:40:41,185 [INFO] IPUIPlugin:80 - create IPUIPlugin
2024-09-11 23:40:41,185 [INFO] PluginManager:220 - loadIPPluginJar : add touchsensing
2024-09-11 23:40:41,219 [INFO] IPUIPlugin:80 - create IPUIPlugin
2024-09-11 23:40:41,219 [INFO] PluginManager:220 - loadIPPluginJar : add tracer_emb
2024-09-11 23:40:41,252 [INFO] IPUIPlugin:80 - create IPUIPlugin
2024-09-11 23:40:41,252 [INFO] PluginManager:220 - loadIPPluginJar : add ts
2024-09-11 23:40:41,283 [INFO] IPUIPlugin:80 - create IPUIPlugin
2024-09-11 23:40:41,284 [INFO] PluginManager:220 - loadIPPluginJar : add tsc
2024-09-11 23:40:41,314 [INFO] IPUIPlugin:80 - create IPUIPlugin
2024-09-11 23:40:41,314 [INFO] PluginManager:220 - loadIPPluginJar : add ucpd
2024-09-11 23:40:41,380 [INFO] IPUIPlugin:80 - create IPUIPlugin
2024-09-11 23:40:41,380 [INFO] PluginManager:220 - loadIPPluginJar : add usart
2024-09-11 23:40:41,438 [INFO] IPUIPlugin:80 - create IPUIPlugin
2024-09-11 23:40:41,439 [INFO] PluginManager:220 - loadIPPluginJar : add usbx
2024-09-11 23:40:41,588 [INFO] CADModel:165 - CPN selected for project level
2024-09-11 23:40:41,589 [INFO] CADModel:114 - Register for checkConnection events
2024-09-11 23:40:41,589 [FATAL] Updater:308 - Updater called before beeing initialized
2024-09-11 23:40:41,590 [ERROR] CADModel:125 - Updater not yet initialized, retry later 
2024-09-11 23:40:41,833 [INFO] CADModel:165 - CPN selected for project level
2024-09-11 23:40:41,833 [INFO] CADModel:114 - Register for checkConnection events
2024-09-11 23:40:41,833 [FATAL] Updater:308 - Updater called before beeing initialized
2024-09-11 23:40:41,833 [ERROR] CADModel:125 - Updater not yet initialized, retry later 
2024-09-11 23:40:41,837 [FATAL] Updater:308 - Updater called before beeing initialized
2024-09-11 23:40:42,022 [FATAL] Updater:308 - Updater called before beeing initialized
2024-09-11 23:40:42,037 [INFO] DbMcusAds:53 - JSON generation date=Thu May 16 05:22:00 EDT 2024 (1715851320667)
2024-09-11 23:40:42,037 [FATAL] Updater:308 - Updater called before beeing initialized
2024-09-11 23:40:42,163 [WARN] DetailPanel:346 - Failed to get advertising image, set to default
2024-09-11 23:40:42,298 [FATAL] Updater:308 - Updater called before beeing initialized
2024-09-11 23:40:42,302 [FATAL] Updater:308 - Updater called before beeing initialized
2024-09-11 23:40:42,302 [FATAL] Updater:308 - Updater called before beeing initialized
2024-09-11 23:40:42,302 [WARN] DetailPanel:346 - Failed to get advertising image, set to default
2024-09-11 23:40:42,303 [FATAL] Updater:308 - Updater called before beeing initialized
2024-09-11 23:40:42,412 [ERROR] Updater:1120 - MainUpdater not yet initialized. External WinMGr cannot be set.
2024-09-11 23:40:42,431 [INFO] Updater:1056 - Updater Version found : 6.10.0
2024-09-11 23:40:42,465 [INFO] ApplicationProperties:184 - Using Application install path: C:\ST\STM32CubeIDE_1.14.1\STM32CubeIDE\plugins\com.st.stm32cube.common.mx_6.10.0.202311202037
2024-09-11 23:40:43,709 [INFO] ThirdPartyUpdaterWithRetryManager:70 - Updater plugin not ready yet. [3/15]
2024-09-11 23:40:44,115 [ERROR] LogOutputStream:75 - [STDERR_REDIRECT] Sep 11, 2024 11:40:44 PM java.util.prefs.WindowsPreferences <init>
2024-09-11 23:40:44,121 [ERROR] LogOutputStream:75 - [STDERR_REDIRECT] WARNING: Could not open/create prefs root node Software\JavaSoft\Prefs at root 0xffffffff80000002. Windows RegCreateKeyEx(...) returned error code 5.
2024-09-11 23:40:44,122 [ERROR] LogOutputStream:75 - [STDERR_REDIRECT] 
2024-09-11 23:40:44,699 [INFO] MainUpdater:2873 - connection check result : 10
2024-09-11 23:40:44,702 [INFO] MainUpdater:290 - Updater Check For Update Now.
2024-09-11 23:40:44,702 [INFO] MicroXplorer:498 - Change Database Version : DB.6.0.100
2024-09-11 23:40:44,754 [INFO] McuFinderGlobals:63 - Set McuFinder mode to 2 (CubeIDE integrated)
2024-09-11 23:40:45,028 [INFO] CheckServerUpdateThread:120 - End of CheckServer Thread
2024-09-11 23:40:45,213 [INFO] UserAuth:404 - Internet connection configuration mode: 1
2024-09-11 23:40:45,271 [INFO] JxBrowserEngine:152 - Initiate JxBrowser Engine with user profile folder
2024-09-11 23:40:46,983 [WARN] PackLoader:240 - Cannot read IP mode file for STMicroelectronics.FP-SNS-MOTENVWB1.1.4.0
2024-09-11 23:40:47,012 [WARN] PackLoader:240 - Cannot read IP mode file for STMicroelectronics.X-CUBE-SMBUS.2.1.0
2024-09-11 23:40:47,033 [WARN] PackLoader:240 - Cannot read IP mode file for STMicroelectronics.X-CUBE-TOUCHGFX.4.23.1
2024-09-11 23:40:47,056 [WARN] PackLoader:240 - Cannot read IP mode file for STMicroelectronics.X-CUBE-TOUCHGFX.4.23.0
2024-09-11 23:40:47,077 [WARN] PackLoader:240 - Cannot read IP mode file for STMicroelectronics.X-CUBE-TOUCHGFX.4.23.2
2024-09-11 23:40:47,153 [WARN] PackLoader:240 - Cannot read IP mode file for STMicroelectronics.X-CUBE-AZRTOS-F7.1.1.0
2024-09-11 23:40:47,187 [WARN] PackLoader:240 - Cannot read IP mode file for STMicroelectronics.FP-SNS-MOTENV1.4.3.2
2024-09-11 23:40:47,301 [WARN] PackLoader:240 - Cannot read IP mode file for STMicroelectronics.X-CUBE-MEMS1.11.0.0
2024-09-11 23:40:47,533 [WARN] PackLoader:240 - Cannot read IP mode file for STMicroelectronics.FP-SNS-FLIGHT1.5.0.2
2024-09-11 23:40:47,558 [WARN] PackLoader:240 - Cannot read IP mode file for STMicroelectronics.X-CUBE-DISPLAY.3.0.0
2024-09-11 23:40:47,585 [WARN] PackLoader:240 - Cannot read IP mode file for STMicroelectronics.X-CUBE-BLE1.7.0.0
2024-09-11 23:40:47,603 [WARN] PackLoader:240 - Cannot read IP mode file for emotas.I-CUBE-CANOPEN.1.3.0
2024-09-11 23:40:47,635 [WARN] PackLoader:240 - Cannot read IP mode file for STMicroelectronics.X-CUBE-BLEMGR.3.1.0
2024-09-11 23:40:47,658 [WARN] PackLoader:240 - Cannot read IP mode file for STMicroelectronics.FP-SNS-SMARTAG2.1.2.0
2024-09-11 23:40:47,695 [INFO] LogOutputStream:77 - [STDOUT_REDIRECT] 1 : Invalid condition id : UX_CORESTACK_Condition cause : null
2024-09-11 23:40:47,696 [INFO] LogOutputStream:77 - [STDOUT_REDIRECT] 1 : Invalid condition id : UX_CORESTACK_Condition cause : null
2024-09-11 23:40:47,698 [INFO] LogOutputStream:77 - [STDOUT_REDIRECT] 1 : Invalid condition id : UX_CORESTACK_Condition cause : null
2024-09-11 23:40:47,699 [INFO] LogOutputStream:77 - [STDOUT_REDIRECT] 1 : Invalid condition id : UX_CORESTACK_Condition cause : null
2024-09-11 23:40:47,701 [INFO] LogOutputStream:77 - [STDOUT_REDIRECT] 1 : Invalid condition id : UX_CORESTACK_Condition cause : null
2024-09-11 23:40:47,705 [WARN] PackLoader:240 - Cannot read IP mode file for STMicroelectronics.X-CUBE-AZRTOS-WL.2.0.0
2024-09-11 23:40:47,730 [WARN] PackLoader:240 - Cannot read IP mode file for STMicroelectronics.FP-SNS-MOTENV1.5.0.0
2024-09-11 23:40:47,752 [WARN] PackLoader:240 - Cannot read IP mode file for wolfSSL.I-CUBE-wolfMQTT.1.19.0
2024-09-11 23:40:47,776 [WARN] PackLoader:240 - Cannot read IP mode file for WES.I-CUBE-Cesium.1.3.0
2024-09-11 23:40:47,800 [WARN] PackLoader:240 - Cannot read IP mode file for STMicroelectronics.X-CUBE-BLE2.3.3.0
2024-09-11 23:40:47,821 [WARN] PackLoader:240 - Cannot read IP mode file for STMicroelectronics.X-CUBE-TCPP.4.1.0
2024-09-11 23:40:47,850 [WARN] PackLoader:240 - Cannot read IP mode file for STMicroelectronics.X-CUBE-ALGOBUILD.1.3.0
2024-09-11 23:40:47,907 [WARN] PackLoader:240 - Cannot read IP mode file for STMicroelectronics.X-CUBE-AZRTOS-G0.1.1.0
2024-09-11 23:40:47,943 [WARN] PackLoader:240 - Cannot read IP mode file for STMicroelectronics.X-CUBE-SAFEA1.1.2.2
2024-09-11 23:40:47,984 [WARN] PackLoader:240 - Cannot read IP mode file for STMicroelectronics.X-CUBE-NFC4.3.0.0
2024-09-11 23:40:48,008 [WARN] PackLoader:240 - Cannot read IP mode file for wolfSSL.I-CUBE-wolfMQTT.1.18.0
2024-09-11 23:40:48,037 [WARN] PackLoader:240 - Cannot read IP mode file for EmbeddedOffice.I-CUBE-FS-RTOS.1.0.1
2024-09-11 23:40:48,037 [ERROR] ConditionMgr:805 - Attr not supported : Dmpu
2024-09-11 23:40:48,037 [ERROR] ConditionMgr:805 - Attr not supported : Dmpu
2024-09-11 23:40:48,037 [ERROR] ConditionMgr:805 - Attr not supported : Dmpu
2024-09-11 23:40:48,038 [ERROR] ConditionMgr:805 - Attr not supported : Dmpu
2024-09-11 23:40:48,038 [ERROR] ConditionMgr:805 - Attr not supported : Dmpu
2024-09-11 23:40:48,038 [ERROR] ConditionMgr:805 - Attr not supported : Dmpu
2024-09-11 23:40:48,038 [ERROR] ConditionMgr:805 - Attr not supported : Dmpu
2024-09-11 23:40:48,038 [ERROR] ConditionMgr:805 - Attr not supported : Dmpu
2024-09-11 23:40:48,038 [ERROR] ConditionMgr:805 - Attr not supported : Dmpu
2024-09-11 23:40:48,038 [ERROR] ConditionMgr:805 - Attr not supported : Dmpu
2024-09-11 23:40:48,038 [ERROR] ConditionMgr:805 - Attr not supported : Dmpu
2024-09-11 23:40:48,038 [ERROR] ConditionMgr:805 - Attr not supported : Dmpu
2024-09-11 23:40:48,038 [ERROR] ConditionMgr:805 - Attr not supported : Dmpu
2024-09-11 23:40:48,039 [ERROR] ConditionMgr:805 - Attr not supported : Dmpu
2024-09-11 23:40:48,039 [ERROR] ConditionMgr:805 - Attr not supported : Dmpu
2024-09-11 23:40:48,039 [ERROR] ConditionMgr:805 - Attr not supported : Dmpu
2024-09-11 23:40:48,039 [ERROR] ConditionMgr:805 - Attr not supported : Dmpu
2024-09-11 23:40:48,039 [ERROR] ConditionMgr:805 - Attr not supported : Dmpu
2024-09-11 23:40:48,039 [ERROR] ConditionMgr:805 - Attr not supported : Dmpu
2024-09-11 23:40:48,039 [ERROR] ConditionMgr:805 - Attr not supported : Dmpu
2024-09-11 23:40:48,039 [ERROR] ConditionMgr:805 - Attr not supported : Dmpu
2024-09-11 23:40:48,039 [ERROR] ConditionMgr:805 - Attr not supported : Dmpu
2024-09-11 23:40:48,039 [ERROR] ConditionMgr:805 - Attr not supported : Dmpu
2024-09-11 23:40:48,040 [ERROR] ConditionMgr:805 - Attr not supported : Dmpu
2024-09-11 23:40:48,040 [ERROR] ConditionMgr:805 - Attr not supported : Dmpu
2024-09-11 23:40:48,040 [ERROR] ConditionMgr:805 - Attr not supported : Dmpu
2024-09-11 23:40:48,040 [ERROR] ConditionMgr:805 - Attr not supported : Dmpu
2024-09-11 23:40:48,040 [ERROR] ConditionMgr:805 - Attr not supported : Dmpu
2024-09-11 23:40:48,040 [ERROR] ConditionMgr:805 - Attr not supported : Dmpu
2024-09-11 23:40:48,040 [ERROR] ConditionMgr:805 - Attr not supported : Dmpu
2024-09-11 23:40:48,040 [ERROR] ConditionMgr:805 - Attr not supported : Dmpu
2024-09-11 23:40:48,040 [ERROR] ConditionMgr:805 - Attr not supported : Dmpu
2024-09-11 23:40:48,040 [ERROR] ConditionMgr:805 - Attr not supported : Dmpu
2024-09-11 23:40:48,040 [ERROR] ConditionMgr:805 - Attr not supported : Dmpu
2024-09-11 23:40:48,041 [ERROR] ConditionMgr:805 - Attr not supported : Dmpu
2024-09-11 23:40:48,041 [ERROR] ConditionMgr:805 - Attr not supported : Dmpu
2024-09-11 23:40:48,041 [ERROR] ConditionMgr:805 - Attr not supported : Dmpu
2024-09-11 23:40:48,041 [ERROR] ConditionMgr:805 - Attr not supported : Dmpu
2024-09-11 23:40:48,041 [ERROR] ConditionMgr:805 - Attr not supported : Dmpu
2024-09-11 23:40:48,041 [ERROR] ConditionMgr:805 - Attr not supported : Dmpu
2024-09-11 23:40:48,041 [ERROR] ConditionMgr:805 - Attr not supported : Dmpu
2024-09-11 23:40:48,042 [ERROR] ConditionMgr:805 - Attr not supported : Dmpu
2024-09-11 23:40:48,042 [ERROR] ConditionMgr:805 - Attr not supported : Dmpu
2024-09-11 23:40:48,042 [ERROR] ConditionMgr:805 - Attr not supported : Dmpu
2024-09-11 23:40:48,042 [ERROR] ConditionMgr:805 - Attr not supported : Dmpu
2024-09-11 23:40:48,042 [ERROR] ConditionMgr:805 - Attr not supported : Dmpu
2024-09-11 23:40:48,042 [ERROR] ConditionMgr:805 - Attr not supported : Dmpu
2024-09-11 23:40:48,042 [ERROR] ConditionMgr:805 - Attr not supported : Dmpu
2024-09-11 23:40:48,042 [ERROR] ConditionMgr:805 - Attr not supported : Dmpu
2024-09-11 23:40:48,042 [ERROR] ConditionMgr:805 - Attr not supported : Dmpu
2024-09-11 23:40:48,043 [ERROR] ConditionMgr:805 - Attr not supported : Dmpu
2024-09-11 23:40:48,043 [ERROR] ConditionMgr:805 - Attr not supported : Dmpu
2024-09-11 23:40:48,043 [ERROR] ConditionMgr:805 - Attr not supported : Dmpu
2024-09-11 23:40:48,043 [ERROR] ConditionMgr:805 - Attr not supported : Dmpu
2024-09-11 23:40:48,043 [ERROR] ConditionMgr:805 - Attr not supported : Dmpu
2024-09-11 23:40:48,043 [ERROR] ConditionMgr:805 - Attr not supported : Dmpu
2024-09-11 23:40:48,043 [ERROR] ConditionMgr:805 - Attr not supported : Dmpu
2024-09-11 23:40:48,043 [ERROR] ConditionMgr:805 - Attr not supported : Dmpu
2024-09-11 23:40:48,043 [ERROR] ConditionMgr:805 - Attr not supported : Dmpu
2024-09-11 23:40:48,044 [ERROR] ConditionMgr:805 - Attr not supported : Dmpu
2024-09-11 23:40:48,044 [ERROR] ConditionMgr:805 - Attr not supported : Dmpu
2024-09-11 23:40:48,044 [ERROR] ConditionMgr:805 - Attr not supported : Dmpu
2024-09-11 23:40:48,044 [ERROR] ConditionMgr:805 - Attr not supported : Dmpu
2024-09-11 23:40:48,044 [ERROR] ConditionMgr:805 - Attr not supported : Dmpu
2024-09-11 23:40:48,090 [WARN] PackLoader:240 - Cannot read IP mode file for STMicroelectronics.X-CUBE-BLEMGR.3.0.0
2024-09-11 23:40:48,132 [WARN] PackLoader:240 - Cannot read IP mode file for RealThread.X-CUBE-RT-Thread_Nano.4.1.1
2024-09-11 23:40:48,158 [WARN] PackLoader:240 - Cannot read IP mode file for STMicroelectronics.FP-ATR-SIGFOX1.3.2.0
2024-09-11 23:40:48,185 [WARN] PackLoader:240 - Cannot read IP mode file for STMicroelectronics.X-CUBE-EEPRMA1.5.1.0
2024-09-11 23:40:48,258 [WARN] PackLoader:240 - Cannot read IP mode file for SEGGER.I-CUBE-embOS.1.3.1
2024-09-11 23:40:48,323 [WARN] PackLoader:240 - Cannot read IP mode file for STMicroelectronics.X-CUBE-ALGOBUILD.1.4.0
2024-09-11 23:40:48,344 [WARN] PackLoader:240 - Cannot read IP mode file for STMicroelectronics.X-CUBE-GNSS1.6.0.0
2024-09-11 23:40:48,386 [WARN] PackLoader:240 - Cannot read IP mode file for STMicroelectronics.X-CUBE-AZRTOS-F4.1.1.0
2024-09-11 23:40:48,412 [WARN] PackLoader:240 - Cannot read IP mode file for STMicroelectronics.X-CUBE-FREERTOS.1.2.0
2024-09-11 23:40:48,433 [WARN] PackLoader:240 - Cannot read IP mode file for wolfSSL.I-CUBE-wolfSSL.5.6.6
2024-09-11 23:40:48,475 [WARN] PackLoader:240 - Cannot read IP mode file for STMicroelectronics.X-CUBE-AZRTOS-L5.2.0.0
2024-09-11 23:40:48,502 [WARN] PackLoader:240 - Cannot read IP mode file for STMicroelectronics.X-CUBE-NFC6.3.1.0
2024-09-11 23:40:48,524 [WARN] PackLoader:240 - Cannot read IP mode file for ITTIA_DB.I-CUBE-ITTIADB.8.8.0
2024-09-11 23:40:48,551 [WARN] PackLoader:240 - Cannot read IP mode file for STMicroelectronics.X-CUBE-DPower.1.2.0
2024-09-11 23:40:48,571 [WARN] PackLoader:240 - Cannot read IP mode file for STMicroelectronics.X-CUBE-AI.9.0.0
2024-09-11 23:40:48,592 [WARN] PackLoader:240 - Cannot read IP mode file for STMicroelectronics.X-CUBE-NFC7.1.0.1
2024-09-11 23:40:48,617 [WARN] PackLoader:240 - Cannot read IP mode file for STMicroelectronics.X-CUBE-NFC6.3.0.0
2024-09-11 23:40:48,640 [WARN] PackLoader:240 - Cannot read IP mode file for STMicroelectronics.X-CUBE-AI.8.1.0
2024-09-11 23:40:48,691 [WARN] ConditionMgr:438 - getConditionDescription Invalid condition id : LAN8742 Phy interface Condition cause : null
2024-09-11 23:40:48,692 [WARN] PackLoader:240 - Cannot read IP mode file for STMicroelectronics.X-CUBE-AZRTOS-L4.2.0.0
2024-09-11 23:40:48,694 [WARN] ConditionMgr:1039 - genDependencies : Invalid condition id : LAN8742 Phy interface Condition cause : null
2024-09-11 23:40:48,694 [WARN] ConditionMgr:1039 - genDependencies : Invalid condition id : LAN8742 Phy interface Condition cause : null
2024-09-11 23:40:48,695 [WARN] ConditionMgr:1039 - genDependencies : Invalid condition id : LAN8742 Phy interface Condition cause : null
2024-09-11 23:40:48,723 [WARN] PackLoader:240 - Cannot read IP mode file for STMicroelectronics.X-CUBE-SFXS2LP1.4.0.0
2024-09-11 23:40:48,770 [WARN] PackLoader:240 - Cannot read IP mode file for STMicroelectronics.X-CUBE-AZRTOS-H7.3.3.0
2024-09-11 23:40:48,815 [WARN] ConditionMgr:438 - getConditionDescription Invalid condition id : UX DEVICE CLASS RTOS Condition cause : null
2024-09-11 23:40:48,815 [WARN] ConditionMgr:438 - getConditionDescription Invalid condition id : UX DEVICE CLASS RTOS Condition cause : null
2024-09-11 23:40:48,818 [WARN] PackLoader:240 - Cannot read IP mode file for STMicroelectronics.X-CUBE-AZRTOS-WB.2.0.0
2024-09-11 23:40:48,818 [WARN] ConditionMgr:1039 - genDependencies : Invalid condition id : UX DEVICE CLASS RTOS Condition cause : null
2024-09-11 23:40:48,818 [WARN] ConditionMgr:1039 - genDependencies : Invalid condition id : UX DEVICE CLASS RTOS Condition cause : null
2024-09-11 23:40:48,819 [WARN] ConditionMgr:1039 - genDependencies : Invalid condition id : UX DEVICE CLASS RTOS Condition cause : null
2024-09-11 23:40:48,819 [WARN] ConditionMgr:1039 - genDependencies : Invalid condition id : UX DEVICE CLASS RTOS Condition cause : null
2024-09-11 23:40:48,819 [WARN] ConditionMgr:1039 - genDependencies : Invalid condition id : UX DEVICE CLASS RTOS Condition cause : null
2024-09-11 23:40:48,843 [WARN] PackLoader:240 - Cannot read IP mode file for STMicroelectronics.FP-SNS-STBOX1.2.0.0
2024-09-11 23:40:48,880 [WARN] PackLoader:240 - Cannot read IP mode file for STMicroelectronics.X-CUBE-SUBG2.5.0.0
2024-09-11 23:40:48,927 [WARN] PackLoader:240 - Cannot read IP mode file for STMicroelectronics.X-CUBE-AZRTOS-G4.2.0.0
2024-09-11 23:40:48,963 [WARN] PackLoader:240 - Cannot read IP mode file for Infineon.AIROC-Wi-Fi-Bluetooth-STM32.1.5.1
2024-09-11 23:40:48,988 [WARN] PackLoader:240 - Cannot read IP mode file for STMicroelectronics.FP-SNS-MOTENVWB1.1.3.1
2024-09-11 23:40:49,012 [WARN] PackLoader:240 - Cannot read IP mode file for STMicroelectronics.X-CUBE-ISPU.2.0.0
2024-09-11 23:40:49,032 [WARN] PackLoader:240 - Cannot read IP mode file for STMicroelectronics.X-CUBE-ALS.1.0.2
2024-09-11 23:40:49,155 [WARN] PackLoader:240 - Cannot read IP mode file for STMicroelectronics.X-CUBE-MEMS1.10.0.0
2024-09-11 23:40:49,428 [WARN] PackLoader:240 - Cannot read IP mode file for STMicroelectronics.X-CUBE-FREERTOS.1.1.0
2024-09-11 23:40:49,459 [WARN] PackLoader:240 - Cannot read IP mode file for STMicroelectronics.X-CUBE-TOUCHGFX.4.24.0
2024-09-11 23:40:49,513 [WARN] PackLoader:240 - Cannot read IP mode file for wolfSSL.I-CUBE-wolfTPM.3.4.0
2024-09-11 23:40:49,542 [WARN] PackLoader:240 - Cannot read IP mode file for portGmbH.I-Cube-SoM-uGOAL.1.1.0
2024-09-11 23:40:49,565 [WARN] PackLoader:240 - Cannot read IP mode file for STMicroelectronics.X-CUBE-ALS.1.0.1
2024-09-11 23:40:49,654 [WARN] PackLoader:240 - Cannot read IP mode file for STMicroelectronics.X-CUBE-AZRTOS-H7RS.1.0.0
2024-09-11 23:40:49,684 [WARN] PackLoader:240 - Cannot read IP mode file for STMicroelectronics.FP-ATR-ASTRA1.2.0.0
2024-09-11 23:40:49,726 [WARN] PackLoader:240 - Cannot read IP mode file for STMicroelectronics.X-CUBE-TOF1.3.4.2
2024-09-11 23:40:49,784 [WARN] PackLoader:240 - Cannot read IP mode file for STMicroelectronics.X-CUBE-TOF1.3.4.0
2024-09-11 23:40:49,840 [WARN] PackLoader:240 - Cannot read IP mode file for STMicroelectronics.X-CUBE-TOF1.3.4.1
2024-09-11 23:40:49,886 [INFO] WebApp:161 - Instantiating new browser for Auth
2024-09-11 23:40:49,909 [WARN] PackLoader:240 - Cannot read IP mode file for STMicroelectronics.X-CUBE-AZRTOS-H7.3.2.0
2024-09-11 23:40:49,963 [WARN] PackLoader:240 - Cannot read IP mode file for wolfSSL.I-CUBE-wolfSSH.1.4.17
2024-09-11 23:40:49,964 [INFO] ThirdParty:978 - Integrity check success = true
2024-09-11 23:40:49,964 [INFO] IntegrityCheckThread:100 - exiting critical section [integrity check]
2024-09-11 23:40:49,964 [INFO] IntegrityCheckThread:103 - End integrity checks thread
2024-09-11 23:40:50,973 [INFO] WebApp:780 - Register for checkConnection events
2024-09-11 23:40:50,973 [INFO] WebApp:414 - Apply proxy settings
2024-09-11 23:40:50,974 [INFO] WebApp:499 - Chromium requires no authentication
2024-09-11 23:40:51,003 [INFO] WebApp:442 - Direct internet connection detected
2024-09-11 23:40:51,411 [INFO] WebApp:192 - Starting web application
2024-09-11 23:40:51,412 [INFO] WebApp:544 - Web application path used C:\ST\STM32CubeIDE_1.14.1\STM32CubeIDE\plugins\com.st.stm32cube.common.mx_6.10.0.202311202037\db\plugins\mcufinder\reactClient1\index.html
2024-09-11 23:41:13,400 [ERROR] LogOutputStream:75 - [STDERR_REDIRECT] SLF4J: Failed to load class "org.slf4j.impl.StaticLoggerBinder".
2024-09-11 23:41:13,403 [ERROR] LogOutputStream:75 - [STDERR_REDIRECT] SLF4J: Defaulting to no-operation (NOP) logger implementation
2024-09-11 23:41:13,404 [ERROR] LogOutputStream:75 - [STDERR_REDIRECT] SLF4J: See http://www.slf4j.org/codes.html#StaticLoggerBinder for further details.
